24-Apr-2025 14:28:51.553 WARNING [http-nio-8080-exec-163] org.apache.catalina.loader.WebappClassLoaderBase.clearReferencesJdbc The web application [ColabDemo] registered the JDBC driver [org.postgresql.Driver] but failed to unregister it when the web application was stopped. To prevent a memory leak, the JDBC Driver has been forcibly unregistered.
24-Apr-2025 14:28:52.594 WARNING [http-nio-8080-exec-161] org.apache.catalina.loader.WebappClassLoaderBase.clearReferencesJdbc The web application [ColabFarm] registered the JDBC driver [org.postgresql.Driver] but failed to unregister it when the web application was stopped. To prevent a memory leak, the JDBC Driver has been forcibly unregistered.
24-Apr-2025 14:29:04.908 INFO [http-nio-8080-exec-165] org.apache.catalina.startup.HostConfig.deployWAR Deploying web application archive [C:\Users\HP\Desktop\javaspring\apache-tomcat-9.0.104\webapps\CollabeFarm.war]
24-Apr-2025 14:29:06.895 INFO [http-nio-8080-exec-165] org.apache.jasper.servlet.TldScanner.scanJars At least one JAR was scanned for TLDs yet contained no TLDs. Enable debug logging for this logger for a complete list of JARs that were scanned but no TLDs were found in them. Skipping unneeded JARs during scanning can improve startup time and JSP compilation time.
24-Apr-2025 14:29:06.906 INFO [http-nio-8080-exec-165] org.springframework.web.context.ContextLoader.initWebApplicationContext Root WebApplicationContext: initialization started
24-Apr-2025 14:29:07.537 INFO [http-nio-8080-exec-165] org.hibernate.Version.logVersion HHH000412: Hibernate ORM core version 5.6.15.Final
24-Apr-2025 14:29:07.826 INFO [http-nio-8080-exec-165] org.hibernate.annotations.common.reflection.java.JavaReflectionManager.<clinit> HCANN000001: Hibernate Commons Annotations {5.1.2.Final}
24-Apr-2025 14:29:08.142 INFO [http-nio-8080-exec-165] org.hibernate.dialect.Dialect.<init> HHH000400: Using dialect: org.hibernate.dialect.PostgreSQLDialect
24-Apr-2025 14:29:08.976 INFO [http-nio-8080-exec-165] org.hibernate.engine.transaction.jta.platform.internal.JtaPlatformInitiator.initiateService HHH000490: Using JtaPlatform implementation: [org.hibernate.engine.transaction.jta.platform.internal.NoJtaPlatform]
24-Apr-2025 14:29:09.069 INFO [http-nio-8080-exec-165] org.springframework.web.context.ContextLoader.initWebApplicationContext Root WebApplicationContext initialized in 2162 ms
24-Apr-2025 14:29:09.091 INFO [http-nio-8080-exec-165] org.springframework.web.servlet.FrameworkServlet.initServletBean Initializing Servlet 'dispatcher'
24-Apr-2025 14:29:09.768 INFO [http-nio-8080-exec-165] org.springframework.web.servlet.FrameworkServlet.initServletBean Completed initialization in 677 ms
24-Apr-2025 14:29:09.770 INFO [http-nio-8080-exec-165] org.apache.catalina.startup.HostConfig.deployWAR Deployment of web application archive [C:\Users\HP\Desktop\javaspring\apache-tomcat-9.0.104\webapps\CollabeFarm.war] has finished in [4,863] ms
24-Apr-2025 15:36:52.989 WARNING [http-nio-8080-exec-172] org.apache.catalina.loader.WebappClassLoaderBase.clearReferencesJdbc The web application [CollabeFarm] registered the JDBC driver [org.postgresql.Driver] but failed to unregister it when the web application was stopped. To prevent a memory leak, the JDBC Driver has been forcibly unregistered.
24-Apr-2025 15:36:54.136 INFO [http-nio-8080-exec-171] org.apache.catalina.util.LifecycleBase.stop The stop() method was called on component [StandardEngine[Catalina].StandardHost[localhost].StandardContext[/CollabeFarm]] after stop() had already been called. The second call will be ignored.
24-Apr-2025 15:36:54.162 INFO [http-nio-8080-exec-171] org.apache.catalina.startup.HostConfig.undeploy Undeploying context [/CollabeFarm]
24-Apr-2025 15:37:03.498 INFO [http-nio-8080-exec-175] org.apache.catalina.startup.HostConfig.deployWAR Deploying web application archive [C:\Users\HP\Desktop\javaspring\apache-tomcat-9.0.104\webapps\CollabeFarm.war]
24-Apr-2025 15:37:05.731 INFO [http-nio-8080-exec-175] org.apache.jasper.servlet.TldScanner.scanJars At least one JAR was scanned for TLDs yet contained no TLDs. Enable debug logging for this logger for a complete list of JARs that were scanned but no TLDs were found in them. Skipping unneeded JARs during scanning can improve startup time and JSP compilation time.
24-Apr-2025 15:37:05.741 INFO [http-nio-8080-exec-175] org.springframework.web.context.ContextLoader.initWebApplicationContext Root WebApplicationContext: initialization started
24-Apr-2025 15:37:06.443 INFO [http-nio-8080-exec-175] org.hibernate.Version.logVersion HHH000412: Hibernate ORM core version 5.6.15.Final
24-Apr-2025 15:37:06.739 INFO [http-nio-8080-exec-175] org.hibernate.annotations.common.reflection.java.JavaReflectionManager.<clinit> HCANN000001: Hibernate Commons Annotations {5.1.2.Final}
24-Apr-2025 15:37:07.082 INFO [http-nio-8080-exec-175] org.hibernate.dialect.Dialect.<init> HHH000400: Using dialect: org.hibernate.dialect.PostgreSQLDialect
24-Apr-2025 15:37:07.924 INFO [http-nio-8080-exec-175] org.hibernate.engine.transaction.jta.platform.internal.JtaPlatformInitiator.initiateService HHH000490: Using JtaPlatform implementation: [org.hibernate.engine.transaction.jta.platform.internal.NoJtaPlatform]
24-Apr-2025 15:37:08.007 INFO [http-nio-8080-exec-175] org.springframework.web.context.ContextLoader.initWebApplicationContext Root WebApplicationContext initialized in 2266 ms
24-Apr-2025 15:37:08.026 INFO [http-nio-8080-exec-175] org.springframework.web.servlet.FrameworkServlet.initServletBean Initializing Servlet 'dispatcher'
24-Apr-2025 15:37:08.624 INFO [http-nio-8080-exec-175] org.springframework.web.servlet.FrameworkServlet.initServletBean Completed initialization in 598 ms
24-Apr-2025 15:37:08.627 INFO [http-nio-8080-exec-175] org.apache.catalina.startup.HostConfig.deployWAR Deployment of web application archive [C:\Users\HP\Desktop\javaspring\apache-tomcat-9.0.104\webapps\CollabeFarm.war] has finished in [5,130] ms
24-Apr-2025 18:31:44.776 INFO [Thread-1] org.apache.coyote.AbstractProtocol.pause Pausing ProtocolHandler ["http-nio-8080"]
24-Apr-2025 18:31:44.850 INFO [Thread-1] org.apache.catalina.core.StandardService.stopInternal Stopping service [Catalina]
24-Apr-2025 18:31:45.139 WARNING [Thread-1] org.apache.catalina.loader.WebappClassLoaderBase.clearReferencesJdbc The web application [CollabeFarm] registered the JDBC driver [org.postgresql.Driver] but failed to unregister it when the web application was stopped. To prevent a memory leak, the JDBC Driver has been forcibly unregistered.
24-Apr-2025 18:31:45.163 INFO [Thread-1] org.apache.coyote.AbstractProtocol.stop Stopping ProtocolHandler ["http-nio-8080"]
24-Apr-2025 18:31:45.208 INFO [Thread-1] org.apache.coyote.AbstractProtocol.destroy Destroying ProtocolHandler ["http-nio-8080"]
24-Apr-2025 23:50:05.537 INFO [main] org.apache.catalina.startup.VersionLoggerListener.log Server version name:   Apache Tomcat/9.0.104
24-Apr-2025 23:50:05.543 INFO [main] org.apache.catalina.startup.VersionLoggerListener.log Server built:          Apr 4 2025 12:32:55 UTC
24-Apr-2025 23:50:05.543 INFO [main] org.apache.catalina.startup.VersionLoggerListener.log Server version number: 9.0.104.0
24-Apr-2025 23:50:05.543 INFO [main] org.apache.catalina.startup.VersionLoggerListener.log OS Name:               Windows 11
24-Apr-2025 23:50:05.543 INFO [main] org.apache.catalina.startup.VersionLoggerListener.log OS Version:            10.0
24-Apr-2025 23:50:05.543 INFO [main] org.apache.catalina.startup.VersionLoggerListener.log Architecture:          amd64
24-Apr-2025 23:50:05.543 INFO [main] org.apache.catalina.startup.VersionLoggerListener.log Java Home:             C:\Program Files\Java\jdk-23
24-Apr-2025 23:50:05.543 INFO [main] org.apache.catalina.startup.VersionLoggerListener.log JVM Version:           23.0.1+11-39
24-Apr-2025 23:50:05.543 INFO [main] org.apache.catalina.startup.VersionLoggerListener.log JVM Vendor:            Oracle Corporation
24-Apr-2025 23:50:05.543 INFO [main] org.apache.catalina.startup.VersionLoggerListener.log CATALINA_BASE:         C:\Users\HP\Desktop\javaspring\apache-tomcat-9.0.104
24-Apr-2025 23:50:05.543 INFO [main] org.apache.catalina.startup.VersionLoggerListener.log CATALINA_HOME:         C:\Users\HP\Desktop\javaspring\apache-tomcat-9.0.104
24-Apr-2025 23:50:05.563 INFO [main] org.apache.catalina.startup.VersionLoggerListener.log Command line argument: --add-opens=java.base/java.lang=ALL-UNNAMED
24-Apr-2025 23:50:05.565 INFO [main] org.apache.catalina.startup.VersionLoggerListener.log Command line argument: --add-opens=java.base/java.lang.invoke=ALL-UNNAMED
24-Apr-2025 23:50:05.565 INFO [main] org.apache.catalina.startup.VersionLoggerListener.log Command line argument: --add-opens=java.base/java.lang.reflect=ALL-UNNAMED
24-Apr-2025 23:50:05.565 INFO [main] org.apache.catalina.startup.VersionLoggerListener.log Command line argument: --add-opens=java.base/java.io=ALL-UNNAMED
24-Apr-2025 23:50:05.565 INFO [main] org.apache.catalina.startup.VersionLoggerListener.log Command line argument: --add-opens=java.base/java.util=ALL-UNNAMED
24-Apr-2025 23:50:05.565 INFO [main] org.apache.catalina.startup.VersionLoggerListener.log Command line argument: --add-opens=java.base/java.util.concurrent=ALL-UNNAMED
24-Apr-2025 23:50:05.565 INFO [main] org.apache.catalina.startup.VersionLoggerListener.log Command line argument: --add-opens=java.rmi/sun.rmi.transport=ALL-UNNAMED
24-Apr-2025 23:50:05.567 INFO [main] org.apache.catalina.startup.VersionLoggerListener.log Command line argument: -Djava.util.logging.config.file=C:\Users\HP\Desktop\javaspring\apache-tomcat-9.0.104\conf\logging.properties
24-Apr-2025 23:50:05.567 INFO [main] org.apache.catalina.startup.VersionLoggerListener.log Command line argument: -Djava.util.logging.manager=org.apache.juli.ClassLoaderLogManager
24-Apr-2025 23:50:05.567 INFO [main] org.apache.catalina.startup.VersionLoggerListener.log Command line argument: -Djdk.tls.ephemeralDHKeySize=2048
24-Apr-2025 23:50:05.567 INFO [main] org.apache.catalina.startup.VersionLoggerListener.log Command line argument: -Djava.protocol.handler.pkgs=org.apache.catalina.webresources
24-Apr-2025 23:50:05.568 INFO [main] org.apache.catalina.startup.VersionLoggerListener.log Command line argument: -Dsun.io.useCanonCaches=false
24-Apr-2025 23:50:05.568 INFO [main] org.apache.catalina.startup.VersionLoggerListener.log Command line argument: -Dignore.endorsed.dirs=
24-Apr-2025 23:50:05.568 INFO [main] org.apache.catalina.startup.VersionLoggerListener.log Command line argument: -Dcatalina.base=C:\Users\HP\Desktop\javaspring\apache-tomcat-9.0.104
24-Apr-2025 23:50:05.568 INFO [main] org.apache.catalina.startup.VersionLoggerListener.log Command line argument: -Dcatalina.home=C:\Users\HP\Desktop\javaspring\apache-tomcat-9.0.104
24-Apr-2025 23:50:05.569 INFO [main] org.apache.catalina.startup.VersionLoggerListener.log Command line argument: -Djava.io.tmpdir=C:\Users\HP\Desktop\javaspring\apache-tomcat-9.0.104\temp
24-Apr-2025 23:50:05.576 INFO [main] org.apache.catalina.core.AprLifecycleListener.lifecycleEvent Loaded Apache Tomcat Native library [1.3.1] using APR version [1.7.4].
24-Apr-2025 23:50:05.576 INFO [main] org.apache.catalina.core.AprLifecycleListener.lifecycleEvent APR capabilities: IPv6 [true], sendfile [true], accept filters [false], random [true], UDS [true].
24-Apr-2025 23:50:05.576 INFO [main] org.apache.catalina.core.AprLifecycleListener.lifecycleEvent APR/OpenSSL configuration: useAprConnector [false], useOpenSSL [true]
24-Apr-2025 23:50:05.594 INFO [main] org.apache.catalina.core.AprLifecycleListener.initializeSSL OpenSSL successfully initialized [OpenSSL 3.0.14 4 Jun 2024]
24-Apr-2025 23:50:06.110 INFO [main] org.apache.coyote.AbstractProtocol.init Initializing ProtocolHandler ["http-nio-8080"]
24-Apr-2025 23:50:06.145 INFO [main] org.apache.catalina.startup.Catalina.load Server initialization in [929] milliseconds
24-Apr-2025 23:50:06.211 INFO [main] org.apache.catalina.core.StandardService.startInternal Starting service [Catalina]
24-Apr-2025 23:50:06.211 INFO [main] org.apache.catalina.core.StandardEngine.startInternal Starting Servlet engine: [Apache Tomcat/9.0.104]
24-Apr-2025 23:50:06.225 INFO [main] org.apache.catalina.startup.HostConfig.deployWAR Deploying web application archive [C:\Users\HP\Desktop\javaspring\apache-tomcat-9.0.104\webapps\ColabDemo.war]
24-Apr-2025 23:50:09.095 INFO [main] org.apache.jasper.servlet.TldScanner.scanJars At least one JAR was scanned for TLDs yet contained no TLDs. Enable debug logging for this logger for a complete list of JARs that were scanned but no TLDs were found in them. Skipping unneeded JARs during scanning can improve startup time and JSP compilation time.
24-Apr-2025 23:50:09.471 INFO [main] org.springframework.web.servlet.FrameworkServlet.initServletBean Initializing Servlet 'dispatcher'
24-Apr-2025 23:50:10.689 INFO [main] org.hibernate.Version.logVersion HHH000412: Hibernate ORM core version 5.6.15.Final
24-Apr-2025 23:50:11.384 INFO [main] org.hibernate.annotations.common.reflection.java.JavaReflectionManager.<clinit> HCANN000001: Hibernate Commons Annotations {5.1.2.Final}
24-Apr-2025 23:50:12.204 INFO [main] org.hibernate.dialect.Dialect.<init> HHH000400: Using dialect: org.hibernate.dialect.PostgreSQLDialect
24-Apr-2025 23:50:13.019 INFO [main] org.hibernate.validator.internal.util.Version.<clinit> HV000001: Hibernate Validator 6.1.7.Final
24-Apr-2025 23:50:14.430 INFO [main] org.hibernate.engine.transaction.jta.platform.internal.JtaPlatformInitiator.initiateService HHH000490: Using JtaPlatform implementation: [org.hibernate.engine.transaction.jta.platform.internal.NoJtaPlatform]
24-Apr-2025 23:50:15.241 INFO [main] org.springframework.web.servlet.FrameworkServlet.initServletBean Completed initialization in 5770 ms
24-Apr-2025 23:50:15.253 INFO [main] org.apache.catalina.startup.HostConfig.deployWAR Deployment of web application archive [C:\Users\HP\Desktop\javaspring\apache-tomcat-9.0.104\webapps\ColabDemo.war] has finished in [9,028] ms
24-Apr-2025 23:50:15.253 INFO [main] org.apache.catalina.startup.HostConfig.deployWAR Deploying web application archive [C:\Users\HP\Desktop\javaspring\apache-tomcat-9.0.104\webapps\ColabFarm.war]
24-Apr-2025 23:50:16.962 INFO [main] org.apache.jasper.servlet.TldScanner.scanJars At least one JAR was scanned for TLDs yet contained no TLDs. Enable debug logging for this logger for a complete list of JARs that were scanned but no TLDs were found in them. Skipping unneeded JARs during scanning can improve startup time and JSP compilation time.
24-Apr-2025 23:50:17.124 INFO [main] org.springframework.web.servlet.FrameworkServlet.initServletBean Initializing Servlet 'dispatcher'
24-Apr-2025 23:50:17.920 INFO [main] org.hibernate.Version.logVersion HHH000412: Hibernate ORM core version 5.6.15.Final
24-Apr-2025 23:50:18.284 INFO [main] org.hibernate.annotations.common.reflection.java.JavaReflectionManager.<clinit> HCANN000001: Hibernate Commons Annotations {5.1.2.Final}
24-Apr-2025 23:50:18.679 INFO [main] org.hibernate.dialect.Dialect.<init> HHH000400: Using dialect: org.hibernate.dialect.PostgreSQLDialect
24-Apr-2025 23:50:19.178 INFO [main] org.hibernate.validator.internal.util.Version.<clinit> HV000001: Hibernate Validator 6.1.7.Final
24-Apr-2025 23:50:20.208 WARN [main] org.hibernate.tool.schema.internal.ExceptionHandlerLoggedImpl.handleException GenerationTarget encountered exception accepting command : Error executing DDL "alter table government_scheme_application add column applicationId int8 not null" via JDBC Statement
	org.hibernate.tool.schema.spi.CommandAcceptanceException: Error executing DDL "alter table government_scheme_application add column applicationId int8 not null" via JDBC Statement
		at org.hibernate.tool.schema.internal.exec.GenerationTargetToDatabase.accept(GenerationTargetToDatabase.java:67)
		at org.hibernate.tool.schema.internal.AbstractSchemaMigrator.applySqlString(AbstractSchemaMigrator.java:581)
		at org.hibernate.tool.schema.internal.AbstractSchemaMigrator.applySqlStrings(AbstractSchemaMigrator.java:602)
		at org.hibernate.tool.schema.internal.AbstractSchemaMigrator.migrateTable(AbstractSchemaMigrator.java:314)
		at org.hibernate.tool.schema.internal.GroupedSchemaMigratorImpl.performTablesMigration(GroupedSchemaMigratorImpl.java:78)
		at org.hibernate.tool.schema.internal.AbstractSchemaMigrator.performMigration(AbstractSchemaMigrator.java:220)
		at org.hibernate.tool.schema.internal.AbstractSchemaMigrator.doMigration(AbstractSchemaMigrator.java:123)
		at org.hibernate.tool.schema.spi.SchemaManagementToolCoordinator.performDatabaseAction(SchemaManagementToolCoordinator.java:196)
		at org.hibernate.tool.schema.spi.SchemaManagementToolCoordinator.process(SchemaManagementToolCoordinator.java:85)
		at org.hibernate.internal.SessionFactoryImpl.<init>(SessionFactoryImpl.java:335)
		at org.hibernate.boot.internal.SessionFactoryBuilderImpl.build(SessionFactoryBuilderImpl.java:471)
		at org.hibernate.cfg.Configuration.buildSessionFactory(Configuration.java:728)
		at org.hibernate.cfg.Configuration.buildSessionFactory(Configuration.java:746)
		at org.springframework.orm.hibernate5.LocalSessionFactoryBean.buildSessionFactory(LocalSessionFactoryBean.java:616)
		at org.springframework.orm.hibernate5.LocalSessionFactoryBean.afterPropertiesSet(LocalSessionFactoryBean.java:600)
		at org.springframework.beans.factory.support.AbstractAutowireCapableBeanFactory.invokeInitMethods(AbstractAutowireCapableBeanFactory.java:1863)
		at org.springframework.beans.factory.support.AbstractAutowireCapableBeanFactory.initializeBean(AbstractAutowireCapableBeanFactory.java:1800)
		at org.springframework.beans.factory.support.AbstractAutowireCapableBeanFactory.doCreateBean(AbstractAutowireCapableBeanFactory.java:620)
		at org.springframework.beans.factory.support.AbstractAutowireCapableBeanFactory.createBean(AbstractAutowireCapableBeanFactory.java:542)
		at org.springframework.beans.factory.support.AbstractBeanFactory.lambda$doGetBean$0(AbstractBeanFactory.java:335)
		at org.springframework.beans.factory.support.DefaultSingletonBeanRegistry.getSingleton(DefaultSingletonBeanRegistry.java:234)
		at org.springframework.beans.factory.support.AbstractBeanFactory.doGetBean(AbstractBeanFactory.java:333)
		at org.springframework.beans.factory.support.AbstractBeanFactory.getBean(AbstractBeanFactory.java:208)
		at org.springframework.beans.factory.config.DependencyDescriptor.resolveCandidate(DependencyDescriptor.java:276)
		at org.springframework.beans.factory.support.DefaultListableBeanFactory.doResolveDependency(DefaultListableBeanFactory.java:1391)
		at org.springframework.beans.factory.support.DefaultListableBeanFactory.resolveDependency(DefaultListableBeanFactory.java:1311)
		at org.springframework.beans.factory.annotation.AutowiredAnnotationBeanPostProcessor$AutowiredFieldElement.resolveFieldValue(AutowiredAnnotationBeanPostProcessor.java:710)
		at org.springframework.beans.factory.annotation.AutowiredAnnotationBeanPostProcessor$AutowiredFieldElement.inject(AutowiredAnnotationBeanPostProcessor.java:693)
		at org.springframework.beans.factory.annotation.InjectionMetadata.inject(InjectionMetadata.java:119)
		at org.springframework.beans.factory.annotation.AutowiredAnnotationBeanPostProcessor.postProcessProperties(AutowiredAnnotationBeanPostProcessor.java:408)
		at org.springframework.beans.factory.support.AbstractAutowireCapableBeanFactory.populateBean(AbstractAutowireCapableBeanFactory.java:1431)
		at org.springframework.beans.factory.support.AbstractAutowireCapableBeanFactory.doCreateBean(AbstractAutowireCapableBeanFactory.java:619)
		at org.springframework.beans.factory.support.AbstractAutowireCapableBeanFactory.createBean(AbstractAutowireCapableBeanFactory.java:542)
		at org.springframework.beans.factory.support.AbstractBeanFactory.lambda$doGetBean$0(AbstractBeanFactory.java:335)
		at org.springframework.beans.factory.support.DefaultSingletonBeanRegistry.getSingleton(DefaultSingletonBeanRegistry.java:234)
		at org.springframework.beans.factory.support.AbstractBeanFactory.doGetBean(AbstractBeanFactory.java:333)
		at org.springframework.beans.factory.support.AbstractBeanFactory.getBean(AbstractBeanFactory.java:208)
		at org.springframework.beans.factory.config.DependencyDescriptor.resolveCandidate(DependencyDescriptor.java:276)
		at org.springframework.beans.factory.support.DefaultListableBeanFactory.doResolveDependency(DefaultListableBeanFactory.java:1391)
		at org.springframework.beans.factory.support.DefaultListableBeanFactory.resolveDependency(DefaultListableBeanFactory.java:1311)
		at org.springframework.beans.factory.annotation.AutowiredAnnotationBeanPostProcessor$AutowiredFieldElement.resolveFieldValue(AutowiredAnnotationBeanPostProcessor.java:710)
		at org.springframework.beans.factory.annotation.AutowiredAnnotationBeanPostProcessor$AutowiredFieldElement.inject(AutowiredAnnotationBeanPostProcessor.java:693)
		at org.springframework.beans.factory.annotation.InjectionMetadata.inject(InjectionMetadata.java:119)
		at org.springframework.beans.factory.annotation.AutowiredAnnotationBeanPostProcessor.postProcessProperties(AutowiredAnnotationBeanPostProcessor.java:408)
		at org.springframework.beans.factory.support.AbstractAutowireCapableBeanFactory.populateBean(AbstractAutowireCapableBeanFactory.java:1431)
		at org.springframework.beans.factory.support.AbstractAutowireCapableBeanFactory.doCreateBean(AbstractAutowireCapableBeanFactory.java:619)
		at org.springframework.beans.factory.support.AbstractAutowireCapableBeanFactory.createBean(AbstractAutowireCapableBeanFactory.java:542)
		at org.springframework.beans.factory.support.AbstractBeanFactory.lambda$doGetBean$0(AbstractBeanFactory.java:335)
		at org.springframework.beans.factory.support.DefaultSingletonBeanRegistry.getSingleton(DefaultSingletonBeanRegistry.java:234)
		at org.springframework.beans.factory.support.AbstractBeanFactory.doGetBean(AbstractBeanFactory.java:333)
		at org.springframework.beans.factory.support.AbstractBeanFactory.getBean(AbstractBeanFactory.java:208)
		at org.springframework.beans.factory.config.DependencyDescriptor.resolveCandidate(DependencyDescriptor.java:276)
		at org.springframework.beans.factory.support.DefaultListableBeanFactory.doResolveDependency(DefaultListableBeanFactory.java:1391)
		at org.springframework.beans.factory.support.DefaultListableBeanFactory.resolveDependency(DefaultListableBeanFactory.java:1311)
		at org.springframework.beans.factory.annotation.AutowiredAnnotationBeanPostProcessor$AutowiredFieldElement.resolveFieldValue(AutowiredAnnotationBeanPostProcessor.java:710)
		at org.springframework.beans.factory.annotation.AutowiredAnnotationBeanPostProcessor$AutowiredFieldElement.inject(AutowiredAnnotationBeanPostProcessor.java:693)
		at org.springframework.beans.factory.annotation.InjectionMetadata.inject(InjectionMetadata.java:119)
		at org.springframework.beans.factory.annotation.AutowiredAnnotationBeanPostProcessor.postProcessProperties(AutowiredAnnotationBeanPostProcessor.java:408)
		at org.springframework.beans.factory.support.AbstractAutowireCapableBeanFactory.populateBean(AbstractAutowireCapableBeanFactory.java:1431)
		at org.springframework.beans.factory.support.AbstractAutowireCapableBeanFactory.doCreateBean(AbstractAutowireCapableBeanFactory.java:619)
		at org.springframework.beans.factory.support.AbstractAutowireCapableBeanFactory.createBean(AbstractAutowireCapableBeanFactory.java:542)
		at org.springframework.beans.factory.support.AbstractBeanFactory.lambda$doGetBean$0(AbstractBeanFactory.java:335)
		at org.springframework.beans.factory.support.DefaultSingletonBeanRegistry.getSingleton(DefaultSingletonBeanRegistry.java:234)
		at org.springframework.beans.factory.support.AbstractBeanFactory.doGetBean(AbstractBeanFactory.java:333)
		at org.springframework.beans.factory.support.AbstractBeanFactory.getBean(AbstractBeanFactory.java:208)
		at org.springframework.beans.factory.support.DefaultListableBeanFactory.preInstantiateSingletons(DefaultListableBeanFactory.java:955)
		at org.springframework.context.support.AbstractApplicationContext.finishBeanFactoryInitialization(AbstractApplicationContext.java:921)
		at org.springframework.context.support.AbstractApplicationContext.refresh(AbstractApplicationContext.java:583)
		at org.springframework.web.servlet.FrameworkServlet.configureAndRefreshWebApplicationContext(FrameworkServlet.java:702)
		at org.springframework.web.servlet.FrameworkServlet.createWebApplicationContext(FrameworkServlet.java:668)
		at org.springframework.web.servlet.FrameworkServlet.createWebApplicationContext(FrameworkServlet.java:716)
		at org.springframework.web.servlet.FrameworkServlet.initWebApplicationContext(FrameworkServlet.java:591)
		at org.springframework.web.servlet.FrameworkServlet.initServletBean(FrameworkServlet.java:530)
		at org.springframework.web.servlet.HttpServletBean.init(HttpServletBean.java:170)
		at javax.servlet.GenericServlet.init(GenericServlet.java:143)
		at org.apache.catalina.core.StandardWrapper.initServlet(StandardWrapper.java:989)
		at org.apache.catalina.core.StandardWrapper.loadServlet(StandardWrapper.java:946)
		at org.apache.catalina.core.StandardWrapper.load(StandardWrapper.java:843)
		at org.apache.catalina.core.StandardContext.loadOnStartup(StandardContext.java:4234)
		at org.apache.catalina.core.StandardContext.startInternal(StandardContext.java:4535)
		at org.apache.catalina.util.LifecycleBase.start(LifecycleBase.java:164)
		at org.apache.catalina.core.ContainerBase.addChildInternal(ContainerBase.java:599)
		at org.apache.catalina.core.ContainerBase.addChild(ContainerBase.java:571)
		at org.apache.catalina.core.StandardHost.addChild(StandardHost.java:603)
		at org.apache.catalina.startup.HostConfig.deployWAR(HostConfig.java:1012)
		at org.apache.catalina.startup.HostConfig$DeployWar.run(HostConfig.java:1860)
		at java.base/java.util.concurrent.Executors$RunnableAdapter.call(Executors.java:572)
		at java.base/java.util.concurrent.FutureTask.run(FutureTask.java:317)
		at org.apache.tomcat.util.threads.InlineExecutorService.execute(InlineExecutorService.java:76)
		at java.base/java.util.concurrent.AbstractExecutorService.submit(AbstractExecutorService.java:124)
		at org.apache.catalina.startup.HostConfig.deployWARs(HostConfig.java:817)
		at org.apache.catalina.startup.HostConfig.deployApps(HostConfig.java:468)
		at org.apache.catalina.startup.HostConfig.start(HostConfig.java:1578)
		at org.apache.catalina.startup.HostConfig.lifecycleEvent(HostConfig.java:312)
		at org.apache.catalina.util.LifecycleBase.fireLifecycleEvent(LifecycleBase.java:109)
		at org.apache.catalina.util.LifecycleBase.setStateInternal(LifecycleBase.java:389)
		at org.apache.catalina.util.LifecycleBase.setState(LifecycleBase.java:336)
		at org.apache.catalina.core.ContainerBase.startInternal(ContainerBase.java:776)
		at org.apache.catalina.core.StandardHost.startInternal(StandardHost.java:721)
		at org.apache.catalina.util.LifecycleBase.start(LifecycleBase.java:164)
		at org.apache.catalina.core.ContainerBase$StartChild.call(ContainerBase.java:1203)
		at org.apache.catalina.core.ContainerBase$StartChild.call(ContainerBase.java:1193)
		at java.base/java.util.concurrent.FutureTask.run(FutureTask.java:317)
		at org.apache.tomcat.util.threads.InlineExecutorService.execute(InlineExecutorService.java:76)
		at java.base/java.util.concurrent.AbstractExecutorService.submit(AbstractExecutorService.java:148)
		at org.apache.catalina.core.ContainerBase.startInternal(ContainerBase.java:749)
		at org.apache.catalina.core.StandardEngine.startInternal(StandardEngine.java:211)
		at org.apache.catalina.util.LifecycleBase.start(LifecycleBase.java:164)
		at org.apache.catalina.core.StandardService.startInternal(StandardService.java:412)
		at org.apache.catalina.util.LifecycleBase.start(LifecycleBase.java:164)
		at org.apache.catalina.core.StandardServer.startInternal(StandardServer.java:874)
		at org.apache.catalina.util.LifecycleBase.start(LifecycleBase.java:164)
		at org.apache.catalina.startup.Catalina.start(Catalina.java:739)
		at java.base/jdk.internal.reflect.DirectMethodHandleAccessor.invoke(DirectMethodHandleAccessor.java:103)
		at java.base/java.lang.reflect.Method.invoke(Method.java:580)
		at org.apache.catalina.startup.Bootstrap.start(Bootstrap.java:345)
		at org.apache.catalina.startup.Bootstrap.main(Bootstrap.java:476)
	Caused by: org.postgresql.util.PSQLException: ERROR: column "applicationid" of relation "government_scheme_application" contains null values
		at org.postgresql.core.v3.QueryExecutorImpl.receiveErrorResponse(QueryExecutorImpl.java:2725)
		at org.postgresql.core.v3.QueryExecutorImpl.processResults(QueryExecutorImpl.java:2412)
		at org.postgresql.core.v3.QueryExecutorImpl.execute(QueryExecutorImpl.java:371)
		at org.postgresql.jdbc.PgStatement.executeInternal(PgStatement.java:502)
		at org.postgresql.jdbc.PgStatement.execute(PgStatement.java:419)
		at org.postgresql.jdbc.PgStatement.executeWithFlags(PgStatement.java:341)
		at org.postgresql.jdbc.PgStatement.executeCachedSql(PgStatement.java:326)
		at org.postgresql.jdbc.PgStatement.executeWithFlags(PgStatement.java:302)
		at org.postgresql.jdbc.PgStatement.execute(PgStatement.java:297)
		at org.hibernate.tool.schema.internal.exec.GenerationTargetToDatabase.accept(GenerationTargetToDatabase.java:54)
		... 116 more
24-Apr-2025 23:50:20.266 INFO [main] org.hibernate.engine.transaction.jta.platform.internal.JtaPlatformInitiator.initiateService HHH000490: Using JtaPlatform implementation: [org.hibernate.engine.transaction.jta.platform.internal.NoJtaPlatform]
24-Apr-2025 23:50:20.984 INFO [main] org.springframework.web.servlet.FrameworkServlet.initServletBean Completed initialization in 3860 ms
24-Apr-2025 23:50:20.991 INFO [main] org.apache.catalina.startup.HostConfig.deployWAR Deployment of web application archive [C:\Users\HP\Desktop\javaspring\apache-tomcat-9.0.104\webapps\ColabFarm.war] has finished in [5,738] ms
24-Apr-2025 23:50:20.994 INFO [main] org.apache.catalina.startup.HostConfig.deployWAR Deploying web application archive [C:\Users\HP\Desktop\javaspring\apache-tomcat-9.0.104\webapps\CollabeFarm.war]
24-Apr-2025 23:50:22.880 INFO [main] org.apache.jasper.servlet.TldScanner.scanJars At least one JAR was scanned for TLDs yet contained no TLDs. Enable debug logging for this logger for a complete list of JARs that were scanned but no TLDs were found in them. Skipping unneeded JARs during scanning can improve startup time and JSP compilation time.
24-Apr-2025 23:50:22.896 INFO [main] org.springframework.web.context.ContextLoader.initWebApplicationContext Root WebApplicationContext: initialization started
24-Apr-2025 23:50:23.654 INFO [main] org.hibernate.Version.logVersion HHH000412: Hibernate ORM core version 5.6.15.Final
24-Apr-2025 23:50:24.016 INFO [main] org.hibernate.annotations.common.reflection.java.JavaReflectionManager.<clinit> HCANN000001: Hibernate Commons Annotations {5.1.2.Final}
24-Apr-2025 23:50:24.427 INFO [main] org.hibernate.dialect.Dialect.<init> HHH000400: Using dialect: org.hibernate.dialect.PostgreSQLDialect
24-Apr-2025 23:50:25.630 INFO [main] org.hibernate.engine.transaction.jta.platform.internal.JtaPlatformInitiator.initiateService HHH000490: Using JtaPlatform implementation: [org.hibernate.engine.transaction.jta.platform.internal.NoJtaPlatform]
24-Apr-2025 23:50:25.752 INFO [main] org.springframework.web.context.ContextLoader.initWebApplicationContext Root WebApplicationContext initialized in 2856 ms
24-Apr-2025 23:50:25.782 INFO [main] org.springframework.web.servlet.FrameworkServlet.initServletBean Initializing Servlet 'dispatcher'
24-Apr-2025 23:50:26.625 INFO [main] org.springframework.web.servlet.FrameworkServlet.initServletBean Completed initialization in 843 ms
24-Apr-2025 23:50:26.634 INFO [main] org.apache.catalina.startup.HostConfig.deployWAR Deployment of web application archive [C:\Users\HP\Desktop\javaspring\apache-tomcat-9.0.104\webapps\CollabeFarm.war] has finished in [5,640] ms
24-Apr-2025 23:50:26.634 INFO [main] org.apache.catalina.startup.HostConfig.deployDirectory Deploying web application directory [C:\Users\HP\Desktop\javaspring\apache-tomcat-9.0.104\webapps\docs]
24-Apr-2025 23:50:26.671 INFO [main] org.apache.catalina.startup.HostConfig.deployDirectory Deployment of web application directory [C:\Users\HP\Desktop\javaspring\apache-tomcat-9.0.104\webapps\docs] has finished in [37] ms
24-Apr-2025 23:50:26.671 INFO [main] org.apache.catalina.startup.HostConfig.deployDirectory Deploying web application directory [C:\Users\HP\Desktop\javaspring\apache-tomcat-9.0.104\webapps\examples]
24-Apr-2025 23:50:27.042 INFO [main] org.apache.catalina.startup.HostConfig.deployDirectory Deployment of web application directory [C:\Users\HP\Desktop\javaspring\apache-tomcat-9.0.104\webapps\examples] has finished in [371] ms
24-Apr-2025 23:50:27.042 INFO [main] org.apache.catalina.startup.HostConfig.deployDirectory Deploying web application directory [C:\Users\HP\Desktop\javaspring\apache-tomcat-9.0.104\webapps\host-manager]
24-Apr-2025 23:50:27.076 INFO [main] org.apache.catalina.startup.HostConfig.deployDirectory Deployment of web application directory [C:\Users\HP\Desktop\javaspring\apache-tomcat-9.0.104\webapps\host-manager] has finished in [34] ms
24-Apr-2025 23:50:27.076 INFO [main] org.apache.catalina.startup.HostConfig.deployDirectory Deploying web application directory [C:\Users\HP\Desktop\javaspring\apache-tomcat-9.0.104\webapps\manager]
24-Apr-2025 23:50:27.114 INFO [main] org.apache.catalina.startup.HostConfig.deployDirectory Deployment of web application directory [C:\Users\HP\Desktop\javaspring\apache-tomcat-9.0.104\webapps\manager] has finished in [38] ms
24-Apr-2025 23:50:27.114 INFO [main] org.apache.catalina.startup.HostConfig.deployDirectory Deploying web application directory [C:\Users\HP\Desktop\javaspring\apache-tomcat-9.0.104\webapps\ROOT]
24-Apr-2025 23:50:27.144 INFO [main] org.apache.catalina.startup.HostConfig.deployDirectory Deployment of web application directory [C:\Users\HP\Desktop\javaspring\apache-tomcat-9.0.104\webapps\ROOT] has finished in [30] ms
24-Apr-2025 23:50:27.144 INFO [main] org.apache.coyote.AbstractProtocol.start Starting ProtocolHandler ["http-nio-8080"]
24-Apr-2025 23:50:27.166 INFO [main] org.apache.catalina.startup.Catalina.start Server startup in [21020] milliseconds
24-Apr-2025 23:50:35.809 WARNING [http-nio-8080-exec-8] org.apache.catalina.loader.WebappClassLoaderBase.clearReferencesJdbc The web application [ColabDemo] registered the JDBC driver [org.postgresql.Driver] but failed to unregister it when the web application was stopped. To prevent a memory leak, the JDBC Driver has been forcibly unregistered.
24-Apr-2025 23:50:38.319 WARNING [http-nio-8080-exec-3] org.apache.catalina.loader.WebappClassLoaderBase.clearReferencesJdbc The web application [CollabeFarm] registered the JDBC driver [org.postgresql.Driver] but failed to unregister it when the web application was stopped. To prevent a memory leak, the JDBC Driver has been forcibly unregistered.
24-Apr-2025 23:50:39.734 WARNING [http-nio-8080-exec-1] org.apache.catalina.loader.WebappClassLoaderBase.clearReferencesJdbc The web application [ColabFarm] registered the JDBC driver [org.postgresql.Driver] but failed to unregister it when the web application was stopped. To prevent a memory leak, the JDBC Driver has been forcibly unregistered.
24-Apr-2025 23:50:54.351 INFO [http-nio-8080-exec-9] org.apache.catalina.startup.HostConfig.deployWAR Deploying web application archive [C:\Users\HP\Desktop\javaspring\apache-tomcat-9.0.104\webapps\FinalProject.war]
24-Apr-2025 23:50:56.494 INFO [http-nio-8080-exec-9] org.apache.jasper.servlet.TldScanner.scanJars At least one JAR was scanned for TLDs yet contained no TLDs. Enable debug logging for this logger for a complete list of JARs that were scanned but no TLDs were found in them. Skipping unneeded JARs during scanning can improve startup time and JSP compilation time.
24-Apr-2025 23:50:56.721 INFO [http-nio-8080-exec-9] org.springframework.web.servlet.FrameworkServlet.initServletBean Initializing Servlet 'dispatcher'
24-Apr-2025 23:50:57.235 INFO [http-nio-8080-exec-9] org.springframework.web.servlet.FrameworkServlet.initServletBean Completed initialization in 514 ms
24-Apr-2025 23:50:57.240 INFO [http-nio-8080-exec-9] org.apache.catalina.startup.HostConfig.deployWAR Deployment of web application archive [C:\Users\HP\Desktop\javaspring\apache-tomcat-9.0.104\webapps\FinalProject.war] has finished in [2,892] ms
24-Apr-2025 23:51:21.435 WARNING [http-nio-8080-exec-13] org.springframework.web.servlet.DispatcherServlet.noHandlerFound No mapping for GET /FinalProject/api/user/get
24-Apr-2025 23:52:43.792 INFO [http-nio-8080-exec-17] org.apache.catalina.util.LifecycleBase.stop The stop() method was called on component [StandardEngine[Catalina].StandardHost[localhost].StandardContext[/FinalProject]] after stop() had already been called. The second call will be ignored.
24-Apr-2025 23:52:43.828 INFO [http-nio-8080-exec-17] org.apache.catalina.startup.HostConfig.undeploy Undeploying context [/FinalProject]
24-Apr-2025 23:52:50.819 INFO [http-nio-8080-exec-7] org.apache.catalina.startup.HostConfig.deployWAR Deploying web application archive [C:\Users\HP\Desktop\javaspring\apache-tomcat-9.0.104\webapps\FinalProject.war]
24-Apr-2025 23:52:52.911 INFO [http-nio-8080-exec-7] org.apache.jasper.servlet.TldScanner.scanJars At least one JAR was scanned for TLDs yet contained no TLDs. Enable debug logging for this logger for a complete list of JARs that were scanned but no TLDs were found in them. Skipping unneeded JARs during scanning can improve startup time and JSP compilation time.
24-Apr-2025 23:52:53.109 INFO [http-nio-8080-exec-7] org.springframework.web.servlet.FrameworkServlet.initServletBean Initializing Servlet 'dispatcher'
24-Apr-2025 23:52:53.626 INFO [http-nio-8080-exec-7] org.springframework.web.servlet.FrameworkServlet.initServletBean Completed initialization in 517 ms
24-Apr-2025 23:52:53.631 INFO [http-nio-8080-exec-7] org.apache.catalina.startup.HostConfig.deployWAR Deployment of web application archive [C:\Users\HP\Desktop\javaspring\apache-tomcat-9.0.104\webapps\FinalProject.war] has finished in [2,812] ms
24-Apr-2025 23:52:58.231 WARNING [http-nio-8080-exec-15] org.springframework.web.servlet.DispatcherServlet.noHandlerFound No mapping for GET /FinalProject/api/user/get
24-Apr-2025 23:55:26.337 INFO [http-nio-8080-exec-23] org.apache.catalina.util.LifecycleBase.stop The stop() method was called on component [StandardEngine[Catalina].StandardHost[localhost].StandardContext[/FinalProject]] after stop() had already been called. The second call will be ignored.
24-Apr-2025 23:55:26.369 INFO [http-nio-8080-exec-23] org.apache.catalina.startup.HostConfig.undeploy Undeploying context [/FinalProject]
24-Apr-2025 23:55:33.997 INFO [http-nio-8080-exec-25] org.apache.catalina.startup.HostConfig.deployWAR Deploying web application archive [C:\Users\HP\Desktop\javaspring\apache-tomcat-9.0.104\webapps\FinalProject.war]
24-Apr-2025 23:55:36.101 INFO [http-nio-8080-exec-25] org.apache.jasper.servlet.TldScanner.scanJars At least one JAR was scanned for TLDs yet contained no TLDs. Enable debug logging for this logger for a complete list of JARs that were scanned but no TLDs were found in them. Skipping unneeded JARs during scanning can improve startup time and JSP compilation time.
24-Apr-2025 23:55:36.304 INFO [http-nio-8080-exec-25] org.springframework.web.servlet.FrameworkServlet.initServletBean Initializing Servlet 'dispatcher'
24-Apr-2025 23:55:36.862 INFO [http-nio-8080-exec-25] org.springframework.web.servlet.FrameworkServlet.initServletBean Completed initialization in 558 ms
24-Apr-2025 23:55:36.866 INFO [http-nio-8080-exec-25] org.apache.catalina.startup.HostConfig.deployWAR Deployment of web application archive [C:\Users\HP\Desktop\javaspring\apache-tomcat-9.0.104\webapps\FinalProject.war] has finished in [2,870] ms
24-Apr-2025 23:55:39.706 WARNING [http-nio-8080-exec-29] org.springframework.web.servlet.DispatcherServlet.noHandlerFound No mapping for GET /FinalProject/api/user/get
24-Apr-2025 23:55:40.916 WARNING [http-nio-8080-exec-24] org.springframework.web.servlet.DispatcherServlet.noHandlerFound No mapping for GET /FinalProject/api/user/get
24-Apr-2025 23:55:41.521 WARNING [http-nio-8080-exec-27] org.springframework.web.servlet.DispatcherServlet.noHandlerFound No mapping for GET /FinalProject/api/user/get
24-Apr-2025 23:55:41.673 WARNING [http-nio-8080-exec-30] org.springframework.web.servlet.DispatcherServlet.noHandlerFound No mapping for GET /FinalProject/api/user/get
24-Apr-2025 23:55:41.895 WARNING [http-nio-8080-exec-28] org.springframework.web.servlet.DispatcherServlet.noHandlerFound No mapping for GET /FinalProject/api/user/get
24-Apr-2025 23:58:51.976 INFO [http-nio-8080-exec-41] org.apache.catalina.util.LifecycleBase.stop The stop() method was called on component [StandardEngine[Catalina].StandardHost[localhost].StandardContext[/FinalProject]] after stop() had already been called. The second call will be ignored.
24-Apr-2025 23:58:52.002 INFO [http-nio-8080-exec-41] org.apache.catalina.startup.HostConfig.undeploy Undeploying context [/FinalProject]
24-Apr-2025 23:58:59.901 INFO [http-nio-8080-exec-37] org.apache.catalina.startup.HostConfig.deployWAR Deploying web application archive [C:\Users\HP\Desktop\javaspring\apache-tomcat-9.0.104\webapps\FinalProject.war]
24-Apr-2025 23:59:02.004 INFO [http-nio-8080-exec-37] org.apache.jasper.servlet.TldScanner.scanJars At least one JAR was scanned for TLDs yet contained no TLDs. Enable debug logging for this logger for a complete list of JARs that were scanned but no TLDs were found in them. Skipping unneeded JARs during scanning can improve startup time and JSP compilation time.
24-Apr-2025 23:59:02.242 INFO [http-nio-8080-exec-37] org.springframework.web.servlet.FrameworkServlet.initServletBean Initializing Servlet 'dispatcher'
24-Apr-2025 23:59:02.768 INFO [http-nio-8080-exec-37] org.springframework.web.servlet.FrameworkServlet.initServletBean Completed initialization in 526 ms
24-Apr-2025 23:59:02.768 INFO [http-nio-8080-exec-37] org.apache.catalina.startup.HostConfig.deployWAR Deployment of web application archive [C:\Users\HP\Desktop\javaspring\apache-tomcat-9.0.104\webapps\FinalProject.war] has finished in [2,869] ms
24-Apr-2025 23:59:05.579 WARNING [http-nio-8080-exec-39] org.springframework.web.servlet.DispatcherServlet.noHandlerFound No mapping for GET /FinalProject/api/user/get
24-Apr-2025 23:59:06.629 WARNING [http-nio-8080-exec-40] org.springframework.web.servlet.DispatcherServlet.noHandlerFound No mapping for GET /FinalProject/api/user/get
