08-May-2025 10:33:02.879 INFO [main] org.apache.catalina.startup.VersionLoggerListener.log Server version name:   Apache Tomcat/9.0.104
08-May-2025 10:33:02.896 INFO [main] org.apache.catalina.startup.VersionLoggerListener.log Server built:          Apr 4 2025 12:32:55 UTC
08-May-2025 10:33:02.896 INFO [main] org.apache.catalina.startup.VersionLoggerListener.log Server version number: 9.0.104.0
08-May-2025 10:33:02.896 INFO [main] org.apache.catalina.startup.VersionLoggerListener.log OS Name:               Windows 11
08-May-2025 10:33:02.896 INFO [main] org.apache.catalina.startup.VersionLoggerListener.log OS Version:            10.0
08-May-2025 10:33:02.896 INFO [main] org.apache.catalina.startup.VersionLoggerListener.log Architecture:          amd64
08-May-2025 10:33:02.896 INFO [main] org.apache.catalina.startup.VersionLoggerListener.log Java Home:             C:\Program Files\Java\jdk-23
08-May-2025 10:33:02.896 INFO [main] org.apache.catalina.startup.VersionLoggerListener.log JVM Version:           23.0.1+11-39
08-May-2025 10:33:02.896 INFO [main] org.apache.catalina.startup.VersionLoggerListener.log JVM Vendor:            Oracle Corporation
08-May-2025 10:33:02.896 INFO [main] org.apache.catalina.startup.VersionLoggerListener.log CATALINA_BASE:         C:\Users\HP\Desktop\javaspring\apache-tomcat-9.0.104
08-May-2025 10:33:02.896 INFO [main] org.apache.catalina.startup.VersionLoggerListener.log CATALINA_HOME:         C:\Users\HP\Desktop\javaspring\apache-tomcat-9.0.104
08-May-2025 10:33:02.912 INFO [main] org.apache.catalina.startup.VersionLoggerListener.log Command line argument: --add-opens=java.base/java.lang=ALL-UNNAMED
08-May-2025 10:33:02.912 INFO [main] org.apache.catalina.startup.VersionLoggerListener.log Command line argument: --add-opens=java.base/java.lang.invoke=ALL-UNNAMED
08-May-2025 10:33:02.912 INFO [main] org.apache.catalina.startup.VersionLoggerListener.log Command line argument: --add-opens=java.base/java.lang.reflect=ALL-UNNAMED
08-May-2025 10:33:02.912 INFO [main] org.apache.catalina.startup.VersionLoggerListener.log Command line argument: --add-opens=java.base/java.io=ALL-UNNAMED
08-May-2025 10:33:02.912 INFO [main] org.apache.catalina.startup.VersionLoggerListener.log Command line argument: --add-opens=java.base/java.util=ALL-UNNAMED
08-May-2025 10:33:02.912 INFO [main] org.apache.catalina.startup.VersionLoggerListener.log Command line argument: --add-opens=java.base/java.util.concurrent=ALL-UNNAMED
08-May-2025 10:33:02.912 INFO [main] org.apache.catalina.startup.VersionLoggerListener.log Command line argument: --add-opens=java.rmi/sun.rmi.transport=ALL-UNNAMED
08-May-2025 10:33:02.912 INFO [main] org.apache.catalina.startup.VersionLoggerListener.log Command line argument: -Djava.util.logging.config.file=C:\Users\HP\Desktop\javaspring\apache-tomcat-9.0.104\conf\logging.properties
08-May-2025 10:33:02.912 INFO [main] org.apache.catalina.startup.VersionLoggerListener.log Command line argument: -Djava.util.logging.manager=org.apache.juli.ClassLoaderLogManager
08-May-2025 10:33:02.912 INFO [main] org.apache.catalina.startup.VersionLoggerListener.log Command line argument: -Djdk.tls.ephemeralDHKeySize=2048
08-May-2025 10:33:02.912 INFO [main] org.apache.catalina.startup.VersionLoggerListener.log Command line argument: -Djava.protocol.handler.pkgs=org.apache.catalina.webresources
08-May-2025 10:33:02.912 INFO [main] org.apache.catalina.startup.VersionLoggerListener.log Command line argument: -Dsun.io.useCanonCaches=false
08-May-2025 10:33:02.912 INFO [main] org.apache.catalina.startup.VersionLoggerListener.log Command line argument: -Dignore.endorsed.dirs=
08-May-2025 10:33:02.912 INFO [main] org.apache.catalina.startup.VersionLoggerListener.log Command line argument: -Dcatalina.base=C:\Users\HP\Desktop\javaspring\apache-tomcat-9.0.104
08-May-2025 10:33:02.912 INFO [main] org.apache.catalina.startup.VersionLoggerListener.log Command line argument: -Dcatalina.home=C:\Users\HP\Desktop\javaspring\apache-tomcat-9.0.104
08-May-2025 10:33:02.912 INFO [main] org.apache.catalina.startup.VersionLoggerListener.log Command line argument: -Djava.io.tmpdir=C:\Users\HP\Desktop\javaspring\apache-tomcat-9.0.104\temp
08-May-2025 10:33:02.927 INFO [main] org.apache.catalina.core.AprLifecycleListener.lifecycleEvent Loaded Apache Tomcat Native library [1.3.1] using APR version [1.7.4].
08-May-2025 10:33:02.927 INFO [main] org.apache.catalina.core.AprLifecycleListener.lifecycleEvent APR capabilities: IPv6 [true], sendfile [true], accept filters [false], random [true], UDS [true].
08-May-2025 10:33:02.927 INFO [main] org.apache.catalina.core.AprLifecycleListener.lifecycleEvent APR/OpenSSL configuration: useAprConnector [false], useOpenSSL [true]
08-May-2025 10:33:02.943 INFO [main] org.apache.catalina.core.AprLifecycleListener.initializeSSL OpenSSL successfully initialized [OpenSSL 3.0.14 4 Jun 2024]
08-May-2025 10:33:03.461 INFO [main] org.apache.coyote.AbstractProtocol.init Initializing ProtocolHandler ["http-nio-8080"]
08-May-2025 10:33:03.493 INFO [main] org.apache.catalina.startup.Catalina.load Server initialization in [917] milliseconds
08-May-2025 10:33:03.571 INFO [main] org.apache.catalina.core.StandardService.startInternal Starting service [Catalina]
08-May-2025 10:33:03.571 INFO [main] org.apache.catalina.core.StandardEngine.startInternal Starting Servlet engine: [Apache Tomcat/9.0.104]
08-May-2025 10:33:03.587 INFO [main] org.apache.catalina.startup.HostConfig.deployWAR Deploying web application archive [C:\Users\HP\Desktop\javaspring\apache-tomcat-9.0.104\webapps\FinalProject.war]
08-May-2025 10:33:07.520 INFO [main] org.apache.jasper.servlet.TldScanner.scanJars At least one JAR was scanned for TLDs yet contained no TLDs. Enable debug logging for this logger for a complete list of JARs that were scanned but no TLDs were found in them. Skipping unneeded JARs during scanning can improve startup time and JSP compilation time.
08-May-2025 10:33:07.834 INFO [main] org.springframework.web.servlet.FrameworkServlet.initServletBean Initializing Servlet 'dispatcher'
08-May-2025 10:33:09.280 INFO [main] org.hibernate.Version.logVersion HHH000412: Hibernate Core {5.3.30.Final}
08-May-2025 10:33:09.280 INFO [main] org.hibernate.cfg.Environment.<clinit> HHH000206: hibernate.properties not found
08-May-2025 10:33:09.798 INFO [main] org.hibernate.annotations.common.reflection.java.JavaReflectionManager.<clinit> HCANN000001: Hibernate Commons Annotations {5.0.5.Final}
08-May-2025 10:33:10.521 INFO [main] org.hibernate.dialect.Dialect.<init> HHH000400: Using dialect: org.hibernate.dialect.PostgreSQLDialect
08-May-2025 10:33:10.710 INFO [main] org.hibernate.engine.jdbc.env.internal.LobCreatorBuilderImpl.useContextualLobCreation HHH000424: Disabling contextual LOB creation as createClob() method threw error : java.lang.reflect.InvocationTargetException
08-May-2025 10:33:10.725 INFO [main] org.hibernate.type.BasicTypeRegistry.register HHH000270: Type registration [java.util.UUID] overrides previous : org.hibernate.type.UUIDBinaryType@674f6286
08-May-2025 10:33:11.213 INFO [main] org.hibernate.validator.internal.util.Version.<clinit> HV000001: Hibernate Validator 6.1.5.Final
08-May-2025 10:33:13.305 INFO [main] org.springframework.web.servlet.FrameworkServlet.initServletBean Completed initialization in 5471 ms
08-May-2025 10:33:13.319 INFO [main] org.apache.catalina.startup.HostConfig.deployWAR Deployment of web application archive [C:\Users\HP\Desktop\javaspring\apache-tomcat-9.0.104\webapps\FinalProject.war] has finished in [9,732] ms
08-May-2025 10:33:13.319 INFO [main] org.apache.catalina.startup.HostConfig.deployDirectory Deploying web application directory [C:\Users\HP\Desktop\javaspring\apache-tomcat-9.0.104\webapps\examples]
08-May-2025 10:33:13.731 INFO [main] org.apache.catalina.startup.HostConfig.deployDirectory Deployment of web application directory [C:\Users\HP\Desktop\javaspring\apache-tomcat-9.0.104\webapps\examples] has finished in [412] ms
08-May-2025 10:33:13.731 INFO [main] org.apache.catalina.startup.HostConfig.deployDirectory Deploying web application directory [C:\Users\HP\Desktop\javaspring\apache-tomcat-9.0.104\webapps\host-manager]
08-May-2025 10:33:13.774 INFO [main] org.apache.catalina.startup.HostConfig.deployDirectory Deployment of web application directory [C:\Users\HP\Desktop\javaspring\apache-tomcat-9.0.104\webapps\host-manager] has finished in [43] ms
08-May-2025 10:33:13.774 INFO [main] org.apache.catalina.startup.HostConfig.deployDirectory Deploying web application directory [C:\Users\HP\Desktop\javaspring\apache-tomcat-9.0.104\webapps\manager]
08-May-2025 10:33:13.806 INFO [main] org.apache.catalina.startup.HostConfig.deployDirectory Deployment of web application directory [C:\Users\HP\Desktop\javaspring\apache-tomcat-9.0.104\webapps\manager] has finished in [32] ms
08-May-2025 10:33:13.806 INFO [main] org.apache.catalina.startup.HostConfig.deployDirectory Deploying web application directory [C:\Users\HP\Desktop\javaspring\apache-tomcat-9.0.104\webapps\ROOT]
08-May-2025 10:33:13.837 INFO [main] org.apache.catalina.startup.HostConfig.deployDirectory Deployment of web application directory [C:\Users\HP\Desktop\javaspring\apache-tomcat-9.0.104\webapps\ROOT] has finished in [31] ms
08-May-2025 10:33:13.837 INFO [main] org.apache.coyote.AbstractProtocol.start Starting ProtocolHandler ["http-nio-8080"]
08-May-2025 10:33:13.853 INFO [main] org.apache.catalina.startup.Catalina.start Server startup in [10363] milliseconds
08-May-2025 10:33:45.463 WARNING [http-nio-8080-exec-8] org.apache.catalina.loader.WebappClassLoaderBase.clearReferencesJdbc The web application [FinalProject] registered the JDBC driver [org.postgresql.Driver] but failed to unregister it when the web application was stopped. To prevent a memory leak, the JDBC Driver has been forcibly unregistered.
08-May-2025 10:33:47.395 INFO [http-nio-8080-exec-2] org.apache.catalina.util.LifecycleBase.stop The stop() method was called on component [StandardEngine[Catalina].StandardHost[localhost].StandardContext[/FinalProject]] after stop() had already been called. The second call will be ignored.
08-May-2025 10:33:47.481 INFO [http-nio-8080-exec-2] org.apache.catalina.startup.HostConfig.undeploy Undeploying context [/FinalProject]
08-May-2025 10:33:53.868 INFO [http-nio-8080-exec-4] org.apache.catalina.startup.HostConfig.deployWAR Deploying web application archive [C:\Users\HP\Desktop\javaspring\apache-tomcat-9.0.104\webapps\FinalProject.war]
08-May-2025 10:33:57.327 INFO [http-nio-8080-exec-4] org.apache.jasper.servlet.TldScanner.scanJars At least one JAR was scanned for TLDs yet contained no TLDs. Enable debug logging for this logger for a complete list of JARs that were scanned but no TLDs were found in them. Skipping unneeded JARs during scanning can improve startup time and JSP compilation time.
08-May-2025 10:33:57.552 INFO [http-nio-8080-exec-4] org.springframework.web.servlet.FrameworkServlet.initServletBean Initializing Servlet 'dispatcher'
08-May-2025 10:33:58.765 INFO [http-nio-8080-exec-4] org.hibernate.Version.logVersion HHH000412: Hibernate Core {5.3.30.Final}
08-May-2025 10:33:58.765 INFO [http-nio-8080-exec-4] org.hibernate.cfg.Environment.<clinit> HHH000206: hibernate.properties not found
08-May-2025 10:33:59.167 INFO [http-nio-8080-exec-4] org.hibernate.annotations.common.reflection.java.JavaReflectionManager.<clinit> HCANN000001: Hibernate Commons Annotations {5.0.5.Final}
08-May-2025 10:33:59.667 INFO [http-nio-8080-exec-4] org.hibernate.dialect.Dialect.<init> HHH000400: Using dialect: org.hibernate.dialect.PostgreSQLDialect
08-May-2025 10:33:59.826 INFO [http-nio-8080-exec-4] org.hibernate.engine.jdbc.env.internal.LobCreatorBuilderImpl.useContextualLobCreation HHH000424: Disabling contextual LOB creation as createClob() method threw error : java.lang.reflect.InvocationTargetException
08-May-2025 10:33:59.844 INFO [http-nio-8080-exec-4] org.hibernate.type.BasicTypeRegistry.register HHH000270: Type registration [java.util.UUID] overrides previous : org.hibernate.type.UUIDBinaryType@43e1b0c
08-May-2025 10:34:00.306 INFO [http-nio-8080-exec-4] org.hibernate.validator.internal.util.Version.<clinit> HV000001: Hibernate Validator 6.1.5.Final
08-May-2025 10:34:02.572 INFO [http-nio-8080-exec-4] org.springframework.web.servlet.FrameworkServlet.initServletBean Completed initialization in 5020 ms
08-May-2025 10:34:02.588 INFO [http-nio-8080-exec-4] org.apache.catalina.startup.HostConfig.deployWAR Deployment of web application archive [C:\Users\HP\Desktop\javaspring\apache-tomcat-9.0.104\webapps\FinalProject.war] has finished in [8,721] ms
08-May-2025 10:56:49.151 INFO [http-nio-8080-exec-14] org.hibernate.hql.internal.QueryTranslatorFactoryInitiator.initiateService HHH000397: Using ASTQueryTranslatorFactory
08-May-2025 11:21:23.702 WARNING [http-nio-8080-exec-13] org.apache.catalina.loader.WebappClassLoaderBase.clearReferencesJdbc The web application [FinalProject] registered the JDBC driver [org.postgresql.Driver] but failed to unregister it when the web application was stopped. To prevent a memory leak, the JDBC Driver has been forcibly unregistered.
08-May-2025 11:21:33.865 INFO [http-nio-8080-exec-12] org.apache.catalina.startup.HostConfig.deployWAR Deploying web application archive [C:\Users\HP\Desktop\javaspring\apache-tomcat-9.0.104\webapps\CollaborativeFarming.war]
08-May-2025 11:21:35.747 INFO [http-nio-8080-exec-12] org.apache.jasper.servlet.TldScanner.scanJars At least one JAR was scanned for TLDs yet contained no TLDs. Enable debug logging for this logger for a complete list of JARs that were scanned but no TLDs were found in them. Skipping unneeded JARs during scanning can improve startup time and JSP compilation time.
08-May-2025 11:21:35.875 INFO [http-nio-8080-exec-12] org.springframework.web.servlet.FrameworkServlet.initServletBean Initializing Servlet 'dispatcher'
08-May-2025 11:21:36.529 INFO [http-nio-8080-exec-12] org.hibernate.Version.logVersion HHH000412: Hibernate Core {5.3.30.Final}
08-May-2025 11:21:36.530 INFO [http-nio-8080-exec-12] org.hibernate.cfg.Environment.<clinit> HHH000206: hibernate.properties not found
08-May-2025 11:21:36.772 INFO [http-nio-8080-exec-12] org.hibernate.annotations.common.reflection.java.JavaReflectionManager.<clinit> HCANN000001: Hibernate Commons Annotations {5.0.5.Final}
08-May-2025 11:21:37.048 INFO [http-nio-8080-exec-12] org.hibernate.dialect.Dialect.<init> HHH000400: Using dialect: org.hibernate.dialect.PostgreSQLDialect
08-May-2025 11:21:37.144 INFO [http-nio-8080-exec-12] org.hibernate.engine.jdbc.env.internal.LobCreatorBuilderImpl.useContextualLobCreation HHH000424: Disabling contextual LOB creation as createClob() method threw error : java.lang.reflect.InvocationTargetException
08-May-2025 11:21:37.151 INFO [http-nio-8080-exec-12] org.hibernate.type.BasicTypeRegistry.register HHH000270: Type registration [java.util.UUID] overrides previous : org.hibernate.type.UUIDBinaryType@683db6bf
08-May-2025 11:21:37.422 INFO [http-nio-8080-exec-12] org.hibernate.validator.internal.util.Version.<clinit> HV000001: Hibernate Validator 6.1.5.Final
08-May-2025 11:21:38.728 INFO [http-nio-8080-exec-12] org.springframework.web.servlet.FrameworkServlet.initServletBean Completed initialization in 2852 ms
08-May-2025 11:21:38.731 INFO [http-nio-8080-exec-12] org.apache.catalina.startup.HostConfig.deployWAR Deployment of web application archive [C:\Users\HP\Desktop\javaspring\apache-tomcat-9.0.104\webapps\CollaborativeFarming.war] has finished in [4,866] ms
08-May-2025 11:21:59.177 INFO [http-nio-8080-exec-15] org.hibernate.hql.internal.QueryTranslatorFactoryInitiator.initiateService HHH000397: Using ASTQueryTranslatorFactory
08-May-2025 11:23:59.720 WARNING [http-nio-8080-exec-21] org.apache.catalina.loader.WebappClassLoaderBase.clearReferencesJdbc The web application [CollaborativeFarming] registered the JDBC driver [org.postgresql.Driver] but failed to unregister it when the web application was stopped. To prevent a memory leak, the JDBC Driver has been forcibly unregistered.
08-May-2025 11:24:00.645 INFO [http-nio-8080-exec-27] org.apache.catalina.util.LifecycleBase.stop The stop() method was called on component [StandardEngine[Catalina].StandardHost[localhost].StandardContext[/CollaborativeFarming]] after stop() had already been called. The second call will be ignored.
08-May-2025 11:24:00.684 INFO [http-nio-8080-exec-27] org.apache.catalina.startup.HostConfig.undeploy Undeploying context [/CollaborativeFarming]
08-May-2025 11:24:05.459 INFO [http-nio-8080-exec-29] org.apache.catalina.startup.HostConfig.deployWAR Deploying web application archive [C:\Users\HP\Desktop\javaspring\apache-tomcat-9.0.104\webapps\CollaborativeFarming.war]
08-May-2025 11:24:07.253 INFO [http-nio-8080-exec-29] org.apache.jasper.servlet.TldScanner.scanJars At least one JAR was scanned for TLDs yet contained no TLDs. Enable debug logging for this logger for a complete list of JARs that were scanned but no TLDs were found in them. Skipping unneeded JARs during scanning can improve startup time and JSP compilation time.
08-May-2025 11:24:07.381 INFO [http-nio-8080-exec-29] org.springframework.web.servlet.FrameworkServlet.initServletBean Initializing Servlet 'dispatcher'
08-May-2025 11:24:08.041 INFO [http-nio-8080-exec-29] org.hibernate.Version.logVersion HHH000412: Hibernate Core {5.3.30.Final}
08-May-2025 11:24:08.044 INFO [http-nio-8080-exec-29] org.hibernate.cfg.Environment.<clinit> HHH000206: hibernate.properties not found
08-May-2025 11:24:08.273 INFO [http-nio-8080-exec-29] org.hibernate.annotations.common.reflection.java.JavaReflectionManager.<clinit> HCANN000001: Hibernate Commons Annotations {5.0.5.Final}
08-May-2025 11:24:08.546 INFO [http-nio-8080-exec-29] org.hibernate.dialect.Dialect.<init> HHH000400: Using dialect: org.hibernate.dialect.PostgreSQLDialect
08-May-2025 11:24:08.621 INFO [http-nio-8080-exec-29] org.hibernate.engine.jdbc.env.internal.LobCreatorBuilderImpl.useContextualLobCreation HHH000424: Disabling contextual LOB creation as createClob() method threw error : java.lang.reflect.InvocationTargetException
08-May-2025 11:24:08.629 INFO [http-nio-8080-exec-29] org.hibernate.type.BasicTypeRegistry.register HHH000270: Type registration [java.util.UUID] overrides previous : org.hibernate.type.UUIDBinaryType@76d8e257
08-May-2025 11:24:08.895 INFO [http-nio-8080-exec-29] org.hibernate.validator.internal.util.Version.<clinit> HV000001: Hibernate Validator 6.1.5.Final
08-May-2025 11:24:10.144 INFO [http-nio-8080-exec-29] org.springframework.web.servlet.FrameworkServlet.initServletBean Completed initialization in 2763 ms
08-May-2025 11:24:10.146 INFO [http-nio-8080-exec-29] org.apache.catalina.startup.HostConfig.deployWAR Deployment of web application archive [C:\Users\HP\Desktop\javaspring\apache-tomcat-9.0.104\webapps\CollaborativeFarming.war] has finished in [4,687] ms
08-May-2025 11:25:53.118 WARNING [http-nio-8080-exec-31] org.apache.catalina.loader.WebappClassLoaderBase.clearReferencesJdbc The web application [CollaborativeFarming] registered the JDBC driver [org.postgresql.Driver] but failed to unregister it when the web application was stopped. To prevent a memory leak, the JDBC Driver has been forcibly unregistered.
08-May-2025 11:25:54.225 INFO [http-nio-8080-exec-33] org.apache.catalina.util.LifecycleBase.stop The stop() method was called on component [StandardEngine[Catalina].StandardHost[localhost].StandardContext[/CollaborativeFarming]] after stop() had already been called. The second call will be ignored.
08-May-2025 11:25:54.256 INFO [http-nio-8080-exec-33] org.apache.catalina.startup.HostConfig.undeploy Undeploying context [/CollaborativeFarming]
08-May-2025 11:25:58.932 INFO [http-nio-8080-exec-26] org.apache.catalina.startup.HostConfig.deployWAR Deploying web application archive [C:\Users\HP\Desktop\javaspring\apache-tomcat-9.0.104\webapps\CollaborativeFarming.war]
08-May-2025 11:26:00.705 INFO [http-nio-8080-exec-26] org.apache.jasper.servlet.TldScanner.scanJars At least one JAR was scanned for TLDs yet contained no TLDs. Enable debug logging for this logger for a complete list of JARs that were scanned but no TLDs were found in them. Skipping unneeded JARs during scanning can improve startup time and JSP compilation time.
08-May-2025 11:26:00.816 INFO [http-nio-8080-exec-26] org.springframework.web.servlet.FrameworkServlet.initServletBean Initializing Servlet 'dispatcher'
08-May-2025 11:26:01.479 INFO [http-nio-8080-exec-26] org.hibernate.Version.logVersion HHH000412: Hibernate Core {5.3.30.Final}
08-May-2025 11:26:01.479 INFO [http-nio-8080-exec-26] org.hibernate.cfg.Environment.<clinit> HHH000206: hibernate.properties not found
08-May-2025 11:26:01.705 INFO [http-nio-8080-exec-26] org.hibernate.annotations.common.reflection.java.JavaReflectionManager.<clinit> HCANN000001: Hibernate Commons Annotations {5.0.5.Final}
08-May-2025 11:26:01.983 INFO [http-nio-8080-exec-26] org.hibernate.dialect.Dialect.<init> HHH000400: Using dialect: org.hibernate.dialect.PostgreSQLDialect
08-May-2025 11:26:02.065 INFO [http-nio-8080-exec-26] org.hibernate.engine.jdbc.env.internal.LobCreatorBuilderImpl.useContextualLobCreation HHH000424: Disabling contextual LOB creation as createClob() method threw error : java.lang.reflect.InvocationTargetException
08-May-2025 11:26:02.072 INFO [http-nio-8080-exec-26] org.hibernate.type.BasicTypeRegistry.register HHH000270: Type registration [java.util.UUID] overrides previous : org.hibernate.type.UUIDBinaryType@56db00c0
08-May-2025 11:26:02.338 INFO [http-nio-8080-exec-26] org.hibernate.validator.internal.util.Version.<clinit> HV000001: Hibernate Validator 6.1.5.Final
08-May-2025 11:26:03.567 INFO [http-nio-8080-exec-26] org.springframework.web.servlet.FrameworkServlet.initServletBean Completed initialization in 2751 ms
08-May-2025 11:26:03.567 INFO [http-nio-8080-exec-26] org.apache.catalina.startup.HostConfig.deployWAR Deployment of web application archive [C:\Users\HP\Desktop\javaspring\apache-tomcat-9.0.104\webapps\CollaborativeFarming.war] has finished in [4,635] ms
08-May-2025 11:26:07.831 INFO [http-nio-8080-exec-22] org.hibernate.hql.internal.QueryTranslatorFactoryInitiator.initiateService HHH000397: Using ASTQueryTranslatorFactory
08-May-2025 11:34:48.700 WARNING [http-nio-8080-exec-37] org.apache.catalina.loader.WebappClassLoaderBase.clearReferencesJdbc The web application [CollaborativeFarming] registered the JDBC driver [org.postgresql.Driver] but failed to unregister it when the web application was stopped. To prevent a memory leak, the JDBC Driver has been forcibly unregistered.
08-May-2025 11:34:49.881 INFO [http-nio-8080-exec-44] org.apache.catalina.util.LifecycleBase.stop The stop() method was called on component [StandardEngine[Catalina].StandardHost[localhost].StandardContext[/CollaborativeFarming]] after stop() had already been called. The second call will be ignored.
08-May-2025 11:34:49.914 INFO [http-nio-8080-exec-44] org.apache.catalina.startup.HostConfig.undeploy Undeploying context [/CollaborativeFarming]
08-May-2025 11:34:55.770 INFO [http-nio-8080-exec-43] org.apache.catalina.startup.HostConfig.deployWAR Deploying web application archive [C:\Users\HP\Desktop\javaspring\apache-tomcat-9.0.104\webapps\CollaborativeFarming.war]
08-May-2025 11:34:57.560 INFO [http-nio-8080-exec-43] org.apache.jasper.servlet.TldScanner.scanJars At least one JAR was scanned for TLDs yet contained no TLDs. Enable debug logging for this logger for a complete list of JARs that were scanned but no TLDs were found in them. Skipping unneeded JARs during scanning can improve startup time and JSP compilation time.
08-May-2025 11:34:57.671 INFO [http-nio-8080-exec-43] org.springframework.web.servlet.FrameworkServlet.initServletBean Initializing Servlet 'dispatcher'
08-May-2025 11:34:58.298 INFO [http-nio-8080-exec-43] org.hibernate.Version.logVersion HHH000412: Hibernate Core {5.3.30.Final}
08-May-2025 11:34:58.298 INFO [http-nio-8080-exec-43] org.hibernate.cfg.Environment.<clinit> HHH000206: hibernate.properties not found
08-May-2025 11:34:58.531 INFO [http-nio-8080-exec-43] org.hibernate.annotations.common.reflection.java.JavaReflectionManager.<clinit> HCANN000001: Hibernate Commons Annotations {5.0.5.Final}
08-May-2025 11:34:58.809 INFO [http-nio-8080-exec-43] org.hibernate.dialect.Dialect.<init> HHH000400: Using dialect: org.hibernate.dialect.PostgreSQLDialect
08-May-2025 11:34:58.888 INFO [http-nio-8080-exec-43] org.hibernate.engine.jdbc.env.internal.LobCreatorBuilderImpl.useContextualLobCreation HHH000424: Disabling contextual LOB creation as createClob() method threw error : java.lang.reflect.InvocationTargetException
08-May-2025 11:34:58.888 INFO [http-nio-8080-exec-43] org.hibernate.type.BasicTypeRegistry.register HHH000270: Type registration [java.util.UUID] overrides previous : org.hibernate.type.UUIDBinaryType@568510b9
08-May-2025 11:34:59.173 INFO [http-nio-8080-exec-43] org.hibernate.validator.internal.util.Version.<clinit> HV000001: Hibernate Validator 6.1.5.Final
08-May-2025 11:35:00.416 INFO [http-nio-8080-exec-43] org.springframework.web.servlet.FrameworkServlet.initServletBean Completed initialization in 2745 ms
08-May-2025 11:35:00.419 INFO [http-nio-8080-exec-43] org.apache.catalina.startup.HostConfig.deployWAR Deployment of web application archive [C:\Users\HP\Desktop\javaspring\apache-tomcat-9.0.104\webapps\CollaborativeFarming.war] has finished in [4,649] ms
08-May-2025 11:35:27.647 INFO [http-nio-8080-exec-42] org.hibernate.hql.internal.QueryTranslatorFactoryInitiator.initiateService HHH000397: Using ASTQueryTranslatorFactory
08-May-2025 11:36:07.636 WARNING [http-nio-8080-exec-49] org.springframework.web.servlet.DispatcherServlet.noHandlerFound No mapping for GET /CollaborativeFarming/api/services/getProvidersByService
08-May-2025 11:52:01.729 WARNING [http-nio-8080-exec-55] org.apache.catalina.loader.WebappClassLoaderBase.clearReferencesJdbc The web application [CollaborativeFarming] registered the JDBC driver [org.postgresql.Driver] but failed to unregister it when the web application was stopped. To prevent a memory leak, the JDBC Driver has been forcibly unregistered.
08-May-2025 11:52:03.182 INFO [http-nio-8080-exec-47] org.apache.catalina.util.LifecycleBase.stop The stop() method was called on component [StandardEngine[Catalina].StandardHost[localhost].StandardContext[/CollaborativeFarming]] after stop() had already been called. The second call will be ignored.
08-May-2025 11:52:03.218 INFO [http-nio-8080-exec-47] org.apache.catalina.startup.HostConfig.undeploy Undeploying context [/CollaborativeFarming]
08-May-2025 11:52:07.431 INFO [http-nio-8080-exec-49] org.apache.catalina.startup.HostConfig.deployWAR Deploying web application archive [C:\Users\HP\Desktop\javaspring\apache-tomcat-9.0.104\webapps\CollaborativeFarming.war]
08-May-2025 11:52:09.301 INFO [http-nio-8080-exec-49] org.apache.jasper.servlet.TldScanner.scanJars At least one JAR was scanned for TLDs yet contained no TLDs. Enable debug logging for this logger for a complete list of JARs that were scanned but no TLDs were found in them. Skipping unneeded JARs during scanning can improve startup time and JSP compilation time.
08-May-2025 11:52:09.428 INFO [http-nio-8080-exec-49] org.springframework.web.servlet.FrameworkServlet.initServletBean Initializing Servlet 'dispatcher'
08-May-2025 11:52:10.097 INFO [http-nio-8080-exec-49] org.hibernate.Version.logVersion HHH000412: Hibernate Core {5.3.30.Final}
08-May-2025 11:52:10.099 INFO [http-nio-8080-exec-49] org.hibernate.cfg.Environment.<clinit> HHH000206: hibernate.properties not found
08-May-2025 11:52:10.337 INFO [http-nio-8080-exec-49] org.hibernate.annotations.common.reflection.java.JavaReflectionManager.<clinit> HCANN000001: Hibernate Commons Annotations {5.0.5.Final}
08-May-2025 11:52:10.613 INFO [http-nio-8080-exec-49] org.hibernate.dialect.Dialect.<init> HHH000400: Using dialect: org.hibernate.dialect.PostgreSQLDialect
08-May-2025 11:52:10.693 INFO [http-nio-8080-exec-49] org.hibernate.engine.jdbc.env.internal.LobCreatorBuilderImpl.useContextualLobCreation HHH000424: Disabling contextual LOB creation as createClob() method threw error : java.lang.reflect.InvocationTargetException
08-May-2025 11:52:10.695 INFO [http-nio-8080-exec-49] org.hibernate.type.BasicTypeRegistry.register HHH000270: Type registration [java.util.UUID] overrides previous : org.hibernate.type.UUIDBinaryType@7fd16bef
08-May-2025 11:52:10.966 INFO [http-nio-8080-exec-49] org.hibernate.validator.internal.util.Version.<clinit> HV000001: Hibernate Validator 6.1.5.Final
08-May-2025 11:52:12.215 INFO [http-nio-8080-exec-49] org.springframework.web.servlet.FrameworkServlet.initServletBean Completed initialization in 2787 ms
08-May-2025 11:52:12.215 INFO [http-nio-8080-exec-49] org.apache.catalina.startup.HostConfig.deployWAR Deployment of web application archive [C:\Users\HP\Desktop\javaspring\apache-tomcat-9.0.104\webapps\CollaborativeFarming.war] has finished in [4,785] ms
08-May-2025 11:52:14.027 INFO [http-nio-8080-exec-50] org.hibernate.hql.internal.QueryTranslatorFactoryInitiator.initiateService HHH000397: Using ASTQueryTranslatorFactory
08-May-2025 11:54:29.252 WARNING [http-nio-8080-exec-57] org.apache.catalina.loader.WebappClassLoaderBase.clearReferencesJdbc The web application [CollaborativeFarming] registered the JDBC driver [org.postgresql.Driver] but failed to unregister it when the web application was stopped. To prevent a memory leak, the JDBC Driver has been forcibly unregistered.
08-May-2025 11:54:30.107 INFO [http-nio-8080-exec-62] org.apache.catalina.util.LifecycleBase.stop The stop() method was called on component [StandardEngine[Catalina].StandardHost[localhost].StandardContext[/CollaborativeFarming]] after stop() had already been called. The second call will be ignored.
08-May-2025 11:54:30.141 INFO [http-nio-8080-exec-62] org.apache.catalina.startup.HostConfig.undeploy Undeploying context [/CollaborativeFarming]
08-May-2025 11:54:35.928 INFO [http-nio-8080-exec-65] org.apache.catalina.startup.HostConfig.deployWAR Deploying web application archive [C:\Users\HP\Desktop\javaspring\apache-tomcat-9.0.104\webapps\CollaborativeFarming.war]
08-May-2025 11:54:37.733 INFO [http-nio-8080-exec-65] org.apache.jasper.servlet.TldScanner.scanJars At least one JAR was scanned for TLDs yet contained no TLDs. Enable debug logging for this logger for a complete list of JARs that were scanned but no TLDs were found in them. Skipping unneeded JARs during scanning can improve startup time and JSP compilation time.
08-May-2025 11:54:37.846 INFO [http-nio-8080-exec-65] org.springframework.web.servlet.FrameworkServlet.initServletBean Initializing Servlet 'dispatcher'
08-May-2025 11:54:38.482 INFO [http-nio-8080-exec-65] org.hibernate.Version.logVersion HHH000412: Hibernate Core {5.3.30.Final}
08-May-2025 11:54:38.484 INFO [http-nio-8080-exec-65] org.hibernate.cfg.Environment.<clinit> HHH000206: hibernate.properties not found
08-May-2025 11:54:38.711 INFO [http-nio-8080-exec-65] org.hibernate.annotations.common.reflection.java.JavaReflectionManager.<clinit> HCANN000001: Hibernate Commons Annotations {5.0.5.Final}
08-May-2025 11:54:38.988 INFO [http-nio-8080-exec-65] org.hibernate.dialect.Dialect.<init> HHH000400: Using dialect: org.hibernate.dialect.PostgreSQLDialect
08-May-2025 11:54:39.070 INFO [http-nio-8080-exec-65] org.hibernate.engine.jdbc.env.internal.LobCreatorBuilderImpl.useContextualLobCreation HHH000424: Disabling contextual LOB creation as createClob() method threw error : java.lang.reflect.InvocationTargetException
08-May-2025 11:54:39.077 INFO [http-nio-8080-exec-65] org.hibernate.type.BasicTypeRegistry.register HHH000270: Type registration [java.util.UUID] overrides previous : org.hibernate.type.UUIDBinaryType@278cc990
08-May-2025 11:54:39.352 INFO [http-nio-8080-exec-65] org.hibernate.validator.internal.util.Version.<clinit> HV000001: Hibernate Validator 6.1.5.Final
08-May-2025 11:54:40.625 INFO [http-nio-8080-exec-65] org.springframework.web.servlet.FrameworkServlet.initServletBean Completed initialization in 2779 ms
08-May-2025 11:54:40.628 INFO [http-nio-8080-exec-65] org.apache.catalina.startup.HostConfig.deployWAR Deployment of web application archive [C:\Users\HP\Desktop\javaspring\apache-tomcat-9.0.104\webapps\CollaborativeFarming.war] has finished in [4,699] ms
08-May-2025 11:54:41.685 INFO [http-nio-8080-exec-63] org.hibernate.hql.internal.QueryTranslatorFactoryInitiator.initiateService HHH000397: Using ASTQueryTranslatorFactory
08-May-2025 11:55:43.102 WARNING [http-nio-8080-exec-68] org.apache.catalina.loader.WebappClassLoaderBase.clearReferencesJdbc The web application [CollaborativeFarming] registered the JDBC driver [org.postgresql.Driver] but failed to unregister it when the web application was stopped. To prevent a memory leak, the JDBC Driver has been forcibly unregistered.
08-May-2025 11:55:44.308 INFO [http-nio-8080-exec-73] org.apache.catalina.util.LifecycleBase.stop The stop() method was called on component [StandardEngine[Catalina].StandardHost[localhost].StandardContext[/CollaborativeFarming]] after stop() had already been called. The second call will be ignored.
08-May-2025 11:55:44.345 INFO [http-nio-8080-exec-73] org.apache.catalina.startup.HostConfig.undeploy Undeploying context [/CollaborativeFarming]
08-May-2025 11:55:48.818 INFO [http-nio-8080-exec-67] org.apache.catalina.startup.HostConfig.deployWAR Deploying web application archive [C:\Users\HP\Desktop\javaspring\apache-tomcat-9.0.104\webapps\CollaborativeFarming.war]
08-May-2025 11:55:50.597 INFO [http-nio-8080-exec-67] org.apache.jasper.servlet.TldScanner.scanJars At least one JAR was scanned for TLDs yet contained no TLDs. Enable debug logging for this logger for a complete list of JARs that were scanned but no TLDs were found in them. Skipping unneeded JARs during scanning can improve startup time and JSP compilation time.
08-May-2025 11:55:50.733 INFO [http-nio-8080-exec-67] org.springframework.web.servlet.FrameworkServlet.initServletBean Initializing Servlet 'dispatcher'
08-May-2025 11:55:51.361 INFO [http-nio-8080-exec-67] org.hibernate.Version.logVersion HHH000412: Hibernate Core {5.3.30.Final}
08-May-2025 11:55:51.363 INFO [http-nio-8080-exec-67] org.hibernate.cfg.Environment.<clinit> HHH000206: hibernate.properties not found
08-May-2025 11:55:51.590 INFO [http-nio-8080-exec-67] org.hibernate.annotations.common.reflection.java.JavaReflectionManager.<clinit> HCANN000001: Hibernate Commons Annotations {5.0.5.Final}
08-May-2025 11:55:51.859 INFO [http-nio-8080-exec-67] org.hibernate.dialect.Dialect.<init> HHH000400: Using dialect: org.hibernate.dialect.PostgreSQLDialect
08-May-2025 11:55:51.930 INFO [http-nio-8080-exec-67] org.hibernate.engine.jdbc.env.internal.LobCreatorBuilderImpl.useContextualLobCreation HHH000424: Disabling contextual LOB creation as createClob() method threw error : java.lang.reflect.InvocationTargetException
08-May-2025 11:55:51.950 INFO [http-nio-8080-exec-67] org.hibernate.type.BasicTypeRegistry.register HHH000270: Type registration [java.util.UUID] overrides previous : org.hibernate.type.UUIDBinaryType@1a16d413
08-May-2025 11:55:52.215 INFO [http-nio-8080-exec-67] org.hibernate.validator.internal.util.Version.<clinit> HV000001: Hibernate Validator 6.1.5.Final
08-May-2025 11:55:53.495 INFO [http-nio-8080-exec-67] org.springframework.web.servlet.FrameworkServlet.initServletBean Completed initialization in 2761 ms
08-May-2025 11:55:53.495 INFO [http-nio-8080-exec-67] org.apache.catalina.startup.HostConfig.deployWAR Deployment of web application archive [C:\Users\HP\Desktop\javaspring\apache-tomcat-9.0.104\webapps\CollaborativeFarming.war] has finished in [4,677] ms
08-May-2025 11:55:56.022 INFO [http-nio-8080-exec-70] org.hibernate.hql.internal.QueryTranslatorFactoryInitiator.initiateService HHH000397: Using ASTQueryTranslatorFactory
08-May-2025 16:22:42.531 INFO [Thread-1] org.apache.coyote.AbstractProtocol.pause Pausing ProtocolHandler ["http-nio-8080"]
08-May-2025 16:22:42.593 INFO [Thread-1] org.apache.catalina.core.StandardService.stopInternal Stopping service [Catalina]
08-May-2025 16:22:43.224 WARNING [Thread-1] org.apache.catalina.loader.WebappClassLoaderBase.clearReferencesJdbc The web application [CollaborativeFarming] registered the JDBC driver [org.postgresql.Driver] but failed to unregister it when the web application was stopped. To prevent a memory leak, the JDBC Driver has been forcibly unregistered.
08-May-2025 16:22:43.254 INFO [Thread-1] org.apache.coyote.AbstractProtocol.stop Stopping ProtocolHandler ["http-nio-8080"]
08-May-2025 16:22:43.270 INFO [Thread-1] org.apache.coyote.AbstractProtocol.destroy Destroying ProtocolHandler ["http-nio-8080"]
