18-Apr-2025 11:39:37.623 INFO [main] org.apache.catalina.startup.VersionLoggerListener.log Server version name:   Apache Tomcat/9.0.104
18-Apr-2025 11:39:37.629 INFO [main] org.apache.catalina.startup.VersionLoggerListener.log Server built:          Apr 4 2025 12:32:55 UTC
18-Apr-2025 11:39:37.629 INFO [main] org.apache.catalina.startup.VersionLoggerListener.log Server version number: 9.0.104.0
18-Apr-2025 11:39:37.629 INFO [main] org.apache.catalina.startup.VersionLoggerListener.log OS Name:               Windows 11
18-Apr-2025 11:39:37.631 INFO [main] org.apache.catalina.startup.VersionLoggerListener.log OS Version:            10.0
18-Apr-2025 11:39:37.631 INFO [main] org.apache.catalina.startup.VersionLoggerListener.log Architecture:          amd64
18-Apr-2025 11:39:37.631 INFO [main] org.apache.catalina.startup.VersionLoggerListener.log Java Home:             C:\Program Files\Java\jdk-23
18-Apr-2025 11:39:37.631 INFO [main] org.apache.catalina.startup.VersionLoggerListener.log JVM Version:           23.0.1+11-39
18-Apr-2025 11:39:37.631 INFO [main] org.apache.catalina.startup.VersionLoggerListener.log JVM Vendor:            Oracle Corporation
18-Apr-2025 11:39:37.632 INFO [main] org.apache.catalina.startup.VersionLoggerListener.log CATALINA_BASE:         C:\Users\HP\Desktop\javaspring\apache-tomcat-9.0.104
18-Apr-2025 11:39:37.632 INFO [main] org.apache.catalina.startup.VersionLoggerListener.log CATALINA_HOME:         C:\Users\HP\Desktop\javaspring\apache-tomcat-9.0.104
18-Apr-2025 11:39:37.646 INFO [main] org.apache.catalina.startup.VersionLoggerListener.log Command line argument: --add-opens=java.base/java.lang=ALL-UNNAMED
18-Apr-2025 11:39:37.647 INFO [main] org.apache.catalina.startup.VersionLoggerListener.log Command line argument: --add-opens=java.base/java.lang.invoke=ALL-UNNAMED
18-Apr-2025 11:39:37.647 INFO [main] org.apache.catalina.startup.VersionLoggerListener.log Command line argument: --add-opens=java.base/java.lang.reflect=ALL-UNNAMED
18-Apr-2025 11:39:37.647 INFO [main] org.apache.catalina.startup.VersionLoggerListener.log Command line argument: --add-opens=java.base/java.io=ALL-UNNAMED
18-Apr-2025 11:39:37.647 INFO [main] org.apache.catalina.startup.VersionLoggerListener.log Command line argument: --add-opens=java.base/java.util=ALL-UNNAMED
18-Apr-2025 11:39:37.648 INFO [main] org.apache.catalina.startup.VersionLoggerListener.log Command line argument: --add-opens=java.base/java.util.concurrent=ALL-UNNAMED
18-Apr-2025 11:39:37.648 INFO [main] org.apache.catalina.startup.VersionLoggerListener.log Command line argument: --add-opens=java.rmi/sun.rmi.transport=ALL-UNNAMED
18-Apr-2025 11:39:37.648 INFO [main] org.apache.catalina.startup.VersionLoggerListener.log Command line argument: -Djava.util.logging.config.file=C:\Users\HP\Desktop\javaspring\apache-tomcat-9.0.104\conf\logging.properties
18-Apr-2025 11:39:37.648 INFO [main] org.apache.catalina.startup.VersionLoggerListener.log Command line argument: -Djava.util.logging.manager=org.apache.juli.ClassLoaderLogManager
18-Apr-2025 11:39:37.649 INFO [main] org.apache.catalina.startup.VersionLoggerListener.log Command line argument: -Djdk.tls.ephemeralDHKeySize=2048
18-Apr-2025 11:39:37.649 INFO [main] org.apache.catalina.startup.VersionLoggerListener.log Command line argument: -Djava.protocol.handler.pkgs=org.apache.catalina.webresources
18-Apr-2025 11:39:37.649 INFO [main] org.apache.catalina.startup.VersionLoggerListener.log Command line argument: -Dsun.io.useCanonCaches=false
18-Apr-2025 11:39:37.649 INFO [main] org.apache.catalina.startup.VersionLoggerListener.log Command line argument: -Dignore.endorsed.dirs=
18-Apr-2025 11:39:37.649 INFO [main] org.apache.catalina.startup.VersionLoggerListener.log Command line argument: -Dcatalina.base=C:\Users\HP\Desktop\javaspring\apache-tomcat-9.0.104
18-Apr-2025 11:39:37.649 INFO [main] org.apache.catalina.startup.VersionLoggerListener.log Command line argument: -Dcatalina.home=C:\Users\HP\Desktop\javaspring\apache-tomcat-9.0.104
18-Apr-2025 11:39:37.650 INFO [main] org.apache.catalina.startup.VersionLoggerListener.log Command line argument: -Djava.io.tmpdir=C:\Users\HP\Desktop\javaspring\apache-tomcat-9.0.104\temp
18-Apr-2025 11:39:37.658 INFO [main] org.apache.catalina.core.AprLifecycleListener.lifecycleEvent Loaded Apache Tomcat Native library [1.3.1] using APR version [1.7.4].
18-Apr-2025 11:39:37.658 INFO [main] org.apache.catalina.core.AprLifecycleListener.lifecycleEvent APR capabilities: IPv6 [true], sendfile [true], accept filters [false], random [true], UDS [true].
18-Apr-2025 11:39:37.658 INFO [main] org.apache.catalina.core.AprLifecycleListener.lifecycleEvent APR/OpenSSL configuration: useAprConnector [false], useOpenSSL [true]
18-Apr-2025 11:39:37.681 INFO [main] org.apache.catalina.core.AprLifecycleListener.initializeSSL OpenSSL successfully initialized [OpenSSL 3.0.14 4 Jun 2024]
18-Apr-2025 11:39:38.093 INFO [main] org.apache.coyote.AbstractProtocol.init Initializing ProtocolHandler ["http-nio-8080"]
18-Apr-2025 11:39:38.117 INFO [main] org.apache.catalina.startup.Catalina.load Server initialization in [721] milliseconds
18-Apr-2025 11:39:38.168 INFO [main] org.apache.catalina.core.StandardService.startInternal Starting service [Catalina]
18-Apr-2025 11:39:38.169 INFO [main] org.apache.catalina.core.StandardEngine.startInternal Starting Servlet engine: [Apache Tomcat/9.0.104]
18-Apr-2025 11:39:38.193 INFO [main] org.apache.catalina.startup.HostConfig.deployWAR Deploying web application archive [C:\Users\HP\Desktop\javaspring\apache-tomcat-9.0.104\webapps\CollabeFarm.war]
18-Apr-2025 11:39:40.690 INFO [main] org.apache.jasper.servlet.TldScanner.scanJars At least one JAR was scanned for TLDs yet contained no TLDs. Enable debug logging for this logger for a complete list of JARs that were scanned but no TLDs were found in them. Skipping unneeded JARs during scanning can improve startup time and JSP compilation time.
18-Apr-2025 11:39:40.741 INFO [main] org.springframework.web.context.ContextLoader.initWebApplicationContext Root WebApplicationContext: initialization started
18-Apr-2025 11:39:41.761 INFO [main] org.hibernate.Version.logVersion HHH000412: Hibernate ORM core version 5.6.15.Final
18-Apr-2025 11:39:42.267 INFO [main] org.hibernate.annotations.common.reflection.java.JavaReflectionManager.<clinit> HCANN000001: Hibernate Commons Annotations {5.1.2.Final}
18-Apr-2025 11:39:43.069 INFO [main] org.hibernate.dialect.Dialect.<init> HHH000400: Using dialect: org.hibernate.dialect.PostgreSQLDialect
18-Apr-2025 11:39:44.421 INFO [main] org.hibernate.engine.transaction.jta.platform.internal.JtaPlatformInitiator.initiateService HHH000490: Using JtaPlatform implementation: [org.hibernate.engine.transaction.jta.platform.internal.NoJtaPlatform]
18-Apr-2025 11:39:44.593 INFO [main] org.springframework.web.context.ContextLoader.initWebApplicationContext Root WebApplicationContext initialized in 3852 ms
18-Apr-2025 11:39:44.646 INFO [main] org.springframework.web.servlet.FrameworkServlet.initServletBean Initializing Servlet 'dispatcher'
18-Apr-2025 11:39:45.781 INFO [main] org.springframework.web.servlet.FrameworkServlet.initServletBean Completed initialization in 1135 ms
18-Apr-2025 11:39:45.793 INFO [main] org.apache.catalina.startup.HostConfig.deployWAR Deployment of web application archive [C:\Users\HP\Desktop\javaspring\apache-tomcat-9.0.104\webapps\CollabeFarm.war] has finished in [7,600] ms
18-Apr-2025 11:39:45.794 INFO [main] org.apache.catalina.startup.HostConfig.deployDirectory Deploying web application directory [C:\Users\HP\Desktop\javaspring\apache-tomcat-9.0.104\webapps\docs]
18-Apr-2025 11:39:45.831 INFO [main] org.apache.catalina.startup.HostConfig.deployDirectory Deployment of web application directory [C:\Users\HP\Desktop\javaspring\apache-tomcat-9.0.104\webapps\docs] has finished in [37] ms
18-Apr-2025 11:39:45.832 INFO [main] org.apache.catalina.startup.HostConfig.deployDirectory Deploying web application directory [C:\Users\HP\Desktop\javaspring\apache-tomcat-9.0.104\webapps\examples]
18-Apr-2025 11:39:46.255 INFO [main] org.apache.catalina.startup.HostConfig.deployDirectory Deployment of web application directory [C:\Users\HP\Desktop\javaspring\apache-tomcat-9.0.104\webapps\examples] has finished in [423] ms
18-Apr-2025 11:39:46.256 INFO [main] org.apache.catalina.startup.HostConfig.deployDirectory Deploying web application directory [C:\Users\HP\Desktop\javaspring\apache-tomcat-9.0.104\webapps\host-manager]
18-Apr-2025 11:39:46.299 INFO [main] org.apache.catalina.startup.HostConfig.deployDirectory Deployment of web application directory [C:\Users\HP\Desktop\javaspring\apache-tomcat-9.0.104\webapps\host-manager] has finished in [43] ms
18-Apr-2025 11:39:46.300 INFO [main] org.apache.catalina.startup.HostConfig.deployDirectory Deploying web application directory [C:\Users\HP\Desktop\javaspring\apache-tomcat-9.0.104\webapps\manager]
18-Apr-2025 11:39:46.341 INFO [main] org.apache.catalina.startup.HostConfig.deployDirectory Deployment of web application directory [C:\Users\HP\Desktop\javaspring\apache-tomcat-9.0.104\webapps\manager] has finished in [42] ms
18-Apr-2025 11:39:46.342 INFO [main] org.apache.catalina.startup.HostConfig.deployDirectory Deploying web application directory [C:\Users\HP\Desktop\javaspring\apache-tomcat-9.0.104\webapps\ROOT]
18-Apr-2025 11:39:46.365 INFO [main] org.apache.catalina.startup.HostConfig.deployDirectory Deployment of web application directory [C:\Users\HP\Desktop\javaspring\apache-tomcat-9.0.104\webapps\ROOT] has finished in [23] ms
18-Apr-2025 11:39:46.369 INFO [main] org.apache.coyote.AbstractProtocol.start Starting ProtocolHandler ["http-nio-8080"]
18-Apr-2025 11:39:46.391 INFO [main] org.apache.catalina.startup.Catalina.start Server startup in [8272] milliseconds
