20-Apr-2025 23:25:08.767 INFO [main] org.apache.catalina.core.ApplicationContext.log No Spring WebApplicationInitializer types detected on classpath
20-Apr-2025 23:25:08.779 INFO [main] org.apache.catalina.core.ApplicationContext.log Initializing Spring root WebApplicationContext
20-Apr-2025 23:25:13.392 INFO [main] org.apache.catalina.core.ApplicationContext.log Initializing Spring DispatcherServlet 'dispatcher'
20-Apr-2025 23:25:15.213 INFO [main] org.apache.catalina.core.ApplicationContext.log ContextListener: contextInitialized()
20-Apr-2025 23:25:15.213 INFO [main] org.apache.catalina.core.ApplicationContext.log SessionListener: contextInitialized()
20-Apr-2025 23:25:15.216 INFO [main] org.apache.catalina.core.ApplicationContext.log ContextListener: attributeAdded('StockTicker', 'async.Stockticker@61231034')
20-Apr-2025 23:25:15.368 INFO [main] org.apache.catalina.core.ApplicationContext.log SessionListener: contextDestroyed()
20-Apr-2025 23:25:15.368 INFO [main] org.apache.catalina.core.ApplicationContext.log ContextListener: contextDestroyed()
20-Apr-2025 23:25:15.376 INFO [main] org.apache.catalina.core.ApplicationContext.log Destroying Spring FrameworkServlet 'dispatcher'
20-Apr-2025 23:25:15.377 INFO [main] org.apache.catalina.core.ApplicationContext.log Closing Spring root WebApplicationContext
20-Apr-2025 23:26:17.703 INFO [main] org.apache.catalina.core.ApplicationContext.log No Spring WebApplicationInitializer types detected on classpath
20-Apr-2025 23:26:17.716 INFO [main] org.apache.catalina.core.ApplicationContext.log Initializing Spring root WebApplicationContext
20-Apr-2025 23:26:22.065 INFO [main] org.apache.catalina.core.ApplicationContext.log Initializing Spring DispatcherServlet 'dispatcher'
20-Apr-2025 23:26:23.451 INFO [main] org.apache.catalina.core.ApplicationContext.log ContextListener: contextInitialized()
20-Apr-2025 23:26:23.451 INFO [main] org.apache.catalina.core.ApplicationContext.log SessionListener: contextInitialized()
20-Apr-2025 23:26:23.453 INFO [main] org.apache.catalina.core.ApplicationContext.log ContextListener: attributeAdded('StockTicker', 'async.Stockticker@322b500a')
20-Apr-2025 23:26:34.577 INFO [http-nio-8080-exec-1] org.apache.catalina.core.ApplicationContext.log Destroying Spring FrameworkServlet 'dispatcher'
20-Apr-2025 23:26:34.585 INFO [http-nio-8080-exec-1] org.apache.catalina.core.ApplicationContext.log Closing Spring root WebApplicationContext
20-Apr-2025 23:27:57.228 INFO [http-nio-8080-exec-11] org.apache.catalina.core.ApplicationContext.log No Spring WebApplicationInitializer types detected on classpath
20-Apr-2025 23:27:57.232 INFO [http-nio-8080-exec-11] org.apache.catalina.core.ApplicationContext.log Initializing Spring root WebApplicationContext
20-Apr-2025 23:27:57.702 INFO [http-nio-8080-exec-11] org.apache.catalina.core.ApplicationContext.log Initializing Spring DispatcherServlet 'dispatcher'
20-Apr-2025 23:30:29.681 INFO [http-nio-8080-exec-12] org.apache.catalina.core.ApplicationContext.log Destroying Spring FrameworkServlet 'dispatcher'
20-Apr-2025 23:30:29.698 INFO [http-nio-8080-exec-12] org.apache.catalina.core.ApplicationContext.log Closing Spring root WebApplicationContext
20-Apr-2025 23:31:20.639 INFO [http-nio-8080-exec-3] org.apache.catalina.core.ApplicationContext.log No Spring WebApplicationInitializer types detected on classpath
20-Apr-2025 23:31:20.642 INFO [http-nio-8080-exec-3] org.apache.catalina.core.ApplicationContext.log Initializing Spring root WebApplicationContext
20-Apr-2025 23:31:21.107 INFO [http-nio-8080-exec-3] org.apache.catalina.core.ApplicationContext.log Initializing Spring DispatcherServlet 'dispatcher'
20-Apr-2025 23:39:44.948 INFO [http-nio-8080-exec-22] org.apache.catalina.core.ApplicationContext.log Destroying Spring FrameworkServlet 'dispatcher'
20-Apr-2025 23:39:44.953 INFO [http-nio-8080-exec-22] org.apache.catalina.core.ApplicationContext.log Closing Spring root WebApplicationContext
20-Apr-2025 23:40:28.292 INFO [http-nio-8080-exec-21] org.apache.catalina.core.ApplicationContext.log No Spring WebApplicationInitializer types detected on classpath
20-Apr-2025 23:40:28.295 INFO [http-nio-8080-exec-21] org.apache.catalina.core.ApplicationContext.log Initializing Spring root WebApplicationContext
20-Apr-2025 23:40:28.729 INFO [http-nio-8080-exec-21] org.apache.catalina.core.ApplicationContext.log Initializing Spring DispatcherServlet 'dispatcher'
20-Apr-2025 23:51:42.741 INFO [http-nio-8080-exec-31] org.apache.catalina.core.ApplicationContext.log Destroying Spring FrameworkServlet 'dispatcher'
20-Apr-2025 23:51:42.744 INFO [http-nio-8080-exec-31] org.apache.catalina.core.ApplicationContext.log Closing Spring root WebApplicationContext
20-Apr-2025 23:51:57.116 INFO [http-nio-8080-exec-30] org.apache.catalina.core.ApplicationContext.log No Spring WebApplicationInitializer types detected on classpath
20-Apr-2025 23:51:57.319 INFO [http-nio-8080-exec-30] org.apache.catalina.core.ApplicationContext.log Initializing Spring DispatcherServlet 'dispatcher'
20-Apr-2025 23:57:14.919 INFO [http-nio-8080-exec-42] org.apache.catalina.core.ApplicationContext.log Destroying Spring FrameworkServlet 'dispatcher'
20-Apr-2025 23:59:13.121 INFO [http-nio-8080-exec-50] org.apache.catalina.core.ApplicationContext.log No Spring WebApplicationInitializer types detected on classpath
20-Apr-2025 23:59:13.358 INFO [http-nio-8080-exec-50] org.apache.catalina.core.ApplicationContext.log Initializing Spring DispatcherServlet 'dispatcher'
