23-Apr-2025 00:09:41.277 INFO [http-nio-8080-exec-10] org.apache.catalina.core.ApplicationContext.log HTMLManager: init: Associated with Deployer 'Catalina:type=Deployer,host=localhost'
23-Apr-2025 00:09:41.277 INFO [http-nio-8080-exec-10] org.apache.catalina.core.ApplicationContext.log HTMLManager: init: Global resources are available
23-Apr-2025 00:09:41.295 INFO [http-nio-8080-exec-10] org.apache.catalina.core.ApplicationContext.log HTMLManager: list: Listing contexts for virtual host 'localhost'
23-Apr-2025 00:09:45.865 INFO [http-nio-8080-exec-6] org.apache.catalina.core.ApplicationContext.log HTMLManager: stop: Stopping web application '/ColabFarm'
23-Apr-2025 00:09:45.926 INFO [http-nio-8080-exec-6] org.apache.catalina.core.ApplicationContext.log HTMLManager: list: Listing contexts for virtual host 'localhost'
23-Apr-2025 00:09:48.962 INFO [http-nio-8080-exec-2] org.apache.catalina.core.ApplicationContext.log HTMLManager: stop: Stopping web application '/ColabDemo'
23-Apr-2025 00:09:49.009 INFO [http-nio-8080-exec-2] org.apache.catalina.core.ApplicationContext.log HTMLManager: list: Listing contexts for virtual host 'localhost'
23-Apr-2025 00:09:51.533 INFO [http-nio-8080-exec-7] org.apache.catalina.core.ApplicationContext.log HTMLManager: undeploy: Undeploying web application at '/ColabDemo'
23-Apr-2025 00:09:51.581 INFO [http-nio-8080-exec-7] org.apache.catalina.core.ApplicationContext.log HTMLManager: list: Listing contexts for virtual host 'localhost'
23-Apr-2025 00:10:13.961 INFO [http-nio-8080-exec-9] org.apache.catalina.core.ApplicationContext.log HTMLManager: list: Listing contexts for virtual host 'localhost'
23-Apr-2025 11:04:15.896 INFO [http-nio-8080-exec-3] org.apache.catalina.core.ApplicationContext.log HTMLManager: init: Associated with Deployer 'Catalina:type=Deployer,host=localhost'
23-Apr-2025 11:04:15.896 INFO [http-nio-8080-exec-3] org.apache.catalina.core.ApplicationContext.log HTMLManager: init: Global resources are available
23-Apr-2025 11:04:15.899 INFO [http-nio-8080-exec-3] org.apache.catalina.core.ApplicationContext.log HTMLManager: list: Listing contexts for virtual host 'localhost'
23-Apr-2025 11:04:18.817 INFO [http-nio-8080-exec-8] org.apache.catalina.core.ApplicationContext.log HTMLManager: stop: Stopping web application '/ColabDemo'
23-Apr-2025 11:04:18.847 INFO [http-nio-8080-exec-8] org.apache.catalina.core.ApplicationContext.log HTMLManager: list: Listing contexts for virtual host 'localhost'
23-Apr-2025 11:04:20.039 INFO [http-nio-8080-exec-5] org.apache.catalina.core.ApplicationContext.log HTMLManager: undeploy: Undeploying web application at '/ColabDemo'
23-Apr-2025 11:04:20.066 INFO [http-nio-8080-exec-5] org.apache.catalina.core.ApplicationContext.log HTMLManager: list: Listing contexts for virtual host 'localhost'
23-Apr-2025 11:04:38.291 INFO [http-nio-8080-exec-3] org.apache.catalina.core.ApplicationContext.log HTMLManager: list: Listing contexts for virtual host 'localhost'
23-Apr-2025 11:16:13.931 INFO [http-nio-8080-exec-13] org.apache.catalina.core.ApplicationContext.log HTMLManager: stop: Stopping web application '/ColabDemo'
23-Apr-2025 11:16:13.977 INFO [http-nio-8080-exec-13] org.apache.catalina.core.ApplicationContext.log HTMLManager: list: Listing contexts for virtual host 'localhost'
23-Apr-2025 11:16:15.080 INFO [http-nio-8080-exec-12] org.apache.catalina.core.ApplicationContext.log HTMLManager: undeploy: Undeploying web application at '/ColabDemo'
23-Apr-2025 11:16:15.105 INFO [http-nio-8080-exec-12] org.apache.catalina.core.ApplicationContext.log HTMLManager: list: Listing contexts for virtual host 'localhost'
23-Apr-2025 11:16:24.129 INFO [http-nio-8080-exec-15] org.apache.catalina.core.ApplicationContext.log HTMLManager: list: Listing contexts for virtual host 'localhost'
23-Apr-2025 11:18:00.781 INFO [http-nio-8080-exec-21] org.apache.catalina.core.ApplicationContext.log HTMLManager: stop: Stopping web application '/ColabDemo'
23-Apr-2025 11:18:00.798 INFO [http-nio-8080-exec-21] org.apache.catalina.core.ApplicationContext.log HTMLManager: list: Listing contexts for virtual host 'localhost'
23-Apr-2025 11:18:02.100 INFO [http-nio-8080-exec-27] org.apache.catalina.core.ApplicationContext.log HTMLManager: undeploy: Undeploying web application at '/ColabDemo'
23-Apr-2025 11:18:02.125 INFO [http-nio-8080-exec-27] org.apache.catalina.core.ApplicationContext.log HTMLManager: list: Listing contexts for virtual host 'localhost'
23-Apr-2025 11:18:11.561 INFO [http-nio-8080-exec-24] org.apache.catalina.core.ApplicationContext.log HTMLManager: list: Listing contexts for virtual host 'localhost'
23-Apr-2025 12:25:43.643 INFO [http-nio-8080-exec-33] org.apache.catalina.core.ApplicationContext.log HTMLManager: list: Listing contexts for virtual host 'localhost'
23-Apr-2025 12:25:48.128 INFO [http-nio-8080-exec-36] org.apache.catalina.core.ApplicationContext.log HTMLManager: stop: Stopping web application '/ColabDemo'
23-Apr-2025 12:25:48.539 INFO [http-nio-8080-exec-36] org.apache.catalina.core.ApplicationContext.log HTMLManager: list: Listing contexts for virtual host 'localhost'
23-Apr-2025 12:25:50.133 INFO [http-nio-8080-exec-29] org.apache.catalina.core.ApplicationContext.log HTMLManager: undeploy: Undeploying web application at '/ColabDemo'
23-Apr-2025 12:25:50.168 INFO [http-nio-8080-exec-29] org.apache.catalina.core.ApplicationContext.log HTMLManager: list: Listing contexts for virtual host 'localhost'
23-Apr-2025 12:26:03.743 INFO [http-nio-8080-exec-32] org.apache.catalina.core.ApplicationContext.log HTMLManager: list: Listing contexts for virtual host 'localhost'
23-Apr-2025 12:42:51.384 INFO [http-nio-8080-exec-39] org.apache.catalina.core.ApplicationContext.log HTMLManager: stop: Stopping web application '/ColabDemo'
23-Apr-2025 12:42:51.435 INFO [http-nio-8080-exec-39] org.apache.catalina.core.ApplicationContext.log HTMLManager: list: Listing contexts for virtual host 'localhost'
23-Apr-2025 12:42:53.152 INFO [http-nio-8080-exec-48] org.apache.catalina.core.ApplicationContext.log HTMLManager: undeploy: Undeploying web application at '/ColabDemo'
23-Apr-2025 12:42:53.188 INFO [http-nio-8080-exec-48] org.apache.catalina.core.ApplicationContext.log HTMLManager: list: Listing contexts for virtual host 'localhost'
23-Apr-2025 12:42:58.684 INFO [http-nio-8080-exec-40] org.apache.catalina.core.ApplicationContext.log HTMLManager: list: Listing contexts for virtual host 'localhost'
23-Apr-2025 12:46:47.255 INFO [http-nio-8080-exec-49] org.apache.catalina.core.ApplicationContext.log HTMLManager: stop: Stopping web application '/ColabDemo'
23-Apr-2025 12:46:47.292 INFO [http-nio-8080-exec-49] org.apache.catalina.core.ApplicationContext.log HTMLManager: list: Listing contexts for virtual host 'localhost'
23-Apr-2025 12:46:48.414 INFO [http-nio-8080-exec-51] org.apache.catalina.core.ApplicationContext.log HTMLManager: undeploy: Undeploying web application at '/ColabDemo'
23-Apr-2025 12:46:48.443 INFO [http-nio-8080-exec-51] org.apache.catalina.core.ApplicationContext.log HTMLManager: list: Listing contexts for virtual host 'localhost'
23-Apr-2025 12:46:57.845 INFO [http-nio-8080-exec-57] org.apache.catalina.core.ApplicationContext.log HTMLManager: list: Listing contexts for virtual host 'localhost'
23-Apr-2025 12:54:51.507 INFO [http-nio-8080-exec-60] org.apache.catalina.core.ApplicationContext.log HTMLManager: stop: Stopping web application '/ColabDemo'
23-Apr-2025 12:54:51.523 INFO [http-nio-8080-exec-60] org.apache.catalina.core.ApplicationContext.log HTMLManager: list: Listing contexts for virtual host 'localhost'
23-Apr-2025 12:54:52.626 INFO [http-nio-8080-exec-66] org.apache.catalina.core.ApplicationContext.log HTMLManager: undeploy: Undeploying web application at '/ColabDemo'
23-Apr-2025 12:54:52.657 INFO [http-nio-8080-exec-66] org.apache.catalina.core.ApplicationContext.log HTMLManager: list: Listing contexts for virtual host 'localhost'
23-Apr-2025 12:55:18.228 INFO [http-nio-8080-exec-64] org.apache.catalina.core.ApplicationContext.log HTMLManager: list: Listing contexts for virtual host 'localhost'
23-Apr-2025 13:07:43.745 INFO [http-nio-8080-exec-77] org.apache.catalina.core.ApplicationContext.log HTMLManager: stop: Stopping web application '/ColabDemo'
23-Apr-2025 13:07:43.784 INFO [http-nio-8080-exec-77] org.apache.catalina.core.ApplicationContext.log HTMLManager: list: Listing contexts for virtual host 'localhost'
23-Apr-2025 13:07:47.062 INFO [http-nio-8080-exec-76] org.apache.catalina.core.ApplicationContext.log HTMLManager: undeploy: Undeploying web application at '/ColabDemo'
23-Apr-2025 13:07:47.091 INFO [http-nio-8080-exec-76] org.apache.catalina.core.ApplicationContext.log HTMLManager: list: Listing contexts for virtual host 'localhost'
23-Apr-2025 13:07:54.022 INFO [http-nio-8080-exec-71] org.apache.catalina.core.ApplicationContext.log HTMLManager: list: Listing contexts for virtual host 'localhost'
23-Apr-2025 15:39:00.123 INFO [http-nio-8080-exec-84] org.apache.catalina.core.ApplicationContext.log HTMLManager: list: Listing contexts for virtual host 'localhost'
23-Apr-2025 15:39:03.419 INFO [http-nio-8080-exec-85] org.apache.catalina.core.ApplicationContext.log HTMLManager: stop: Stopping web application '/ColabDemo'
23-Apr-2025 15:39:03.531 INFO [http-nio-8080-exec-85] org.apache.catalina.core.ApplicationContext.log HTMLManager: list: Listing contexts for virtual host 'localhost'
23-Apr-2025 15:39:04.995 INFO [http-nio-8080-exec-78] org.apache.catalina.core.ApplicationContext.log HTMLManager: undeploy: Undeploying web application at '/ColabDemo'
23-Apr-2025 15:39:05.057 INFO [http-nio-8080-exec-78] org.apache.catalina.core.ApplicationContext.log HTMLManager: list: Listing contexts for virtual host 'localhost'
23-Apr-2025 15:39:15.458 INFO [http-nio-8080-exec-81] org.apache.catalina.core.ApplicationContext.log HTMLManager: list: Listing contexts for virtual host 'localhost'
23-Apr-2025 15:42:39.938 INFO [http-nio-8080-exec-88] org.apache.catalina.core.ApplicationContext.log HTMLManager: stop: Stopping web application '/ColabDemo'
23-Apr-2025 15:42:39.948 INFO [http-nio-8080-exec-88] org.apache.catalina.core.ApplicationContext.log HTMLManager: list: Listing contexts for virtual host 'localhost'
23-Apr-2025 15:42:41.762 INFO [http-nio-8080-exec-89] org.apache.catalina.core.ApplicationContext.log HTMLManager: undeploy: Undeploying web application at '/ColabDemo'
23-Apr-2025 15:42:41.875 INFO [http-nio-8080-exec-89] org.apache.catalina.core.ApplicationContext.log HTMLManager: list: Listing contexts for virtual host 'localhost'
23-Apr-2025 15:42:52.787 INFO [http-nio-8080-exec-86] org.apache.catalina.core.ApplicationContext.log HTMLManager: list: Listing contexts for virtual host 'localhost'
23-Apr-2025 15:45:36.629 INFO [http-nio-8080-exec-97] org.apache.catalina.core.ApplicationContext.log HTMLManager: stop: Stopping web application '/ColabDemo'
23-Apr-2025 15:45:36.637 INFO [http-nio-8080-exec-97] org.apache.catalina.core.ApplicationContext.log HTMLManager: list: Listing contexts for virtual host 'localhost'
23-Apr-2025 15:45:37.442 INFO [http-nio-8080-exec-101] org.apache.catalina.core.ApplicationContext.log HTMLManager: undeploy: Undeploying web application at '/ColabDemo'
23-Apr-2025 15:45:37.508 INFO [http-nio-8080-exec-101] org.apache.catalina.core.ApplicationContext.log HTMLManager: list: Listing contexts for virtual host 'localhost'
23-Apr-2025 15:45:51.018 INFO [http-nio-8080-exec-98] org.apache.catalina.core.ApplicationContext.log HTMLManager: list: Listing contexts for virtual host 'localhost'
23-Apr-2025 15:49:44.566 INFO [http-nio-8080-exec-109] org.apache.catalina.core.ApplicationContext.log HTMLManager: stop: Stopping web application '/ColabDemo'
23-Apr-2025 15:49:44.592 INFO [http-nio-8080-exec-109] org.apache.catalina.core.ApplicationContext.log HTMLManager: list: Listing contexts for virtual host 'localhost'
23-Apr-2025 15:49:45.883 INFO [http-nio-8080-exec-110] org.apache.catalina.core.ApplicationContext.log HTMLManager: undeploy: Undeploying web application at '/ColabDemo'
23-Apr-2025 15:49:45.932 INFO [http-nio-8080-exec-110] org.apache.catalina.core.ApplicationContext.log HTMLManager: list: Listing contexts for virtual host 'localhost'
23-Apr-2025 15:49:58.828 INFO [http-nio-8080-exec-113] org.apache.catalina.core.ApplicationContext.log HTMLManager: list: Listing contexts for virtual host 'localhost'
23-Apr-2025 15:53:10.054 INFO [http-nio-8080-exec-119] org.apache.catalina.core.ApplicationContext.log HTMLManager: stop: Stopping web application '/ColabDemo'
23-Apr-2025 15:53:10.086 INFO [http-nio-8080-exec-119] org.apache.catalina.core.ApplicationContext.log HTMLManager: list: Listing contexts for virtual host 'localhost'
23-Apr-2025 15:53:12.026 INFO [http-nio-8080-exec-122] org.apache.catalina.core.ApplicationContext.log HTMLManager: undeploy: Undeploying web application at '/ColabDemo'
23-Apr-2025 15:53:12.078 INFO [http-nio-8080-exec-122] org.apache.catalina.core.ApplicationContext.log HTMLManager: list: Listing contexts for virtual host 'localhost'
23-Apr-2025 15:53:25.402 INFO [http-nio-8080-exec-121] org.apache.catalina.core.ApplicationContext.log HTMLManager: list: Listing contexts for virtual host 'localhost'
23-Apr-2025 15:56:33.586 INFO [http-nio-8080-exec-126] org.apache.catalina.core.ApplicationContext.log HTMLManager: stop: Stopping web application '/ColabDemo'
23-Apr-2025 15:56:33.611 INFO [http-nio-8080-exec-126] org.apache.catalina.core.ApplicationContext.log HTMLManager: list: Listing contexts for virtual host 'localhost'
23-Apr-2025 15:56:34.719 INFO [http-nio-8080-exec-129] org.apache.catalina.core.ApplicationContext.log HTMLManager: undeploy: Undeploying web application at '/ColabDemo'
23-Apr-2025 15:56:34.775 INFO [http-nio-8080-exec-129] org.apache.catalina.core.ApplicationContext.log HTMLManager: list: Listing contexts for virtual host 'localhost'
23-Apr-2025 15:56:47.274 INFO [http-nio-8080-exec-127] org.apache.catalina.core.ApplicationContext.log HTMLManager: list: Listing contexts for virtual host 'localhost'
23-Apr-2025 16:01:36.381 INFO [http-nio-8080-exec-144] org.apache.catalina.core.ApplicationContext.log HTMLManager: stop: Stopping web application '/ColabDemo'
23-Apr-2025 16:01:36.435 INFO [http-nio-8080-exec-144] org.apache.catalina.core.ApplicationContext.log HTMLManager: list: Listing contexts for virtual host 'localhost'
23-Apr-2025 16:01:37.568 INFO [http-nio-8080-exec-139] org.apache.catalina.core.ApplicationContext.log HTMLManager: undeploy: Undeploying web application at '/ColabDemo'
23-Apr-2025 16:01:37.624 INFO [http-nio-8080-exec-139] org.apache.catalina.core.ApplicationContext.log HTMLManager: list: Listing contexts for virtual host 'localhost'
23-Apr-2025 16:01:52.539 INFO [http-nio-8080-exec-143] org.apache.catalina.core.ApplicationContext.log HTMLManager: list: Listing contexts for virtual host 'localhost'
23-Apr-2025 17:04:31.508 INFO [http-nio-8080-exec-147] org.apache.catalina.core.ApplicationContext.log HTMLManager: list: Listing contexts for virtual host 'localhost'
23-Apr-2025 17:04:36.817 INFO [http-nio-8080-exec-148] org.apache.catalina.core.ApplicationContext.log HTMLManager: stop: Stopping web application '/ColabDemo'
23-Apr-2025 17:04:37.291 INFO [http-nio-8080-exec-148] org.apache.catalina.core.ApplicationContext.log HTMLManager: list: Listing contexts for virtual host 'localhost'
23-Apr-2025 17:04:38.717 INFO [http-nio-8080-exec-146] org.apache.catalina.core.ApplicationContext.log HTMLManager: undeploy: Undeploying web application at '/ColabDemo'
23-Apr-2025 17:04:38.784 INFO [http-nio-8080-exec-146] org.apache.catalina.core.ApplicationContext.log HTMLManager: list: Listing contexts for virtual host 'localhost'
23-Apr-2025 17:04:56.471 INFO [http-nio-8080-exec-151] org.apache.catalina.core.ApplicationContext.log HTMLManager: list: Listing contexts for virtual host 'localhost'
