21-Apr-2025 00:03:39.990 INFO [http-nio-8080-exec-56] org.apache.catalina.core.ApplicationContext.log HTMLManager: list: Listing contexts for virtual host 'localhost'
21-Apr-2025 00:03:43.966 INFO [http-nio-8080-exec-55] org.apache.catalina.core.ApplicationContext.log HTMLManager: stop: Stopping web application '/ColabFarm'
21-Apr-2025 00:03:43.982 INFO [http-nio-8080-exec-55] org.apache.catalina.core.ApplicationContext.log HTMLManager: list: Listing contexts for virtual host 'localhost'
21-Apr-2025 00:03:45.894 INFO [http-nio-8080-exec-50] org.apache.catalina.core.ApplicationContext.log HTMLManager: undeploy: Undeploying web application at '/ColabFarm'
21-Apr-2025 00:03:45.938 INFO [http-nio-8080-exec-50] org.apache.catalina.core.ApplicationContext.log HTMLManager: list: Listing contexts for virtual host 'localhost'
21-Apr-2025 00:03:57.880 INFO [http-nio-8080-exec-57] org.apache.catalina.core.ApplicationContext.log HTMLManager: list: Listing contexts for virtual host 'localhost'
21-Apr-2025 00:20:45.263 INFO [http-nio-8080-exec-66] org.apache.catalina.core.ApplicationContext.log HTMLManager: stop: Stopping web application '/ColabFarm'
21-Apr-2025 00:20:45.373 INFO [http-nio-8080-exec-66] org.apache.catalina.core.ApplicationContext.log HTMLManager: list: Listing contexts for virtual host 'localhost'
21-Apr-2025 00:20:46.883 INFO [http-nio-8080-exec-63] org.apache.catalina.core.ApplicationContext.log HTMLManager: undeploy: Undeploying web application at '/ColabFarm'
21-Apr-2025 00:20:46.940 INFO [http-nio-8080-exec-63] org.apache.catalina.core.ApplicationContext.log HTMLManager: list: Listing contexts for virtual host 'localhost'
21-Apr-2025 00:20:57.677 INFO [http-nio-8080-exec-62] org.apache.catalina.core.ApplicationContext.log HTMLManager: list: Listing contexts for virtual host 'localhost'
21-Apr-2025 00:26:34.822 INFO [http-nio-8080-exec-72] org.apache.catalina.core.ApplicationContext.log HTMLManager: stop: Stopping web application '/ColabFarm'
21-Apr-2025 00:26:34.833 INFO [http-nio-8080-exec-72] org.apache.catalina.core.ApplicationContext.log HTMLManager: list: Listing contexts for virtual host 'localhost'
21-Apr-2025 00:26:36.925 INFO [http-nio-8080-exec-77] org.apache.catalina.core.ApplicationContext.log HTMLManager: undeploy: Undeploying web application at '/ColabFarm'
21-Apr-2025 00:26:36.965 INFO [http-nio-8080-exec-77] org.apache.catalina.core.ApplicationContext.log HTMLManager: list: Listing contexts for virtual host 'localhost'
21-Apr-2025 00:26:52.099 INFO [http-nio-8080-exec-74] org.apache.catalina.core.ApplicationContext.log HTMLManager: list: Listing contexts for virtual host 'localhost'
21-Apr-2025 00:31:00.610 INFO [http-nio-8080-exec-83] org.apache.catalina.core.ApplicationContext.log HTMLManager: stop: Stopping web application '/ColabFarm'
21-Apr-2025 00:31:00.649 INFO [http-nio-8080-exec-83] org.apache.catalina.core.ApplicationContext.log HTMLManager: list: Listing contexts for virtual host 'localhost'
21-Apr-2025 00:31:02.946 INFO [http-nio-8080-exec-82] org.apache.catalina.core.ApplicationContext.log HTMLManager: undeploy: Undeploying web application at '/ColabFarm'
21-Apr-2025 00:31:02.999 INFO [http-nio-8080-exec-82] org.apache.catalina.core.ApplicationContext.log HTMLManager: list: Listing contexts for virtual host 'localhost'
21-Apr-2025 00:31:17.180 INFO [http-nio-8080-exec-88] org.apache.catalina.core.ApplicationContext.log HTMLManager: list: Listing contexts for virtual host 'localhost'
21-Apr-2025 11:33:57.142 INFO [http-nio-8080-exec-4] org.apache.catalina.core.ApplicationContext.log HTMLManager: init: Associated with Deployer 'Catalina:type=Deployer,host=localhost'
21-Apr-2025 11:33:57.142 INFO [http-nio-8080-exec-4] org.apache.catalina.core.ApplicationContext.log HTMLManager: init: Global resources are available
21-Apr-2025 11:33:57.150 INFO [http-nio-8080-exec-4] org.apache.catalina.core.ApplicationContext.log HTMLManager: list: Listing contexts for virtual host 'localhost'
21-Apr-2025 11:33:59.918 INFO [http-nio-8080-exec-9] org.apache.catalina.core.ApplicationContext.log HTMLManager: stop: Stopping web application '/ColabFarm'
21-Apr-2025 11:33:59.969 INFO [http-nio-8080-exec-9] org.apache.catalina.core.ApplicationContext.log HTMLManager: list: Listing contexts for virtual host 'localhost'
21-Apr-2025 11:34:01.607 INFO [http-nio-8080-exec-1] org.apache.catalina.core.ApplicationContext.log HTMLManager: undeploy: Undeploying web application at '/ColabFarm'
21-Apr-2025 11:34:01.644 INFO [http-nio-8080-exec-1] org.apache.catalina.core.ApplicationContext.log HTMLManager: list: Listing contexts for virtual host 'localhost'
21-Apr-2025 11:34:23.726 INFO [http-nio-8080-exec-4] org.apache.catalina.core.ApplicationContext.log HTMLManager: list: Listing contexts for virtual host 'localhost'
21-Apr-2025 11:43:22.711 INFO [http-nio-8080-exec-13] org.apache.catalina.core.ApplicationContext.log HTMLManager: stop: Stopping web application '/ColabFarm'
21-Apr-2025 11:43:22.752 INFO [http-nio-8080-exec-13] org.apache.catalina.core.ApplicationContext.log HTMLManager: list: Listing contexts for virtual host 'localhost'
21-Apr-2025 11:43:23.974 INFO [http-nio-8080-exec-18] org.apache.catalina.core.ApplicationContext.log HTMLManager: undeploy: Undeploying web application at '/ColabFarm'
21-Apr-2025 11:43:23.999 INFO [http-nio-8080-exec-18] org.apache.catalina.core.ApplicationContext.log HTMLManager: list: Listing contexts for virtual host 'localhost'
21-Apr-2025 11:43:33.069 INFO [http-nio-8080-exec-20] org.apache.catalina.core.ApplicationContext.log HTMLManager: list: Listing contexts for virtual host 'localhost'
21-Apr-2025 11:47:01.588 INFO [http-nio-8080-exec-21] org.apache.catalina.core.ApplicationContext.log HTMLManager: stop: Stopping web application '/ColabFarm'
21-Apr-2025 11:47:01.606 INFO [http-nio-8080-exec-21] org.apache.catalina.core.ApplicationContext.log HTMLManager: list: Listing contexts for virtual host 'localhost'
21-Apr-2025 11:47:04.317 INFO [http-nio-8080-exec-30] org.apache.catalina.core.ApplicationContext.log HTMLManager: undeploy: Undeploying web application at '/ColabFarm'
21-Apr-2025 11:47:04.342 INFO [http-nio-8080-exec-30] org.apache.catalina.core.ApplicationContext.log HTMLManager: list: Listing contexts for virtual host 'localhost'
21-Apr-2025 11:47:14.064 INFO [http-nio-8080-exec-23] org.apache.catalina.core.ApplicationContext.log HTMLManager: list: Listing contexts for virtual host 'localhost'
21-Apr-2025 11:58:29.996 INFO [http-nio-8080-exec-33] org.apache.catalina.core.ApplicationContext.log HTMLManager: stop: Stopping web application '/ColabFarm'
21-Apr-2025 11:58:30.066 INFO [http-nio-8080-exec-33] org.apache.catalina.core.ApplicationContext.log HTMLManager: list: Listing contexts for virtual host 'localhost'
21-Apr-2025 11:58:32.740 INFO [http-nio-8080-exec-35] org.apache.catalina.core.ApplicationContext.log HTMLManager: undeploy: Undeploying web application at '/ColabFarm'
21-Apr-2025 11:58:32.793 INFO [http-nio-8080-exec-35] org.apache.catalina.core.ApplicationContext.log HTMLManager: list: Listing contexts for virtual host 'localhost'
21-Apr-2025 11:58:46.629 INFO [http-nio-8080-exec-40] org.apache.catalina.core.ApplicationContext.log HTMLManager: list: Listing contexts for virtual host 'localhost'
21-Apr-2025 12:02:57.874 INFO [http-nio-8080-exec-44] org.apache.catalina.core.ApplicationContext.log HTMLManager: stop: Stopping web application '/docs'
21-Apr-2025 12:02:57.884 INFO [http-nio-8080-exec-44] org.apache.catalina.core.ApplicationContext.log HTMLManager: list: Listing contexts for virtual host 'localhost'
21-Apr-2025 12:03:00.029 INFO [http-nio-8080-exec-47] org.apache.catalina.core.ApplicationContext.log HTMLManager: start: Starting web application '/docs'
21-Apr-2025 12:03:00.062 INFO [http-nio-8080-exec-47] org.apache.catalina.core.ApplicationContext.log HTMLManager: list: Listing contexts for virtual host 'localhost'
21-Apr-2025 12:03:01.009 INFO [http-nio-8080-exec-41] org.apache.catalina.core.ApplicationContext.log HTMLManager: stop: Stopping web application '/ColabFarm'
21-Apr-2025 12:03:01.140 INFO [http-nio-8080-exec-41] org.apache.catalina.core.ApplicationContext.log HTMLManager: list: Listing contexts for virtual host 'localhost'
21-Apr-2025 12:03:03.283 INFO [http-nio-8080-exec-43] org.apache.catalina.core.ApplicationContext.log HTMLManager: undeploy: Undeploying web application at '/ColabFarm'
21-Apr-2025 12:03:03.321 INFO [http-nio-8080-exec-43] org.apache.catalina.core.ApplicationContext.log HTMLManager: list: Listing contexts for virtual host 'localhost'
21-Apr-2025 12:03:16.636 INFO [http-nio-8080-exec-51] org.apache.catalina.core.ApplicationContext.log HTMLManager: list: Listing contexts for virtual host 'localhost'
21-Apr-2025 12:07:07.601 INFO [http-nio-8080-exec-58] org.apache.catalina.core.ApplicationContext.log HTMLManager: stop: Stopping web application '/ColabFarm'
21-Apr-2025 12:07:07.655 INFO [http-nio-8080-exec-58] org.apache.catalina.core.ApplicationContext.log HTMLManager: list: Listing contexts for virtual host 'localhost'
21-Apr-2025 12:07:09.432 INFO [http-nio-8080-exec-54] org.apache.catalina.core.ApplicationContext.log HTMLManager: undeploy: Undeploying web application at '/ColabFarm'
21-Apr-2025 12:07:09.477 INFO [http-nio-8080-exec-54] org.apache.catalina.core.ApplicationContext.log HTMLManager: list: Listing contexts for virtual host 'localhost'
21-Apr-2025 12:07:37.690 INFO [http-nio-8080-exec-56] org.apache.catalina.core.ApplicationContext.log HTMLManager: list: Listing contexts for virtual host 'localhost'
21-Apr-2025 12:11:49.465 INFO [http-nio-8080-exec-63] org.apache.catalina.core.ApplicationContext.log HTMLManager: stop: Stopping web application '/ColabFarm'
21-Apr-2025 12:11:49.498 INFO [http-nio-8080-exec-63] org.apache.catalina.core.ApplicationContext.log HTMLManager: list: Listing contexts for virtual host 'localhost'
21-Apr-2025 12:11:50.296 INFO [http-nio-8080-exec-64] org.apache.catalina.core.ApplicationContext.log HTMLManager: undeploy: Undeploying web application at '/ColabFarm'
21-Apr-2025 12:11:50.334 INFO [http-nio-8080-exec-64] org.apache.catalina.core.ApplicationContext.log HTMLManager: list: Listing contexts for virtual host 'localhost'
21-Apr-2025 12:12:04.896 INFO [http-nio-8080-exec-69] org.apache.catalina.core.ApplicationContext.log HTMLManager: list: Listing contexts for virtual host 'localhost'
21-Apr-2025 12:20:05.716 INFO [http-nio-8080-exec-75] org.apache.catalina.core.ApplicationContext.log HTMLManager: stop: Stopping web application '/ColabFarm'
21-Apr-2025 12:20:05.771 INFO [http-nio-8080-exec-75] org.apache.catalina.core.ApplicationContext.log HTMLManager: list: Listing contexts for virtual host 'localhost'
21-Apr-2025 12:20:07.497 INFO [http-nio-8080-exec-77] org.apache.catalina.core.ApplicationContext.log HTMLManager: undeploy: Undeploying web application at '/ColabFarm'
21-Apr-2025 12:20:07.547 INFO [http-nio-8080-exec-77] org.apache.catalina.core.ApplicationContext.log HTMLManager: list: Listing contexts for virtual host 'localhost'
21-Apr-2025 12:20:22.263 INFO [http-nio-8080-exec-73] org.apache.catalina.core.ApplicationContext.log HTMLManager: list: Listing contexts for virtual host 'localhost'
21-Apr-2025 12:27:56.853 INFO [http-nio-8080-exec-85] org.apache.catalina.core.ApplicationContext.log HTMLManager: stop: Stopping web application '/ColabFarm'
21-Apr-2025 12:27:56.901 INFO [http-nio-8080-exec-85] org.apache.catalina.core.ApplicationContext.log HTMLManager: list: Listing contexts for virtual host 'localhost'
21-Apr-2025 12:27:58.620 INFO [http-nio-8080-exec-88] org.apache.catalina.core.ApplicationContext.log HTMLManager: undeploy: Undeploying web application at '/ColabFarm'
21-Apr-2025 12:27:58.667 INFO [http-nio-8080-exec-88] org.apache.catalina.core.ApplicationContext.log HTMLManager: list: Listing contexts for virtual host 'localhost'
21-Apr-2025 12:28:12.676 INFO [http-nio-8080-exec-89] org.apache.catalina.core.ApplicationContext.log HTMLManager: list: Listing contexts for virtual host 'localhost'
21-Apr-2025 12:59:01.473 INFO [http-nio-8080-exec-98] org.apache.catalina.core.ApplicationContext.log HTMLManager: list: Listing contexts for virtual host 'localhost'
21-Apr-2025 12:59:04.698 INFO [http-nio-8080-exec-99] org.apache.catalina.core.ApplicationContext.log HTMLManager: stop: Stopping web application '/ColabFarm'
21-Apr-2025 12:59:04.796 INFO [http-nio-8080-exec-99] org.apache.catalina.core.ApplicationContext.log HTMLManager: list: Listing contexts for virtual host 'localhost'
21-Apr-2025 12:59:06.485 INFO [http-nio-8080-exec-95] org.apache.catalina.core.ApplicationContext.log HTMLManager: undeploy: Undeploying web application at '/ColabFarm'
21-Apr-2025 12:59:06.529 INFO [http-nio-8080-exec-95] org.apache.catalina.core.ApplicationContext.log HTMLManager: list: Listing contexts for virtual host 'localhost'
21-Apr-2025 12:59:19.741 INFO [http-nio-8080-exec-100] org.apache.catalina.core.ApplicationContext.log HTMLManager: list: Listing contexts for virtual host 'localhost'
21-Apr-2025 14:21:24.651 INFO [http-nio-8080-exec-106] org.apache.catalina.core.ApplicationContext.log HTMLManager: list: Listing contexts for virtual host 'localhost'
21-Apr-2025 14:21:28.316 INFO [http-nio-8080-exec-107] org.apache.catalina.core.ApplicationContext.log HTMLManager: stop: Stopping web application '/ColabFarm'
21-Apr-2025 14:21:28.535 INFO [http-nio-8080-exec-107] org.apache.catalina.core.ApplicationContext.log HTMLManager: list: Listing contexts for virtual host 'localhost'
21-Apr-2025 14:21:30.731 INFO [http-nio-8080-exec-106] org.apache.catalina.core.ApplicationContext.log HTMLManager: undeploy: Undeploying web application at '/ColabFarm'
21-Apr-2025 14:21:30.780 INFO [http-nio-8080-exec-106] org.apache.catalina.core.ApplicationContext.log HTMLManager: list: Listing contexts for virtual host 'localhost'
21-Apr-2025 14:21:45.208 INFO [http-nio-8080-exec-104] org.apache.catalina.core.ApplicationContext.log HTMLManager: list: Listing contexts for virtual host 'localhost'
21-Apr-2025 14:25:55.019 INFO [http-nio-8080-exec-115] org.apache.catalina.core.ApplicationContext.log HTMLManager: stop: Stopping web application '/ColabFarm'
21-Apr-2025 14:25:55.060 INFO [http-nio-8080-exec-115] org.apache.catalina.core.ApplicationContext.log HTMLManager: list: Listing contexts for virtual host 'localhost'
21-Apr-2025 14:25:56.284 INFO [http-nio-8080-exec-118] org.apache.catalina.core.ApplicationContext.log HTMLManager: undeploy: Undeploying web application at '/ColabFarm'
21-Apr-2025 14:25:56.336 INFO [http-nio-8080-exec-118] org.apache.catalina.core.ApplicationContext.log HTMLManager: list: Listing contexts for virtual host 'localhost'
21-Apr-2025 14:25:59.223 INFO [http-nio-8080-exec-114] org.apache.catalina.core.ApplicationContext.log HTMLManager: list: Listing contexts for virtual host 'localhost'
21-Apr-2025 14:26:16.380 INFO [http-nio-8080-exec-117] org.apache.catalina.core.ApplicationContext.log HTMLManager: list: Listing contexts for virtual host 'localhost'
21-Apr-2025 14:30:28.416 INFO [http-nio-8080-exec-124] org.apache.catalina.core.ApplicationContext.log HTMLManager: stop: Stopping web application '/ColabFarm'
21-Apr-2025 14:30:28.447 INFO [http-nio-8080-exec-124] org.apache.catalina.core.ApplicationContext.log HTMLManager: list: Listing contexts for virtual host 'localhost'
21-Apr-2025 14:30:30.705 INFO [http-nio-8080-exec-128] org.apache.catalina.core.ApplicationContext.log HTMLManager: undeploy: Undeploying web application at '/ColabFarm'
21-Apr-2025 14:30:30.761 INFO [http-nio-8080-exec-128] org.apache.catalina.core.ApplicationContext.log HTMLManager: list: Listing contexts for virtual host 'localhost'
21-Apr-2025 14:30:46.768 INFO [http-nio-8080-exec-127] org.apache.catalina.core.ApplicationContext.log HTMLManager: list: Listing contexts for virtual host 'localhost'
21-Apr-2025 14:33:07.699 INFO [http-nio-8080-exec-133] org.apache.catalina.core.ApplicationContext.log HTMLManager: stop: Stopping web application '/ColabFarm'
21-Apr-2025 14:33:07.735 INFO [http-nio-8080-exec-133] org.apache.catalina.core.ApplicationContext.log HTMLManager: list: Listing contexts for virtual host 'localhost'
21-Apr-2025 14:33:09.954 INFO [http-nio-8080-exec-138] org.apache.catalina.core.ApplicationContext.log HTMLManager: undeploy: Undeploying web application at '/ColabFarm'
21-Apr-2025 14:33:10.007 INFO [http-nio-8080-exec-138] org.apache.catalina.core.ApplicationContext.log HTMLManager: list: Listing contexts for virtual host 'localhost'
21-Apr-2025 14:33:27.991 INFO [http-nio-8080-exec-140] org.apache.catalina.core.ApplicationContext.log HTMLManager: list: Listing contexts for virtual host 'localhost'
21-Apr-2025 14:37:32.816 INFO [http-nio-8080-exec-142] org.apache.catalina.core.ApplicationContext.log HTMLManager: stop: Stopping web application '/ColabFarm'
21-Apr-2025 14:37:32.857 INFO [http-nio-8080-exec-142] org.apache.catalina.core.ApplicationContext.log HTMLManager: list: Listing contexts for virtual host 'localhost'
21-Apr-2025 14:37:34.226 INFO [http-nio-8080-exec-144] org.apache.catalina.core.ApplicationContext.log HTMLManager: undeploy: Undeploying web application at '/ColabFarm'
21-Apr-2025 14:37:34.284 INFO [http-nio-8080-exec-144] org.apache.catalina.core.ApplicationContext.log HTMLManager: list: Listing contexts for virtual host 'localhost'
21-Apr-2025 14:37:48.633 INFO [http-nio-8080-exec-148] org.apache.catalina.core.ApplicationContext.log HTMLManager: list: Listing contexts for virtual host 'localhost'
21-Apr-2025 23:34:22.829 INFO [http-nio-8080-exec-154] org.apache.catalina.core.ApplicationContext.log HTMLManager: list: Listing contexts for virtual host 'localhost'
21-Apr-2025 23:34:35.512 INFO [http-nio-8080-exec-157] org.apache.catalina.core.ApplicationContext.log HTMLManager: stop: Stopping web application '/ColabFarm'
21-Apr-2025 23:34:35.892 INFO [http-nio-8080-exec-157] org.apache.catalina.core.ApplicationContext.log HTMLManager: list: Listing contexts for virtual host 'localhost'
21-Apr-2025 23:34:37.251 INFO [http-nio-8080-exec-160] org.apache.catalina.core.ApplicationContext.log HTMLManager: undeploy: Undeploying web application at '/ColabFarm'
21-Apr-2025 23:34:37.317 INFO [http-nio-8080-exec-160] org.apache.catalina.core.ApplicationContext.log HTMLManager: list: Listing contexts for virtual host 'localhost'
21-Apr-2025 23:34:55.271 INFO [http-nio-8080-exec-154] org.apache.catalina.core.ApplicationContext.log HTMLManager: list: Listing contexts for virtual host 'localhost'
21-Apr-2025 23:37:56.396 INFO [http-nio-8080-exec-167] org.apache.catalina.core.ApplicationContext.log HTMLManager: stop: Stopping web application '/ColabDemo'
21-Apr-2025 23:37:56.416 INFO [http-nio-8080-exec-167] org.apache.catalina.core.ApplicationContext.log HTMLManager: list: Listing contexts for virtual host 'localhost'
21-Apr-2025 23:37:57.798 INFO [http-nio-8080-exec-170] org.apache.catalina.core.ApplicationContext.log HTMLManager: undeploy: Undeploying web application at '/ColabDemo'
21-Apr-2025 23:37:57.858 INFO [http-nio-8080-exec-170] org.apache.catalina.core.ApplicationContext.log HTMLManager: list: Listing contexts for virtual host 'localhost'
21-Apr-2025 23:38:13.376 INFO [http-nio-8080-exec-162] org.apache.catalina.core.ApplicationContext.log HTMLManager: list: Listing contexts for virtual host 'localhost'
21-Apr-2025 23:44:51.372 INFO [http-nio-8080-exec-176] org.apache.catalina.core.ApplicationContext.log HTMLManager: stop: Stopping web application '/ColabDemo'
21-Apr-2025 23:44:51.427 INFO [http-nio-8080-exec-176] org.apache.catalina.core.ApplicationContext.log HTMLManager: list: Listing contexts for virtual host 'localhost'
21-Apr-2025 23:44:53.562 INFO [http-nio-8080-exec-179] org.apache.catalina.core.ApplicationContext.log HTMLManager: undeploy: Undeploying web application at '/ColabDemo'
21-Apr-2025 23:44:53.614 INFO [http-nio-8080-exec-179] org.apache.catalina.core.ApplicationContext.log HTMLManager: list: Listing contexts for virtual host 'localhost'
21-Apr-2025 23:45:07.460 INFO [http-nio-8080-exec-174] org.apache.catalina.core.ApplicationContext.log HTMLManager: list: Listing contexts for virtual host 'localhost'
21-Apr-2025 23:46:57.890 INFO [http-nio-8080-exec-182] org.apache.catalina.core.ApplicationContext.log HTMLManager: stop: Stopping web application '/ColabDemo'
21-Apr-2025 23:46:57.942 INFO [http-nio-8080-exec-182] org.apache.catalina.core.ApplicationContext.log HTMLManager: list: Listing contexts for virtual host 'localhost'
21-Apr-2025 23:46:59.880 INFO [http-nio-8080-exec-190] org.apache.catalina.core.ApplicationContext.log HTMLManager: undeploy: Undeploying web application at '/ColabDemo'
21-Apr-2025 23:46:59.939 INFO [http-nio-8080-exec-190] org.apache.catalina.core.ApplicationContext.log HTMLManager: list: Listing contexts for virtual host 'localhost'
21-Apr-2025 23:47:15.173 INFO [http-nio-8080-exec-185] org.apache.catalina.core.ApplicationContext.log HTMLManager: list: Listing contexts for virtual host 'localhost'
