24-Apr-2025 14:28:48.116 INFO [http-nio-8080-exec-161] org.apache.catalina.core.ApplicationContext.log HTMLManager: list: Listing contexts for virtual host 'localhost'
24-Apr-2025 14:28:51.305 INFO [http-nio-8080-exec-163] org.apache.catalina.core.ApplicationContext.log HTMLManager: stop: Stopping web application '/ColabDemo'
24-Apr-2025 14:28:51.597 INFO [http-nio-8080-exec-163] org.apache.catalina.core.ApplicationContext.log HTMLManager: list: Listing contexts for virtual host 'localhost'
24-Apr-2025 14:28:52.472 INFO [http-nio-8080-exec-161] org.apache.catalina.core.ApplicationContext.log HTMLManager: stop: Stopping web application '/ColabFarm'
24-Apr-2025 14:28:52.603 INFO [http-nio-8080-exec-161] org.apache.catalina.core.ApplicationContext.log HTMLManager: list: Listing contexts for virtual host 'localhost'
24-Apr-2025 14:29:09.770 INFO [http-nio-8080-exec-165] org.apache.catalina.core.ApplicationContext.log HTMLManager: list: Listing contexts for virtual host 'localhost'
24-Apr-2025 15:36:47.399 INFO [http-nio-8080-exec-169] org.apache.catalina.core.ApplicationContext.log HTMLManager: list: Listing contexts for virtual host 'localhost'
24-Apr-2025 15:36:52.821 INFO [http-nio-8080-exec-172] org.apache.catalina.core.ApplicationContext.log HTMLManager: stop: Stopping web application '/CollabeFarm'
24-Apr-2025 15:36:53.052 INFO [http-nio-8080-exec-172] org.apache.catalina.core.ApplicationContext.log HTMLManager: list: Listing contexts for virtual host 'localhost'
24-Apr-2025 15:36:54.133 INFO [http-nio-8080-exec-171] org.apache.catalina.core.ApplicationContext.log HTMLManager: undeploy: Undeploying web application at '/CollabeFarm'
24-Apr-2025 15:36:54.168 INFO [http-nio-8080-exec-171] org.apache.catalina.core.ApplicationContext.log HTMLManager: list: Listing contexts for virtual host 'localhost'
24-Apr-2025 15:37:08.627 INFO [http-nio-8080-exec-175] org.apache.catalina.core.ApplicationContext.log HTMLManager: list: Listing contexts for virtual host 'localhost'
24-Apr-2025 23:50:32.493 INFO [http-nio-8080-exec-7] org.apache.catalina.core.ApplicationContext.log HTMLManager: init: Associated with Deployer 'Catalina:type=Deployer,host=localhost'
24-Apr-2025 23:50:32.493 INFO [http-nio-8080-exec-7] org.apache.catalina.core.ApplicationContext.log HTMLManager: init: Global resources are available
24-Apr-2025 23:50:32.513 INFO [http-nio-8080-exec-7] org.apache.catalina.core.ApplicationContext.log HTMLManager: list: Listing contexts for virtual host 'localhost'
24-Apr-2025 23:50:35.723 INFO [http-nio-8080-exec-8] org.apache.catalina.core.ApplicationContext.log HTMLManager: stop: Stopping web application '/ColabDemo'
24-Apr-2025 23:50:35.823 INFO [http-nio-8080-exec-8] org.apache.catalina.core.ApplicationContext.log HTMLManager: list: Listing contexts for virtual host 'localhost'
24-Apr-2025 23:50:38.285 INFO [http-nio-8080-exec-3] org.apache.catalina.core.ApplicationContext.log HTMLManager: stop: Stopping web application '/CollabeFarm'
24-Apr-2025 23:50:38.328 INFO [http-nio-8080-exec-3] org.apache.catalina.core.ApplicationContext.log HTMLManager: list: Listing contexts for virtual host 'localhost'
24-Apr-2025 23:50:39.706 INFO [http-nio-8080-exec-1] org.apache.catalina.core.ApplicationContext.log HTMLManager: stop: Stopping web application '/ColabFarm'
24-Apr-2025 23:50:39.742 INFO [http-nio-8080-exec-1] org.apache.catalina.core.ApplicationContext.log HTMLManager: list: Listing contexts for virtual host 'localhost'
24-Apr-2025 23:50:57.241 INFO [http-nio-8080-exec-9] org.apache.catalina.core.ApplicationContext.log HTMLManager: list: Listing contexts for virtual host 'localhost'
24-Apr-2025 23:52:42.453 INFO [http-nio-8080-exec-14] org.apache.catalina.core.ApplicationContext.log HTMLManager: stop: Stopping web application '/FinalProject'
24-Apr-2025 23:52:42.472 INFO [http-nio-8080-exec-14] org.apache.catalina.core.ApplicationContext.log HTMLManager: list: Listing contexts for virtual host 'localhost'
24-Apr-2025 23:52:43.792 INFO [http-nio-8080-exec-17] org.apache.catalina.core.ApplicationContext.log HTMLManager: undeploy: Undeploying web application at '/FinalProject'
24-Apr-2025 23:52:43.838 INFO [http-nio-8080-exec-17] org.apache.catalina.core.ApplicationContext.log HTMLManager: list: Listing contexts for virtual host 'localhost'
24-Apr-2025 23:52:53.631 INFO [http-nio-8080-exec-7] org.apache.catalina.core.ApplicationContext.log HTMLManager: list: Listing contexts for virtual host 'localhost'
24-Apr-2025 23:55:24.523 INFO [http-nio-8080-exec-22] org.apache.catalina.core.ApplicationContext.log HTMLManager: stop: Stopping web application '/FinalProject'
24-Apr-2025 23:55:24.529 INFO [http-nio-8080-exec-22] org.apache.catalina.core.ApplicationContext.log HTMLManager: list: Listing contexts for virtual host 'localhost'
24-Apr-2025 23:55:26.337 INFO [http-nio-8080-exec-23] org.apache.catalina.core.ApplicationContext.log HTMLManager: undeploy: Undeploying web application at '/FinalProject'
24-Apr-2025 23:55:26.377 INFO [http-nio-8080-exec-23] org.apache.catalina.core.ApplicationContext.log HTMLManager: list: Listing contexts for virtual host 'localhost'
24-Apr-2025 23:55:36.867 INFO [http-nio-8080-exec-25] org.apache.catalina.core.ApplicationContext.log HTMLManager: list: Listing contexts for virtual host 'localhost'
24-Apr-2025 23:58:50.436 INFO [http-nio-8080-exec-34] org.apache.catalina.core.ApplicationContext.log HTMLManager: stop: Stopping web application '/FinalProject'
24-Apr-2025 23:58:50.446 INFO [http-nio-8080-exec-34] org.apache.catalina.core.ApplicationContext.log HTMLManager: list: Listing contexts for virtual host 'localhost'
24-Apr-2025 23:58:51.975 INFO [http-nio-8080-exec-41] org.apache.catalina.core.ApplicationContext.log HTMLManager: undeploy: Undeploying web application at '/FinalProject'
24-Apr-2025 23:58:52.010 INFO [http-nio-8080-exec-41] org.apache.catalina.core.ApplicationContext.log HTMLManager: list: Listing contexts for virtual host 'localhost'
24-Apr-2025 23:59:02.768 INFO [http-nio-8080-exec-37] org.apache.catalina.core.ApplicationContext.log HTMLManager: list: Listing contexts for virtual host 'localhost'
