22-Apr-2025 10:32:43.848 INFO [http-nio-8080-exec-10] org.apache.catalina.core.ApplicationContext.log HTMLManager: init: Associated with Deployer 'Catalina:type=Deployer,host=localhost'
22-Apr-2025 10:32:43.848 INFO [http-nio-8080-exec-10] org.apache.catalina.core.ApplicationContext.log HTMLManager: init: Global resources are available
22-Apr-2025 10:32:43.851 INFO [http-nio-8080-exec-10] org.apache.catalina.core.ApplicationContext.log HTMLManager: list: Listing contexts for virtual host 'localhost'
22-Apr-2025 10:32:47.295 INFO [http-nio-8080-exec-3] org.apache.catalina.core.ApplicationContext.log HTMLManager: stop: Stopping web application '/ColabDemo'
22-Apr-2025 10:32:47.327 INFO [http-nio-8080-exec-3] org.apache.catalina.core.ApplicationContext.log HTMLManager: list: Listing contexts for virtual host 'localhost'
22-Apr-2025 10:33:02.547 INFO [http-nio-8080-exec-2] org.apache.catalina.core.ApplicationContext.log HTMLManager: list: Listing contexts for virtual host 'localhost'
22-Apr-2025 10:38:54.807 INFO [http-nio-8080-exec-12] org.apache.catalina.core.ApplicationContext.log HTMLManager: stop: Stopping web application '/ColabFarm'
22-Apr-2025 10:38:54.844 INFO [http-nio-8080-exec-12] org.apache.catalina.core.ApplicationContext.log HTMLManager: list: Listing contexts for virtual host 'localhost'
22-Apr-2025 10:38:55.781 INFO [http-nio-8080-exec-11] org.apache.catalina.core.ApplicationContext.log HTMLManager: undeploy: Undeploying web application at '/ColabFarm'
22-Apr-2025 10:38:55.806 INFO [http-nio-8080-exec-11] org.apache.catalina.core.ApplicationContext.log HTMLManager: list: Listing contexts for virtual host 'localhost'
22-Apr-2025 10:39:16.258 INFO [http-nio-8080-exec-13] org.apache.catalina.core.ApplicationContext.log HTMLManager: list: Listing contexts for virtual host 'localhost'
22-Apr-2025 10:45:27.145 INFO [http-nio-8080-exec-21] org.apache.catalina.core.ApplicationContext.log HTMLManager: stop: Stopping web application '/ColabFarm'
22-Apr-2025 10:45:27.162 INFO [http-nio-8080-exec-21] org.apache.catalina.core.ApplicationContext.log HTMLManager: list: Listing contexts for virtual host 'localhost'
22-Apr-2025 10:45:28.592 INFO [http-nio-8080-exec-22] org.apache.catalina.core.ApplicationContext.log HTMLManager: undeploy: Undeploying web application at '/ColabFarm'
22-Apr-2025 10:45:28.618 INFO [http-nio-8080-exec-22] org.apache.catalina.core.ApplicationContext.log HTMLManager: list: Listing contexts for virtual host 'localhost'
22-Apr-2025 10:45:51.639 INFO [http-nio-8080-exec-28] org.apache.catalina.core.ApplicationContext.log HTMLManager: list: Listing contexts for virtual host 'localhost'
22-Apr-2025 10:50:06.736 INFO [http-nio-8080-exec-31] org.apache.catalina.core.ApplicationContext.log HTMLManager: stop: Stopping web application '/ColabFarm'
22-Apr-2025 10:50:06.752 INFO [http-nio-8080-exec-31] org.apache.catalina.core.ApplicationContext.log HTMLManager: list: Listing contexts for virtual host 'localhost'
22-Apr-2025 10:50:08.695 INFO [http-nio-8080-exec-33] org.apache.catalina.core.ApplicationContext.log HTMLManager: undeploy: Undeploying web application at '/ColabFarm'
22-Apr-2025 10:50:08.720 INFO [http-nio-8080-exec-33] org.apache.catalina.core.ApplicationContext.log HTMLManager: list: Listing contexts for virtual host 'localhost'
22-Apr-2025 10:50:20.364 INFO [http-nio-8080-exec-40] org.apache.catalina.core.ApplicationContext.log HTMLManager: list: Listing contexts for virtual host 'localhost'
22-Apr-2025 10:52:33.908 INFO [http-nio-8080-exec-41] org.apache.catalina.core.ApplicationContext.log HTMLManager: stop: Stopping web application '/ColabFarm'
22-Apr-2025 10:52:33.925 INFO [http-nio-8080-exec-41] org.apache.catalina.core.ApplicationContext.log HTMLManager: list: Listing contexts for virtual host 'localhost'
22-Apr-2025 10:52:34.891 INFO [http-nio-8080-exec-43] org.apache.catalina.core.ApplicationContext.log HTMLManager: undeploy: Undeploying web application at '/ColabFarm'
22-Apr-2025 10:52:34.915 INFO [http-nio-8080-exec-43] org.apache.catalina.core.ApplicationContext.log HTMLManager: list: Listing contexts for virtual host 'localhost'
22-Apr-2025 10:52:43.714 INFO [http-nio-8080-exec-47] org.apache.catalina.core.ApplicationContext.log HTMLManager: list: Listing contexts for virtual host 'localhost'
22-Apr-2025 10:54:18.326 INFO [http-nio-8080-exec-51] org.apache.catalina.core.ApplicationContext.log HTMLManager: stop: Stopping web application '/ColabFarm'
22-Apr-2025 10:54:18.360 INFO [http-nio-8080-exec-51] org.apache.catalina.core.ApplicationContext.log HTMLManager: list: Listing contexts for virtual host 'localhost'
22-Apr-2025 10:54:19.966 INFO [http-nio-8080-exec-52] org.apache.catalina.core.ApplicationContext.log HTMLManager: undeploy: Undeploying web application at '/ColabFarm'
22-Apr-2025 10:54:19.990 INFO [http-nio-8080-exec-52] org.apache.catalina.core.ApplicationContext.log HTMLManager: list: Listing contexts for virtual host 'localhost'
22-Apr-2025 10:54:28.069 INFO [http-nio-8080-exec-54] org.apache.catalina.core.ApplicationContext.log HTMLManager: list: Listing contexts for virtual host 'localhost'
22-Apr-2025 11:00:11.081 INFO [http-nio-8080-exec-58] org.apache.catalina.core.ApplicationContext.log HTMLManager: stop: Stopping web application '/ColabFarm'
22-Apr-2025 11:00:11.099 INFO [http-nio-8080-exec-58] org.apache.catalina.core.ApplicationContext.log HTMLManager: list: Listing contexts for virtual host 'localhost'
22-Apr-2025 11:00:12.224 INFO [http-nio-8080-exec-62] org.apache.catalina.core.ApplicationContext.log HTMLManager: undeploy: Undeploying web application at '/ColabFarm'
22-Apr-2025 11:00:12.248 INFO [http-nio-8080-exec-62] org.apache.catalina.core.ApplicationContext.log HTMLManager: list: Listing contexts for virtual host 'localhost'
22-Apr-2025 11:00:20.773 INFO [http-nio-8080-exec-63] org.apache.catalina.core.ApplicationContext.log HTMLManager: list: Listing contexts for virtual host 'localhost'
22-Apr-2025 11:08:20.670 INFO [http-nio-8080-exec-68] org.apache.catalina.core.ApplicationContext.log HTMLManager: stop: Stopping web application '/ColabFarm'
22-Apr-2025 11:08:20.719 INFO [http-nio-8080-exec-68] org.apache.catalina.core.ApplicationContext.log HTMLManager: list: Listing contexts for virtual host 'localhost'
22-Apr-2025 11:08:21.989 INFO [http-nio-8080-exec-71] org.apache.catalina.core.ApplicationContext.log HTMLManager: undeploy: Undeploying web application at '/ColabFarm'
22-Apr-2025 11:08:22.035 INFO [http-nio-8080-exec-71] org.apache.catalina.core.ApplicationContext.log HTMLManager: list: Listing contexts for virtual host 'localhost'
22-Apr-2025 11:08:36.507 INFO [http-nio-8080-exec-70] org.apache.catalina.core.ApplicationContext.log HTMLManager: list: Listing contexts for virtual host 'localhost'
22-Apr-2025 11:12:26.139 INFO [http-nio-8080-exec-78] org.apache.catalina.core.ApplicationContext.log HTMLManager: stop: Stopping web application '/ColabFarm'
22-Apr-2025 11:12:26.174 INFO [http-nio-8080-exec-78] org.apache.catalina.core.ApplicationContext.log HTMLManager: list: Listing contexts for virtual host 'localhost'
22-Apr-2025 11:17:32.064 INFO [http-nio-8080-exec-88] org.apache.catalina.core.ApplicationContext.log HTMLManager: undeploy: Undeploying web application at '/ColabDemo'
22-Apr-2025 11:17:32.120 INFO [http-nio-8080-exec-88] org.apache.catalina.core.ApplicationContext.log HTMLManager: list: Listing contexts for virtual host 'localhost'
22-Apr-2025 11:17:49.324 SEVERE [http-nio-8080-exec-91] org.apache.catalina.core.ApplicationContext.log HTMLManager: FAIL - Deploy Upload Failed, Exception: [Processing of multipart/form-data request failed. java.io.EOFException]
	org.apache.tomcat.util.http.fileupload.impl.IOFileUploadException: Processing of multipart/form-data request failed. java.io.EOFException
		at org.apache.tomcat.util.http.fileupload.FileUploadBase.parseRequest(FileUploadBase.java:296)
		at org.apache.catalina.connector.Request.parseParts(Request.java:2624)
		at org.apache.catalina.connector.Request.parseParameters(Request.java:2948)
		at org.apache.catalina.connector.Request.getParameter(Request.java:1088)
		at org.apache.catalina.connector.RequestFacade.getParameter(RequestFacade.java:309)
		at org.apache.catalina.filters.CsrfPreventionFilter.doFilter(CsrfPreventionFilter.java:334)
		at org.apache.catalina.core.ApplicationFilterChain.internalDoFilter(ApplicationFilterChain.java:168)
		at org.apache.catalina.core.ApplicationFilterChain.doFilter(ApplicationFilterChain.java:144)
		at org.apache.tomcat.websocket.server.WsFilter.doFilter(WsFilter.java:51)
		at org.apache.catalina.core.ApplicationFilterChain.internalDoFilter(ApplicationFilterChain.java:168)
		at org.apache.catalina.core.ApplicationFilterChain.doFilter(ApplicationFilterChain.java:144)
		at org.apache.catalina.filters.HttpHeaderSecurityFilter.doFilter(HttpHeaderSecurityFilter.java:129)
		at org.apache.catalina.core.ApplicationFilterChain.internalDoFilter(ApplicationFilterChain.java:168)
		at org.apache.catalina.core.ApplicationFilterChain.doFilter(ApplicationFilterChain.java:144)
		at org.apache.catalina.core.StandardWrapperValve.invoke(StandardWrapperValve.java:168)
		at org.apache.catalina.core.StandardContextValve.invoke(StandardContextValve.java:90)
		at org.apache.catalina.authenticator.AuthenticatorBase.invoke(AuthenticatorBase.java:597)
		at org.apache.catalina.valves.RequestFilterValve.process(RequestFilterValve.java:354)
		at org.apache.catalina.valves.RemoteAddrValve.invoke(RemoteAddrValve.java:54)
		at org.apache.catalina.core.StandardHostValve.invoke(StandardHostValve.java:130)
		at org.apache.catalina.valves.ErrorReportValve.invoke(ErrorReportValve.java:93)
		at org.apache.catalina.valves.AbstractAccessLogValve.invoke(AbstractAccessLogValve.java:656)
		at org.apache.catalina.core.StandardEngineValve.invoke(StandardEngineValve.java:74)
		at org.apache.catalina.connector.CoyoteAdapter.service(CoyoteAdapter.java:346)
		at org.apache.coyote.http11.Http11Processor.service(Http11Processor.java:397)
		at org.apache.coyote.AbstractProcessorLight.process(AbstractProcessorLight.java:63)
		at org.apache.coyote.AbstractProtocol$ConnectionHandler.process(AbstractProtocol.java:935)
		at org.apache.tomcat.util.net.NioEndpoint$SocketProcessor.doRun(NioEndpoint.java:1792)
		at org.apache.tomcat.util.net.SocketProcessorBase.run(SocketProcessorBase.java:52)
		at org.apache.tomcat.util.threads.ThreadPoolExecutor.runWorker(ThreadPoolExecutor.java:1189)
		at org.apache.tomcat.util.threads.ThreadPoolExecutor$Worker.run(ThreadPoolExecutor.java:658)
		at org.apache.tomcat.util.threads.TaskThread$WrappingRunnable.run(TaskThread.java:63)
		at java.base/java.lang.Thread.run(Thread.java:1575)
	Caused by: org.apache.catalina.connector.ClientAbortException: java.io.EOFException
		at org.apache.catalina.connector.InputBuffer.realReadBytes(InputBuffer.java:312)
		at org.apache.catalina.connector.InputBuffer.checkByteBufferEof(InputBuffer.java:615)
		at org.apache.catalina.connector.InputBuffer.read(InputBuffer.java:358)
		at org.apache.catalina.connector.CoyoteInputStream.read(CoyoteInputStream.java:132)
		at java.base/java.io.FilterInputStream.read(FilterInputStream.java:119)
		at org.apache.tomcat.util.http.fileupload.util.LimitedInputStream.read(LimitedInputStream.java:132)
		at org.apache.tomcat.util.http.fileupload.MultipartStream$ItemInputStream.makeAvailable(MultipartStream.java:953)
		at org.apache.tomcat.util.http.fileupload.MultipartStream$ItemInputStream.read(MultipartStream.java:857)
		at java.base/java.io.FilterInputStream.read(FilterInputStream.java:119)
		at org.apache.tomcat.util.http.fileupload.util.LimitedInputStream.read(LimitedInputStream.java:132)
		at java.base/java.io.FilterInputStream.read(FilterInputStream.java:95)
		at org.apache.tomcat.util.http.fileupload.util.Streams.copy(Streams.java:96)
		at org.apache.tomcat.util.http.fileupload.FileUploadBase.parseRequest(FileUploadBase.java:292)
		... 32 more
		Suppressed: org.apache.catalina.connector.ClientAbortException: java.io.EOFException
			at org.apache.catalina.connector.InputBuffer.realReadBytes(InputBuffer.java:312)
			at org.apache.catalina.connector.InputBuffer.checkByteBufferEof(InputBuffer.java:615)
			at org.apache.catalina.connector.InputBuffer.read(InputBuffer.java:358)
			at org.apache.catalina.connector.CoyoteInputStream.read(CoyoteInputStream.java:132)
			at java.base/java.io.FilterInputStream.read(FilterInputStream.java:119)
			at org.apache.tomcat.util.http.fileupload.util.LimitedInputStream.read(LimitedInputStream.java:132)
			at org.apache.tomcat.util.http.fileupload.MultipartStream$ItemInputStream.makeAvailable(MultipartStream.java:953)
			at org.apache.tomcat.util.http.fileupload.MultipartStream$ItemInputStream.close(MultipartStream.java:897)
			at org.apache.tomcat.util.http.fileupload.MultipartStream$ItemInputStream.close(MultipartStream.java:876)
			at java.base/java.io.FilterInputStream.close(FilterInputStream.java:170)
			at org.apache.tomcat.util.http.fileupload.util.LimitedInputStream.close(LimitedInputStream.java:163)
			at org.apache.tomcat.util.http.fileupload.util.Streams.copy(Streams.java:92)
			... 33 more
		Caused by: java.io.EOFException
			at org.apache.tomcat.util.net.NioEndpoint$NioSocketWrapper.fillReadBuffer(NioEndpoint.java:1321)
			at org.apache.tomcat.util.net.NioEndpoint$NioSocketWrapper.read(NioEndpoint.java:1232)
			at org.apache.coyote.http11.Http11InputBuffer.fill(Http11InputBuffer.java:782)
			at org.apache.coyote.http11.Http11InputBuffer.access$400(Http11InputBuffer.java:41)
			at org.apache.coyote.http11.Http11InputBuffer$SocketInputBuffer.doRead(Http11InputBuffer.java:1188)
			at org.apache.coyote.http11.filters.IdentityInputFilter.doRead(IdentityInputFilter.java:96)
			at org.apache.coyote.http11.Http11InputBuffer.doRead(Http11InputBuffer.java:238)
			at org.apache.coyote.Request.doRead(Request.java:623)
			at org.apache.catalina.connector.InputBuffer.realReadBytes(InputBuffer.java:303)
			... 44 more
	Caused by: java.io.EOFException
		at org.apache.tomcat.util.net.NioEndpoint$NioSocketWrapper.fillReadBuffer(NioEndpoint.java:1321)
		at org.apache.tomcat.util.net.NioEndpoint$NioSocketWrapper.read(NioEndpoint.java:1232)
		at org.apache.coyote.http11.Http11InputBuffer.fill(Http11InputBuffer.java:782)
		at org.apache.coyote.http11.Http11InputBuffer.access$400(Http11InputBuffer.java:41)
		at org.apache.coyote.http11.Http11InputBuffer$SocketInputBuffer.doRead(Http11InputBuffer.java:1188)
		at org.apache.coyote.http11.filters.IdentityInputFilter.doRead(IdentityInputFilter.java:96)
		at org.apache.coyote.http11.Http11InputBuffer.doRead(Http11InputBuffer.java:238)
		at org.apache.coyote.Request.doRead(Request.java:623)
		at org.apache.catalina.connector.InputBuffer.realReadBytes(InputBuffer.java:303)
		... 44 more
22-Apr-2025 11:17:49.324 INFO [http-nio-8080-exec-91] org.apache.catalina.core.ApplicationContext.log HTMLManager: list: Listing contexts for virtual host 'localhost'
22-Apr-2025 11:17:57.453 INFO [http-nio-8080-exec-92] org.apache.catalina.core.ApplicationContext.log HTMLManager: list: Listing contexts for virtual host 'localhost'
22-Apr-2025 11:38:54.097 INFO [http-nio-8080-exec-90] org.apache.catalina.core.ApplicationContext.log HTMLManager: stop: Stopping web application '/ColabDemo'
22-Apr-2025 11:38:54.168 INFO [http-nio-8080-exec-90] org.apache.catalina.core.ApplicationContext.log HTMLManager: list: Listing contexts for virtual host 'localhost'
22-Apr-2025 11:38:58.841 INFO [http-nio-8080-exec-91] org.apache.catalina.core.ApplicationContext.log HTMLManager: undeploy: Undeploying web application at '/ColabDemo'
22-Apr-2025 11:38:58.887 INFO [http-nio-8080-exec-91] org.apache.catalina.core.ApplicationContext.log HTMLManager: list: Listing contexts for virtual host 'localhost'
22-Apr-2025 11:39:14.797 INFO [http-nio-8080-exec-88] org.apache.catalina.core.ApplicationContext.log HTMLManager: list: Listing contexts for virtual host 'localhost'
22-Apr-2025 11:39:22.925 INFO [http-nio-8080-exec-98] org.apache.catalina.core.ApplicationContext.log HTMLManager: stop: Stopping web application '/ColabDemo'
22-Apr-2025 11:39:22.966 INFO [http-nio-8080-exec-98] org.apache.catalina.core.ApplicationContext.log HTMLManager: list: Listing contexts for virtual host 'localhost'
22-Apr-2025 11:39:25.829 INFO [http-nio-8080-exec-89] org.apache.catalina.core.ApplicationContext.log HTMLManager: undeploy: Undeploying web application at '/ColabDemo'
22-Apr-2025 11:39:25.890 INFO [http-nio-8080-exec-89] org.apache.catalina.core.ApplicationContext.log HTMLManager: list: Listing contexts for virtual host 'localhost'
22-Apr-2025 11:39:39.869 INFO [http-nio-8080-exec-99] org.apache.catalina.core.ApplicationContext.log HTMLManager: list: Listing contexts for virtual host 'localhost'
22-Apr-2025 11:42:33.851 INFO [http-nio-8080-exec-105] org.apache.catalina.core.ApplicationContext.log HTMLManager: stop: Stopping web application '/ColabDemo'
22-Apr-2025 11:42:33.884 INFO [http-nio-8080-exec-105] org.apache.catalina.core.ApplicationContext.log HTMLManager: list: Listing contexts for virtual host 'localhost'
22-Apr-2025 11:42:54.815 INFO [http-nio-8080-exec-113] org.apache.catalina.core.ApplicationContext.log HTMLManager: undeploy: Undeploying web application at '/ColabDemo'
22-Apr-2025 11:42:54.867 INFO [http-nio-8080-exec-113] org.apache.catalina.core.ApplicationContext.log HTMLManager: list: Listing contexts for virtual host 'localhost'
22-Apr-2025 11:45:27.243 INFO [http-nio-8080-exec-115] org.apache.catalina.core.ApplicationContext.log HTMLManager: list: Listing contexts for virtual host 'localhost'
22-Apr-2025 12:20:28.184 INFO [http-nio-8080-exec-116] org.apache.catalina.core.ApplicationContext.log HTMLManager: list: Listing contexts for virtual host 'localhost'
22-Apr-2025 12:20:31.077 INFO [http-nio-8080-exec-120] org.apache.catalina.core.ApplicationContext.log HTMLManager: stop: Stopping web application '/ColabDemo'
22-Apr-2025 12:20:31.146 INFO [http-nio-8080-exec-120] org.apache.catalina.core.ApplicationContext.log HTMLManager: list: Listing contexts for virtual host 'localhost'
22-Apr-2025 12:20:32.690 INFO [http-nio-8080-exec-119] org.apache.catalina.core.ApplicationContext.log HTMLManager: undeploy: Undeploying web application at '/ColabDemo'
22-Apr-2025 12:20:32.741 INFO [http-nio-8080-exec-119] org.apache.catalina.core.ApplicationContext.log HTMLManager: list: Listing contexts for virtual host 'localhost'
22-Apr-2025 12:20:49.346 INFO [http-nio-8080-exec-121] org.apache.catalina.core.ApplicationContext.log HTMLManager: list: Listing contexts for virtual host 'localhost'
22-Apr-2025 12:22:12.035 INFO [http-nio-8080-exec-125] org.apache.catalina.core.ApplicationContext.log HTMLManager: stop: Stopping web application '/ColabDemo'
22-Apr-2025 12:22:12.067 INFO [http-nio-8080-exec-125] org.apache.catalina.core.ApplicationContext.log HTMLManager: list: Listing contexts for virtual host 'localhost'
22-Apr-2025 12:22:17.107 INFO [http-nio-8080-exec-126] org.apache.catalina.core.ApplicationContext.log HTMLManager: undeploy: Undeploying web application at '/ColabDemo'
22-Apr-2025 12:22:17.171 INFO [http-nio-8080-exec-126] org.apache.catalina.core.ApplicationContext.log HTMLManager: list: Listing contexts for virtual host 'localhost'
22-Apr-2025 12:22:48.027 INFO [http-nio-8080-exec-129] org.apache.catalina.core.ApplicationContext.log HTMLManager: list: Listing contexts for virtual host 'localhost'
22-Apr-2025 12:27:41.407 INFO [http-nio-8080-exec-134] org.apache.catalina.core.ApplicationContext.log HTMLManager: stop: Stopping web application '/ColabDemo'
22-Apr-2025 12:27:41.462 INFO [http-nio-8080-exec-134] org.apache.catalina.core.ApplicationContext.log HTMLManager: list: Listing contexts for virtual host 'localhost'
22-Apr-2025 12:27:42.764 INFO [http-nio-8080-exec-137] org.apache.catalina.core.ApplicationContext.log HTMLManager: undeploy: Undeploying web application at '/ColabDemo'
22-Apr-2025 12:27:42.813 INFO [http-nio-8080-exec-137] org.apache.catalina.core.ApplicationContext.log HTMLManager: list: Listing contexts for virtual host 'localhost'
22-Apr-2025 12:27:56.464 INFO [http-nio-8080-exec-138] org.apache.catalina.core.ApplicationContext.log HTMLManager: list: Listing contexts for virtual host 'localhost'
22-Apr-2025 12:28:56.530 INFO [http-nio-8080-exec-144] org.apache.catalina.core.ApplicationContext.log HTMLManager: stop: Stopping web application '/ColabDemo'
22-Apr-2025 12:28:56.535 INFO [http-nio-8080-exec-144] org.apache.catalina.core.ApplicationContext.log HTMLManager: list: Listing contexts for virtual host 'localhost'
22-Apr-2025 12:28:57.872 INFO [http-nio-8080-exec-146] org.apache.catalina.core.ApplicationContext.log HTMLManager: undeploy: Undeploying web application at '/ColabDemo'
22-Apr-2025 12:28:57.925 INFO [http-nio-8080-exec-146] org.apache.catalina.core.ApplicationContext.log HTMLManager: list: Listing contexts for virtual host 'localhost'
22-Apr-2025 12:29:12.908 INFO [http-nio-8080-exec-141] org.apache.catalina.core.ApplicationContext.log HTMLManager: list: Listing contexts for virtual host 'localhost'
22-Apr-2025 12:31:02.039 INFO [http-nio-8080-exec-152] org.apache.catalina.core.ApplicationContext.log HTMLManager: stop: Stopping web application '/ColabDemo'
22-Apr-2025 12:31:02.040 INFO [http-nio-8080-exec-152] org.apache.catalina.core.ApplicationContext.log HTMLManager: list: Listing contexts for virtual host 'localhost'
22-Apr-2025 12:31:03.608 INFO [http-nio-8080-exec-154] org.apache.catalina.core.ApplicationContext.log HTMLManager: undeploy: Undeploying web application at '/ColabDemo'
22-Apr-2025 12:31:03.661 INFO [http-nio-8080-exec-154] org.apache.catalina.core.ApplicationContext.log HTMLManager: list: Listing contexts for virtual host 'localhost'
22-Apr-2025 12:31:14.623 INFO [http-nio-8080-exec-153] org.apache.catalina.core.ApplicationContext.log HTMLManager: list: Listing contexts for virtual host 'localhost'
22-Apr-2025 12:35:14.914 INFO [http-nio-8080-exec-164] org.apache.catalina.core.ApplicationContext.log HTMLManager: stop: Stopping web application '/ColabDemo'
22-Apr-2025 12:35:14.926 INFO [http-nio-8080-exec-164] org.apache.catalina.core.ApplicationContext.log HTMLManager: list: Listing contexts for virtual host 'localhost'
22-Apr-2025 12:35:17.999 INFO [http-nio-8080-exec-167] org.apache.catalina.core.ApplicationContext.log HTMLManager: undeploy: Undeploying web application at '/ColabDemo'
22-Apr-2025 12:35:18.060 INFO [http-nio-8080-exec-167] org.apache.catalina.core.ApplicationContext.log HTMLManager: list: Listing contexts for virtual host 'localhost'
22-Apr-2025 12:35:42.882 INFO [http-nio-8080-exec-169] org.apache.catalina.core.ApplicationContext.log HTMLManager: list: Listing contexts for virtual host 'localhost'
22-Apr-2025 13:04:11.906 INFO [http-nio-8080-exec-174] org.apache.catalina.core.ApplicationContext.log HTMLManager: stop: Stopping web application '/ColabDemo'
22-Apr-2025 13:04:12.007 INFO [http-nio-8080-exec-174] org.apache.catalina.core.ApplicationContext.log HTMLManager: list: Listing contexts for virtual host 'localhost'
22-Apr-2025 13:04:14.340 INFO [http-nio-8080-exec-181] org.apache.catalina.core.ApplicationContext.log HTMLManager: undeploy: Undeploying web application at '/ColabDemo'
22-Apr-2025 13:04:14.389 INFO [http-nio-8080-exec-181] org.apache.catalina.core.ApplicationContext.log HTMLManager: list: Listing contexts for virtual host 'localhost'
22-Apr-2025 13:04:40.949 INFO [http-nio-8080-exec-179] org.apache.catalina.core.ApplicationContext.log HTMLManager: list: Listing contexts for virtual host 'localhost'
22-Apr-2025 14:20:16.305 INFO [http-nio-8080-exec-4] org.apache.catalina.core.ApplicationContext.log HTMLManager: init: Associated with Deployer 'Catalina:type=Deployer,host=localhost'
22-Apr-2025 14:20:16.305 INFO [http-nio-8080-exec-4] org.apache.catalina.core.ApplicationContext.log HTMLManager: init: Global resources are available
22-Apr-2025 14:20:16.311 INFO [http-nio-8080-exec-4] org.apache.catalina.core.ApplicationContext.log HTMLManager: list: Listing contexts for virtual host 'localhost'
22-Apr-2025 14:20:18.881 INFO [http-nio-8080-exec-5] org.apache.catalina.core.ApplicationContext.log HTMLManager: stop: Stopping web application '/ColabDemo'
22-Apr-2025 14:20:18.907 INFO [http-nio-8080-exec-5] org.apache.catalina.core.ApplicationContext.log HTMLManager: list: Listing contexts for virtual host 'localhost'
22-Apr-2025 14:20:21.324 INFO [http-nio-8080-exec-8] org.apache.catalina.core.ApplicationContext.log HTMLManager: stop: Stopping web application '/ColabFarm'
22-Apr-2025 14:20:21.342 INFO [http-nio-8080-exec-8] org.apache.catalina.core.ApplicationContext.log HTMLManager: list: Listing contexts for virtual host 'localhost'
22-Apr-2025 14:20:24.476 INFO [http-nio-8080-exec-11] org.apache.catalina.core.ApplicationContext.log HTMLManager: start: Starting web application '/ColabFarm'
22-Apr-2025 14:20:28.505 INFO [http-nio-8080-exec-11] org.apache.catalina.core.ApplicationContext.log HTMLManager: list: Listing contexts for virtual host 'localhost'
22-Apr-2025 14:22:45.424 INFO [http-nio-8080-exec-13] org.apache.catalina.core.ApplicationContext.log HTMLManager: stop: Stopping web application '/ColabFarm'
22-Apr-2025 14:22:45.443 INFO [http-nio-8080-exec-13] org.apache.catalina.core.ApplicationContext.log HTMLManager: list: Listing contexts for virtual host 'localhost'
22-Apr-2025 14:22:46.975 INFO [http-nio-8080-exec-10] org.apache.catalina.core.ApplicationContext.log HTMLManager: undeploy: Undeploying web application at '/ColabDemo'
22-Apr-2025 14:22:47.002 INFO [http-nio-8080-exec-10] org.apache.catalina.core.ApplicationContext.log HTMLManager: list: Listing contexts for virtual host 'localhost'
22-Apr-2025 14:22:55.779 INFO [http-nio-8080-exec-14] org.apache.catalina.core.ApplicationContext.log HTMLManager: list: Listing contexts for virtual host 'localhost'
22-Apr-2025 14:28:53.082 INFO [http-nio-8080-exec-22] org.apache.catalina.core.ApplicationContext.log HTMLManager: stop: Stopping web application '/ColabDemo'
22-Apr-2025 14:28:53.093 INFO [http-nio-8080-exec-22] org.apache.catalina.core.ApplicationContext.log HTMLManager: list: Listing contexts for virtual host 'localhost'
22-Apr-2025 14:28:54.408 INFO [http-nio-8080-exec-27] org.apache.catalina.core.ApplicationContext.log HTMLManager: undeploy: Undeploying web application at '/ColabDemo'
22-Apr-2025 14:28:54.433 INFO [http-nio-8080-exec-27] org.apache.catalina.core.ApplicationContext.log HTMLManager: list: Listing contexts for virtual host 'localhost'
22-Apr-2025 14:29:03.258 INFO [http-nio-8080-exec-24] org.apache.catalina.core.ApplicationContext.log HTMLManager: list: Listing contexts for virtual host 'localhost'
22-Apr-2025 14:32:55.991 INFO [http-nio-8080-exec-30] org.apache.catalina.core.ApplicationContext.log HTMLManager: stop: Stopping web application '/ColabDemo'
22-Apr-2025 14:32:55.995 INFO [http-nio-8080-exec-30] org.apache.catalina.core.ApplicationContext.log HTMLManager: list: Listing contexts for virtual host 'localhost'
22-Apr-2025 14:32:57.351 INFO [http-nio-8080-exec-35] org.apache.catalina.core.ApplicationContext.log HTMLManager: undeploy: Undeploying web application at '/ColabDemo'
22-Apr-2025 14:32:57.375 INFO [http-nio-8080-exec-35] org.apache.catalina.core.ApplicationContext.log HTMLManager: list: Listing contexts for virtual host 'localhost'
22-Apr-2025 14:33:24.918 INFO [http-nio-8080-exec-33] org.apache.catalina.core.ApplicationContext.log HTMLManager: list: Listing contexts for virtual host 'localhost'
22-Apr-2025 14:40:47.684 INFO [http-nio-8080-exec-40] org.apache.catalina.core.ApplicationContext.log HTMLManager: stop: Stopping web application '/ColabDemo'
22-Apr-2025 14:40:47.687 INFO [http-nio-8080-exec-40] org.apache.catalina.core.ApplicationContext.log HTMLManager: list: Listing contexts for virtual host 'localhost'
22-Apr-2025 14:40:49.540 INFO [http-nio-8080-exec-43] org.apache.catalina.core.ApplicationContext.log HTMLManager: undeploy: Undeploying web application at '/ColabDemo'
22-Apr-2025 14:40:49.564 INFO [http-nio-8080-exec-43] org.apache.catalina.core.ApplicationContext.log HTMLManager: list: Listing contexts for virtual host 'localhost'
22-Apr-2025 14:40:58.705 INFO [http-nio-8080-exec-44] org.apache.catalina.core.ApplicationContext.log HTMLManager: list: Listing contexts for virtual host 'localhost'
22-Apr-2025 14:43:47.654 INFO [http-nio-8080-exec-3] org.apache.catalina.core.ApplicationContext.log HTMLManager: init: Associated with Deployer 'Catalina:type=Deployer,host=localhost'
22-Apr-2025 14:43:47.654 INFO [http-nio-8080-exec-3] org.apache.catalina.core.ApplicationContext.log HTMLManager: init: Global resources are available
22-Apr-2025 14:43:47.658 INFO [http-nio-8080-exec-3] org.apache.catalina.core.ApplicationContext.log HTMLManager: list: Listing contexts for virtual host 'localhost'
22-Apr-2025 14:43:50.856 INFO [http-nio-8080-exec-4] org.apache.catalina.core.ApplicationContext.log HTMLManager: stop: Stopping web application '/ColabDemo'
22-Apr-2025 14:43:50.895 INFO [http-nio-8080-exec-4] org.apache.catalina.core.ApplicationContext.log HTMLManager: list: Listing contexts for virtual host 'localhost'
22-Apr-2025 14:43:52.625 INFO [http-nio-8080-exec-7] org.apache.catalina.core.ApplicationContext.log HTMLManager: undeploy: Undeploying web application at '/ColabDemo'
22-Apr-2025 14:43:52.651 INFO [http-nio-8080-exec-7] org.apache.catalina.core.ApplicationContext.log HTMLManager: list: Listing contexts for virtual host 'localhost'
22-Apr-2025 14:44:05.518 INFO [http-nio-8080-exec-9] org.apache.catalina.core.ApplicationContext.log HTMLManager: list: Listing contexts for virtual host 'localhost'
22-Apr-2025 14:52:49.495 INFO [http-nio-8080-exec-18] org.apache.catalina.core.ApplicationContext.log HTMLManager: stop: Stopping web application '/ColabDemo'
22-Apr-2025 14:52:49.513 INFO [http-nio-8080-exec-18] org.apache.catalina.core.ApplicationContext.log HTMLManager: list: Listing contexts for virtual host 'localhost'
22-Apr-2025 14:52:50.758 INFO [http-nio-8080-exec-13] org.apache.catalina.core.ApplicationContext.log HTMLManager: undeploy: Undeploying web application at '/ColabDemo'
22-Apr-2025 14:52:50.783 INFO [http-nio-8080-exec-13] org.apache.catalina.core.ApplicationContext.log HTMLManager: list: Listing contexts for virtual host 'localhost'
22-Apr-2025 14:53:06.574 INFO [http-nio-8080-exec-14] org.apache.catalina.core.ApplicationContext.log HTMLManager: list: Listing contexts for virtual host 'localhost'
22-Apr-2025 14:54:24.801 INFO [http-nio-8080-exec-1] org.apache.catalina.core.ApplicationContext.log HTMLManager: init: Associated with Deployer 'Catalina:type=Deployer,host=localhost'
22-Apr-2025 14:54:24.801 INFO [http-nio-8080-exec-1] org.apache.catalina.core.ApplicationContext.log HTMLManager: init: Global resources are available
22-Apr-2025 14:54:24.806 INFO [http-nio-8080-exec-1] org.apache.catalina.core.ApplicationContext.log HTMLManager: stop: Stopping web application '/ColabDemo'
22-Apr-2025 14:54:24.840 INFO [http-nio-8080-exec-1] org.apache.catalina.core.ApplicationContext.log HTMLManager: list: Listing contexts for virtual host 'localhost'
22-Apr-2025 14:54:25.657 INFO [http-nio-8080-exec-10] org.apache.catalina.core.ApplicationContext.log HTMLManager: undeploy: Undeploying web application at '/ColabDemo'
22-Apr-2025 14:54:25.683 INFO [http-nio-8080-exec-10] org.apache.catalina.core.ApplicationContext.log HTMLManager: list: Listing contexts for virtual host 'localhost'
22-Apr-2025 14:54:34.140 INFO [http-nio-8080-exec-8] org.apache.catalina.core.ApplicationContext.log HTMLManager: list: Listing contexts for virtual host 'localhost'
22-Apr-2025 14:58:39.200 INFO [http-nio-8080-exec-11] org.apache.catalina.core.ApplicationContext.log HTMLManager: stop: Stopping web application '/ColabDemo'
22-Apr-2025 14:58:39.217 INFO [http-nio-8080-exec-11] org.apache.catalina.core.ApplicationContext.log HTMLManager: list: Listing contexts for virtual host 'localhost'
22-Apr-2025 14:58:41.993 INFO [http-nio-8080-exec-15] org.apache.catalina.core.ApplicationContext.log HTMLManager: undeploy: Undeploying web application at '/ColabDemo'
22-Apr-2025 14:58:42.016 INFO [http-nio-8080-exec-15] org.apache.catalina.core.ApplicationContext.log HTMLManager: list: Listing contexts for virtual host 'localhost'
22-Apr-2025 14:58:55.139 INFO [http-nio-8080-exec-14] org.apache.catalina.core.ApplicationContext.log HTMLManager: list: Listing contexts for virtual host 'localhost'
22-Apr-2025 15:07:52.079 INFO [http-nio-8080-exec-21] org.apache.catalina.core.ApplicationContext.log HTMLManager: stop: Stopping web application '/ColabDemo'
22-Apr-2025 15:07:52.111 INFO [http-nio-8080-exec-21] org.apache.catalina.core.ApplicationContext.log HTMLManager: list: Listing contexts for virtual host 'localhost'
22-Apr-2025 15:07:52.839 INFO [http-nio-8080-exec-30] org.apache.catalina.core.ApplicationContext.log HTMLManager: undeploy: Undeploying web application at '/ColabDemo'
22-Apr-2025 15:07:52.864 INFO [http-nio-8080-exec-30] org.apache.catalina.core.ApplicationContext.log HTMLManager: list: Listing contexts for virtual host 'localhost'
22-Apr-2025 15:08:05.043 INFO [http-nio-8080-exec-26] org.apache.catalina.core.ApplicationContext.log HTMLManager: list: Listing contexts for virtual host 'localhost'
22-Apr-2025 15:12:04.525 INFO [http-nio-8080-exec-31] org.apache.catalina.core.ApplicationContext.log HTMLManager: stop: Stopping web application '/ColabDemo'
22-Apr-2025 15:12:04.560 INFO [http-nio-8080-exec-31] org.apache.catalina.core.ApplicationContext.log HTMLManager: list: Listing contexts for virtual host 'localhost'
22-Apr-2025 15:12:06.100 INFO [http-nio-8080-exec-37] org.apache.catalina.core.ApplicationContext.log HTMLManager: undeploy: Undeploying web application at '/ColabDemo'
22-Apr-2025 15:12:06.124 INFO [http-nio-8080-exec-37] org.apache.catalina.core.ApplicationContext.log HTMLManager: list: Listing contexts for virtual host 'localhost'
22-Apr-2025 15:12:16.558 INFO [http-nio-8080-exec-38] org.apache.catalina.core.ApplicationContext.log HTMLManager: list: Listing contexts for virtual host 'localhost'
22-Apr-2025 15:21:08.507 INFO [http-nio-8080-exec-1] org.apache.catalina.core.ApplicationContext.log HTMLManager: init: Associated with Deployer 'Catalina:type=Deployer,host=localhost'
22-Apr-2025 15:21:08.507 INFO [http-nio-8080-exec-1] org.apache.catalina.core.ApplicationContext.log HTMLManager: init: Global resources are available
22-Apr-2025 15:21:08.513 INFO [http-nio-8080-exec-1] org.apache.catalina.core.ApplicationContext.log HTMLManager: stop: Stopping web application '/ColabDemo'
22-Apr-2025 15:21:08.540 INFO [http-nio-8080-exec-1] org.apache.catalina.core.ApplicationContext.log HTMLManager: list: Listing contexts for virtual host 'localhost'
22-Apr-2025 15:21:10.028 INFO [http-nio-8080-exec-7] org.apache.catalina.core.ApplicationContext.log HTMLManager: undeploy: Undeploying web application at '/ColabDemo'
22-Apr-2025 15:21:10.054 INFO [http-nio-8080-exec-7] org.apache.catalina.core.ApplicationContext.log HTMLManager: list: Listing contexts for virtual host 'localhost'
22-Apr-2025 15:21:19.628 INFO [http-nio-8080-exec-10] org.apache.catalina.core.ApplicationContext.log HTMLManager: list: Listing contexts for virtual host 'localhost'
22-Apr-2025 15:23:16.176 INFO [http-nio-8080-exec-11] org.apache.catalina.core.ApplicationContext.log HTMLManager: stop: Stopping web application '/ColabDemo'
22-Apr-2025 15:23:16.193 INFO [http-nio-8080-exec-11] org.apache.catalina.core.ApplicationContext.log HTMLManager: list: Listing contexts for virtual host 'localhost'
22-Apr-2025 15:23:17.807 INFO [http-nio-8080-exec-19] org.apache.catalina.core.ApplicationContext.log HTMLManager: undeploy: Undeploying web application at '/ColabDemo'
22-Apr-2025 15:23:17.834 INFO [http-nio-8080-exec-19] org.apache.catalina.core.ApplicationContext.log HTMLManager: list: Listing contexts for virtual host 'localhost'
22-Apr-2025 15:23:36.405 INFO [http-nio-8080-exec-12] org.apache.catalina.core.ApplicationContext.log HTMLManager: list: Listing contexts for virtual host 'localhost'
22-Apr-2025 16:33:04.882 INFO [http-nio-8080-exec-21] org.apache.catalina.core.ApplicationContext.log HTMLManager: list: Listing contexts for virtual host 'localhost'
22-Apr-2025 16:33:07.779 INFO [http-nio-8080-exec-23] org.apache.catalina.core.ApplicationContext.log HTMLManager: stop: Stopping web application '/ColabDemo'
22-Apr-2025 16:33:07.937 INFO [http-nio-8080-exec-23] org.apache.catalina.core.ApplicationContext.log HTMLManager: list: Listing contexts for virtual host 'localhost'
22-Apr-2025 16:33:12.992 INFO [http-nio-8080-exec-21] org.apache.catalina.core.ApplicationContext.log HTMLManager: stop: Stopping web application '/ColabFarm'
22-Apr-2025 16:33:13.064 INFO [http-nio-8080-exec-21] org.apache.catalina.core.ApplicationContext.log HTMLManager: list: Listing contexts for virtual host 'localhost'
22-Apr-2025 16:33:17.246 INFO [http-nio-8080-exec-26] org.apache.catalina.core.ApplicationContext.log HTMLManager: undeploy: Undeploying web application at '/ColabFarm'
22-Apr-2025 16:33:17.299 INFO [http-nio-8080-exec-26] org.apache.catalina.core.ApplicationContext.log HTMLManager: list: Listing contexts for virtual host 'localhost'
22-Apr-2025 16:33:35.003 INFO [http-nio-8080-exec-28] org.apache.catalina.core.ApplicationContext.log HTMLManager: list: Listing contexts for virtual host 'localhost'
22-Apr-2025 16:38:15.456 INFO [http-nio-8080-exec-39] org.apache.catalina.core.ApplicationContext.log HTMLManager: stop: Stopping web application '/ColabFarm'
22-Apr-2025 16:38:15.568 INFO [http-nio-8080-exec-39] org.apache.catalina.core.ApplicationContext.log HTMLManager: list: Listing contexts for virtual host 'localhost'
22-Apr-2025 16:38:17.852 INFO [http-nio-8080-exec-36] org.apache.catalina.core.ApplicationContext.log HTMLManager: undeploy: Undeploying web application at '/ColabFarm'
22-Apr-2025 16:38:17.908 INFO [http-nio-8080-exec-36] org.apache.catalina.core.ApplicationContext.log HTMLManager: list: Listing contexts for virtual host 'localhost'
22-Apr-2025 16:38:32.619 INFO [http-nio-8080-exec-38] org.apache.catalina.core.ApplicationContext.log HTMLManager: list: Listing contexts for virtual host 'localhost'
22-Apr-2025 16:40:49.453 INFO [http-nio-8080-exec-43] org.apache.catalina.core.ApplicationContext.log HTMLManager: stop: Stopping web application '/ColabFarm'
22-Apr-2025 16:40:49.482 INFO [http-nio-8080-exec-43] org.apache.catalina.core.ApplicationContext.log HTMLManager: list: Listing contexts for virtual host 'localhost'
22-Apr-2025 16:40:51.342 INFO [http-nio-8080-exec-52] org.apache.catalina.core.ApplicationContext.log HTMLManager: undeploy: Undeploying web application at '/ColabFarm'
22-Apr-2025 16:40:51.400 INFO [http-nio-8080-exec-52] org.apache.catalina.core.ApplicationContext.log HTMLManager: list: Listing contexts for virtual host 'localhost'
22-Apr-2025 16:41:06.843 INFO [http-nio-8080-exec-51] org.apache.catalina.core.ApplicationContext.log HTMLManager: list: Listing contexts for virtual host 'localhost'
22-Apr-2025 16:45:07.089 INFO [http-nio-8080-exec-53] org.apache.catalina.core.ApplicationContext.log HTMLManager: stop: Stopping web application '/ColabFarm'
22-Apr-2025 16:45:07.126 INFO [http-nio-8080-exec-53] org.apache.catalina.core.ApplicationContext.log HTMLManager: list: Listing contexts for virtual host 'localhost'
22-Apr-2025 16:45:08.672 INFO [http-nio-8080-exec-54] org.apache.catalina.core.ApplicationContext.log HTMLManager: undeploy: Undeploying web application at '/ColabFarm'
22-Apr-2025 16:45:08.727 INFO [http-nio-8080-exec-54] org.apache.catalina.core.ApplicationContext.log HTMLManager: list: Listing contexts for virtual host 'localhost'
22-Apr-2025 16:45:35.055 INFO [http-nio-8080-exec-61] org.apache.catalina.core.ApplicationContext.log HTMLManager: list: Listing contexts for virtual host 'localhost'
22-Apr-2025 16:47:57.329 INFO [http-nio-8080-exec-63] org.apache.catalina.core.ApplicationContext.log HTMLManager: stop: Stopping web application '/ColabFarm'
22-Apr-2025 16:47:57.385 INFO [http-nio-8080-exec-63] org.apache.catalina.core.ApplicationContext.log HTMLManager: list: Listing contexts for virtual host 'localhost'
22-Apr-2025 16:47:59.334 INFO [http-nio-8080-exec-66] org.apache.catalina.core.ApplicationContext.log HTMLManager: undeploy: Undeploying web application at '/ColabFarm'
22-Apr-2025 16:47:59.388 INFO [http-nio-8080-exec-66] org.apache.catalina.core.ApplicationContext.log HTMLManager: list: Listing contexts for virtual host 'localhost'
22-Apr-2025 16:48:14.226 INFO [http-nio-8080-exec-69] org.apache.catalina.core.ApplicationContext.log HTMLManager: list: Listing contexts for virtual host 'localhost'
22-Apr-2025 16:52:15.583 INFO [http-nio-8080-exec-73] org.apache.catalina.core.ApplicationContext.log HTMLManager: stop: Stopping web application '/ColabFarm'
22-Apr-2025 16:52:15.630 INFO [http-nio-8080-exec-73] org.apache.catalina.core.ApplicationContext.log HTMLManager: list: Listing contexts for virtual host 'localhost'
22-Apr-2025 16:52:17.163 INFO [http-nio-8080-exec-74] org.apache.catalina.core.ApplicationContext.log HTMLManager: undeploy: Undeploying web application at '/ColabFarm'
22-Apr-2025 16:52:17.213 INFO [http-nio-8080-exec-74] org.apache.catalina.core.ApplicationContext.log HTMLManager: list: Listing contexts for virtual host 'localhost'
22-Apr-2025 16:52:32.469 INFO [http-nio-8080-exec-79] org.apache.catalina.core.ApplicationContext.log HTMLManager: list: Listing contexts for virtual host 'localhost'
