07-May-2025 10:15:47.946 INFO [http-nio-8080-exec-8] org.apache.catalina.core.ApplicationContext.log HTMLManager: init: Associated with Deployer 'Catalina:type=Deployer,host=localhost'
07-May-2025 10:15:47.946 INFO [http-nio-8080-exec-8] org.apache.catalina.core.ApplicationContext.log HTMLManager: init: Global resources are available
07-May-2025 10:15:47.953 INFO [http-nio-8080-exec-8] org.apache.catalina.core.ApplicationContext.log HTMLManager: list: Listing contexts for virtual host 'localhost'
07-May-2025 10:15:55.660 INFO [http-nio-8080-exec-3] org.apache.catalina.core.ApplicationContext.log HTMLManager: stop: Stopping web application '/GovernmentScheme'
07-May-2025 10:15:55.721 INFO [http-nio-8080-exec-3] org.apache.catalina.core.ApplicationContext.log HTMLManager: list: Listing contexts for virtual host 'localhost'
07-May-2025 10:16:02.392 INFO [http-nio-8080-exec-9] org.apache.catalina.core.ApplicationContext.log HTMLManager: undeploy: Undeploying web application at '/GovernmentScheme'
07-May-2025 10:16:02.429 INFO [http-nio-8080-exec-9] org.apache.catalina.core.ApplicationContext.log HTMLManager: list: Listing contexts for virtual host 'localhost'
07-May-2025 10:17:10.716 INFO [http-nio-8080-exec-11] org.apache.catalina.core.ApplicationContext.log HTMLManager: list: Listing contexts for virtual host 'localhost'
07-May-2025 10:24:52.320 INFO [http-nio-8080-exec-14] org.apache.catalina.core.ApplicationContext.log HTMLManager: stop: Stopping web application '/GovernmentScheme'
07-May-2025 10:24:52.376 INFO [http-nio-8080-exec-14] org.apache.catalina.core.ApplicationContext.log HTMLManager: list: Listing contexts for virtual host 'localhost'
07-May-2025 10:24:54.775 INFO [http-nio-8080-exec-18] org.apache.catalina.core.ApplicationContext.log HTMLManager: stop: Stopping web application '/CollabeFarm'
07-May-2025 10:24:54.816 INFO [http-nio-8080-exec-18] org.apache.catalina.core.ApplicationContext.log HTMLManager: list: Listing contexts for virtual host 'localhost'
07-May-2025 10:24:56.807 INFO [http-nio-8080-exec-16] org.apache.catalina.core.ApplicationContext.log HTMLManager: stop: Stopping web application '/FinalProject'
07-May-2025 10:24:56.865 INFO [http-nio-8080-exec-16] org.apache.catalina.core.ApplicationContext.log HTMLManager: list: Listing contexts for virtual host 'localhost'
07-May-2025 10:24:59.606 INFO [http-nio-8080-exec-13] org.apache.catalina.core.ApplicationContext.log HTMLManager: undeploy: Undeploying web application at '/FinalProject'
07-May-2025 10:24:59.644 INFO [http-nio-8080-exec-13] org.apache.catalina.core.ApplicationContext.log HTMLManager: list: Listing contexts for virtual host 'localhost'
07-May-2025 10:25:12.903 INFO [http-nio-8080-exec-19] org.apache.catalina.core.ApplicationContext.log HTMLManager: list: Listing contexts for virtual host 'localhost'
07-May-2025 11:02:56.140 INFO [http-nio-8080-exec-27] org.apache.catalina.core.ApplicationContext.log HTMLManager: list: Listing contexts for virtual host 'localhost'
07-May-2025 11:02:58.773 INFO [http-nio-8080-exec-28] org.apache.catalina.core.ApplicationContext.log HTMLManager: stop: Stopping web application '/FinalProject'
07-May-2025 11:02:58.823 INFO [http-nio-8080-exec-28] org.apache.catalina.core.ApplicationContext.log HTMLManager: list: Listing contexts for virtual host 'localhost'
07-May-2025 11:02:59.880 INFO [http-nio-8080-exec-32] org.apache.catalina.core.ApplicationContext.log HTMLManager: undeploy: Undeploying web application at '/FinalProject'
07-May-2025 11:02:59.916 INFO [http-nio-8080-exec-32] org.apache.catalina.core.ApplicationContext.log HTMLManager: list: Listing contexts for virtual host 'localhost'
07-May-2025 11:03:09.659 INFO [http-nio-8080-exec-23] org.apache.catalina.core.ApplicationContext.log HTMLManager: list: Listing contexts for virtual host 'localhost'
07-May-2025 11:11:03.664 INFO [http-nio-8080-exec-37] org.apache.catalina.core.ApplicationContext.log HTMLManager: stop: Stopping web application '/FinalProject'
07-May-2025 11:11:03.718 INFO [http-nio-8080-exec-37] org.apache.catalina.core.ApplicationContext.log HTMLManager: list: Listing contexts for virtual host 'localhost'
07-May-2025 11:11:05.303 INFO [http-nio-8080-exec-39] org.apache.catalina.core.ApplicationContext.log HTMLManager: undeploy: Undeploying web application at '/FinalProject'
07-May-2025 11:11:05.334 INFO [http-nio-8080-exec-39] org.apache.catalina.core.ApplicationContext.log HTMLManager: list: Listing contexts for virtual host 'localhost'
07-May-2025 11:11:18.120 INFO [http-nio-8080-exec-34] org.apache.catalina.core.ApplicationContext.log HTMLManager: list: Listing contexts for virtual host 'localhost'
07-May-2025 11:14:29.052 INFO [http-nio-8080-exec-45] org.apache.catalina.core.ApplicationContext.log HTMLManager: stop: Stopping web application '/FinalProject'
07-May-2025 11:14:29.102 INFO [http-nio-8080-exec-45] org.apache.catalina.core.ApplicationContext.log HTMLManager: list: Listing contexts for virtual host 'localhost'
07-May-2025 11:14:31.071 INFO [http-nio-8080-exec-47] org.apache.catalina.core.ApplicationContext.log HTMLManager: undeploy: Undeploying web application at '/FinalProject'
07-May-2025 11:14:31.101 INFO [http-nio-8080-exec-47] org.apache.catalina.core.ApplicationContext.log HTMLManager: list: Listing contexts for virtual host 'localhost'
07-May-2025 11:14:41.459 INFO [http-nio-8080-exec-49] org.apache.catalina.core.ApplicationContext.log HTMLManager: list: Listing contexts for virtual host 'localhost'
07-May-2025 11:19:40.320 INFO [http-nio-8080-exec-56] org.apache.catalina.core.ApplicationContext.log HTMLManager: stop: Stopping web application '/FinalProject'
07-May-2025 11:19:40.388 INFO [http-nio-8080-exec-56] org.apache.catalina.core.ApplicationContext.log HTMLManager: list: Listing contexts for virtual host 'localhost'
07-May-2025 11:19:41.374 INFO [http-nio-8080-exec-60] org.apache.catalina.core.ApplicationContext.log HTMLManager: undeploy: Undeploying web application at '/FinalProject'
07-May-2025 11:19:41.408 INFO [http-nio-8080-exec-60] org.apache.catalina.core.ApplicationContext.log HTMLManager: list: Listing contexts for virtual host 'localhost'
07-May-2025 11:19:55.015 INFO [http-nio-8080-exec-55] org.apache.catalina.core.ApplicationContext.log HTMLManager: list: Listing contexts for virtual host 'localhost'
07-May-2025 11:23:48.311 INFO [http-nio-8080-exec-69] org.apache.catalina.core.ApplicationContext.log HTMLManager: stop: Stopping web application '/FinalProject'
07-May-2025 11:23:48.335 INFO [http-nio-8080-exec-69] org.apache.catalina.core.ApplicationContext.log HTMLManager: list: Listing contexts for virtual host 'localhost'
07-May-2025 11:23:49.644 INFO [http-nio-8080-exec-65] org.apache.catalina.core.ApplicationContext.log HTMLManager: undeploy: Undeploying web application at '/FinalProject'
07-May-2025 11:23:49.677 INFO [http-nio-8080-exec-65] org.apache.catalina.core.ApplicationContext.log HTMLManager: list: Listing contexts for virtual host 'localhost'
07-May-2025 11:23:59.022 INFO [http-nio-8080-exec-67] org.apache.catalina.core.ApplicationContext.log HTMLManager: list: Listing contexts for virtual host 'localhost'
07-May-2025 11:31:56.892 INFO [http-nio-8080-exec-82] org.apache.catalina.core.ApplicationContext.log HTMLManager: stop: Stopping web application '/FinalProject'
07-May-2025 11:31:56.912 INFO [http-nio-8080-exec-82] org.apache.catalina.core.ApplicationContext.log HTMLManager: list: Listing contexts for virtual host 'localhost'
07-May-2025 11:31:58.275 INFO [http-nio-8080-exec-79] org.apache.catalina.core.ApplicationContext.log HTMLManager: undeploy: Undeploying web application at '/FinalProject'
07-May-2025 11:31:58.304 INFO [http-nio-8080-exec-79] org.apache.catalina.core.ApplicationContext.log HTMLManager: list: Listing contexts for virtual host 'localhost'
07-May-2025 11:32:09.068 INFO [http-nio-8080-exec-78] org.apache.catalina.core.ApplicationContext.log HTMLManager: list: Listing contexts for virtual host 'localhost'
07-May-2025 11:48:35.135 INFO [http-nio-8080-exec-85] org.apache.catalina.core.ApplicationContext.log HTMLManager: stop: Stopping web application '/FinalProject'
07-May-2025 11:48:35.182 INFO [http-nio-8080-exec-85] org.apache.catalina.core.ApplicationContext.log HTMLManager: list: Listing contexts for virtual host 'localhost'
07-May-2025 11:48:37.345 INFO [http-nio-8080-exec-89] org.apache.catalina.core.ApplicationContext.log HTMLManager: undeploy: Undeploying web application at '/FinalProject'
07-May-2025 11:48:37.375 INFO [http-nio-8080-exec-89] org.apache.catalina.core.ApplicationContext.log HTMLManager: list: Listing contexts for virtual host 'localhost'
07-May-2025 11:48:47.019 INFO [http-nio-8080-exec-83] org.apache.catalina.core.ApplicationContext.log HTMLManager: list: Listing contexts for virtual host 'localhost'
07-May-2025 11:54:19.418 INFO [http-nio-8080-exec-93] org.apache.catalina.core.ApplicationContext.log HTMLManager: stop: Stopping web application '/FinalProject'
07-May-2025 11:54:19.476 INFO [http-nio-8080-exec-93] org.apache.catalina.core.ApplicationContext.log HTMLManager: list: Listing contexts for virtual host 'localhost'
07-May-2025 11:54:21.059 INFO [http-nio-8080-exec-99] org.apache.catalina.core.ApplicationContext.log HTMLManager: undeploy: Undeploying web application at '/FinalProject'
07-May-2025 11:54:21.091 INFO [http-nio-8080-exec-99] org.apache.catalina.core.ApplicationContext.log HTMLManager: list: Listing contexts for virtual host 'localhost'
07-May-2025 11:54:30.211 INFO [http-nio-8080-exec-98] org.apache.catalina.core.ApplicationContext.log HTMLManager: list: Listing contexts for virtual host 'localhost'
07-May-2025 12:06:32.807 INFO [http-nio-8080-exec-106] org.apache.catalina.core.ApplicationContext.log HTMLManager: stop: Stopping web application '/FinalProject'
07-May-2025 12:06:32.864 INFO [http-nio-8080-exec-106] org.apache.catalina.core.ApplicationContext.log HTMLManager: list: Listing contexts for virtual host 'localhost'
07-May-2025 12:06:33.814 INFO [http-nio-8080-exec-108] org.apache.catalina.core.ApplicationContext.log HTMLManager: undeploy: Undeploying web application at '/FinalProject'
07-May-2025 12:06:33.843 INFO [http-nio-8080-exec-108] org.apache.catalina.core.ApplicationContext.log HTMLManager: list: Listing contexts for virtual host 'localhost'
07-May-2025 12:06:42.497 INFO [http-nio-8080-exec-105] org.apache.catalina.core.ApplicationContext.log HTMLManager: list: Listing contexts for virtual host 'localhost'
07-May-2025 12:20:36.634 INFO [http-nio-8080-exec-1] org.apache.catalina.core.ApplicationContext.log HTMLManager: init: Associated with Deployer 'Catalina:type=Deployer,host=localhost'
07-May-2025 12:20:36.634 INFO [http-nio-8080-exec-1] org.apache.catalina.core.ApplicationContext.log HTMLManager: init: Global resources are available
07-May-2025 12:20:36.638 INFO [http-nio-8080-exec-1] org.apache.catalina.core.ApplicationContext.log HTMLManager: undeploy: Undeploying web application at '/CollabeFarm'
07-May-2025 12:20:36.708 INFO [http-nio-8080-exec-1] org.apache.catalina.core.ApplicationContext.log HTMLManager: list: Listing contexts for virtual host 'localhost'
07-May-2025 12:20:39.936 INFO [http-nio-8080-exec-3] org.apache.catalina.core.ApplicationContext.log HTMLManager: undeploy: Undeploying web application at '/GovernmentScheme'
07-May-2025 12:20:39.994 INFO [http-nio-8080-exec-3] org.apache.catalina.core.ApplicationContext.log HTMLManager: list: Listing contexts for virtual host 'localhost'
07-May-2025 12:20:45.768 INFO [http-nio-8080-exec-6] org.apache.catalina.core.ApplicationContext.log HTMLManager: stop: Stopping web application '/FinalProject'
07-May-2025 12:20:45.789 INFO [http-nio-8080-exec-6] org.apache.catalina.core.ApplicationContext.log HTMLManager: list: Listing contexts for virtual host 'localhost'
07-May-2025 12:20:50.327 INFO [http-nio-8080-exec-5] org.apache.catalina.core.ApplicationContext.log HTMLManager: undeploy: Undeploying web application at '/FinalProject'
07-May-2025 12:20:50.362 INFO [http-nio-8080-exec-5] org.apache.catalina.core.ApplicationContext.log HTMLManager: list: Listing contexts for virtual host 'localhost'
07-May-2025 12:21:55.432 INFO [http-nio-8080-exec-14] org.apache.catalina.core.ApplicationContext.log HTMLManager: list: Listing contexts for virtual host 'localhost'
07-May-2025 12:28:21.797 INFO [http-nio-8080-exec-18] org.apache.catalina.core.ApplicationContext.log HTMLManager: stop: Stopping web application '/FinalProject'
07-May-2025 12:28:21.816 INFO [http-nio-8080-exec-18] org.apache.catalina.core.ApplicationContext.log HTMLManager: list: Listing contexts for virtual host 'localhost'
07-May-2025 12:28:23.100 INFO [http-nio-8080-exec-23] org.apache.catalina.core.ApplicationContext.log HTMLManager: undeploy: Undeploying web application at '/FinalProject'
07-May-2025 12:28:23.137 INFO [http-nio-8080-exec-23] org.apache.catalina.core.ApplicationContext.log HTMLManager: list: Listing contexts for virtual host 'localhost'
07-May-2025 12:28:35.865 INFO [http-nio-8080-exec-19] org.apache.catalina.core.ApplicationContext.log HTMLManager: list: Listing contexts for virtual host 'localhost'
07-May-2025 12:40:13.642 INFO [http-nio-8080-exec-30] org.apache.catalina.core.ApplicationContext.log HTMLManager: undeploy: Undeploying web application at '/FinalProject'
07-May-2025 12:40:13.739 INFO [http-nio-8080-exec-30] org.apache.catalina.core.ApplicationContext.log HTMLManager: list: Listing contexts for virtual host 'localhost'
07-May-2025 12:40:25.048 INFO [http-nio-8080-exec-27] org.apache.catalina.core.ApplicationContext.log HTMLManager: list: Listing contexts for virtual host 'localhost'
07-May-2025 12:41:20.291 INFO [http-nio-8080-exec-38] org.apache.catalina.core.ApplicationContext.log HTMLManager: undeploy: Undeploying web application at '/FinalProject'
07-May-2025 12:41:20.346 INFO [http-nio-8080-exec-38] org.apache.catalina.core.ApplicationContext.log HTMLManager: list: Listing contexts for virtual host 'localhost'
07-May-2025 12:41:30.615 INFO [http-nio-8080-exec-34] org.apache.catalina.core.ApplicationContext.log HTMLManager: list: Listing contexts for virtual host 'localhost'
07-May-2025 12:46:41.634 INFO [http-nio-8080-exec-48] org.apache.catalina.core.ApplicationContext.log HTMLManager: stop: Stopping web application '/FinalProject'
07-May-2025 12:46:41.697 INFO [http-nio-8080-exec-48] org.apache.catalina.core.ApplicationContext.log HTMLManager: list: Listing contexts for virtual host 'localhost'
07-May-2025 12:46:43.516 INFO [http-nio-8080-exec-50] org.apache.catalina.core.ApplicationContext.log HTMLManager: undeploy: Undeploying web application at '/FinalProject'
07-May-2025 12:46:43.551 INFO [http-nio-8080-exec-50] org.apache.catalina.core.ApplicationContext.log HTMLManager: list: Listing contexts for virtual host 'localhost'
07-May-2025 12:46:52.693 INFO [http-nio-8080-exec-43] org.apache.catalina.core.ApplicationContext.log HTMLManager: list: Listing contexts for virtual host 'localhost'
07-May-2025 12:50:35.612 INFO [http-nio-8080-exec-57] org.apache.catalina.core.ApplicationContext.log HTMLManager: undeploy: Undeploying web application at '/FinalProject'
07-May-2025 12:50:35.672 INFO [http-nio-8080-exec-57] org.apache.catalina.core.ApplicationContext.log HTMLManager: list: Listing contexts for virtual host 'localhost'
07-May-2025 12:50:45.801 INFO [http-nio-8080-exec-61] org.apache.catalina.core.ApplicationContext.log HTMLManager: list: Listing contexts for virtual host 'localhost'
07-May-2025 15:10:35.676 INFO [http-nio-8080-exec-3] org.apache.catalina.core.ApplicationContext.log HTMLManager: init: Associated with Deployer 'Catalina:type=Deployer,host=localhost'
07-May-2025 15:10:35.676 INFO [http-nio-8080-exec-3] org.apache.catalina.core.ApplicationContext.log HTMLManager: init: Global resources are available
07-May-2025 15:10:35.682 INFO [http-nio-8080-exec-3] org.apache.catalina.core.ApplicationContext.log HTMLManager: list: Listing contexts for virtual host 'localhost'
07-May-2025 15:10:40.085 INFO [http-nio-8080-exec-4] org.apache.catalina.core.ApplicationContext.log HTMLManager: stop: Stopping web application '/FinalProject'
07-May-2025 15:10:40.117 INFO [http-nio-8080-exec-4] org.apache.catalina.core.ApplicationContext.log HTMLManager: list: Listing contexts for virtual host 'localhost'
07-May-2025 15:10:41.416 INFO [http-nio-8080-exec-8] org.apache.catalina.core.ApplicationContext.log HTMLManager: undeploy: Undeploying web application at '/FinalProject'
07-May-2025 15:10:41.455 INFO [http-nio-8080-exec-8] org.apache.catalina.core.ApplicationContext.log HTMLManager: list: Listing contexts for virtual host 'localhost'
07-May-2025 15:10:57.308 INFO [http-nio-8080-exec-1] org.apache.catalina.core.ApplicationContext.log HTMLManager: list: Listing contexts for virtual host 'localhost'
07-May-2025 16:34:15.881 INFO [http-nio-8080-exec-16] org.apache.catalina.core.ApplicationContext.log HTMLManager: list: Listing contexts for virtual host 'localhost'
07-May-2025 16:34:19.374 INFO [http-nio-8080-exec-17] org.apache.catalina.core.ApplicationContext.log HTMLManager: stop: Stopping web application '/FinalProject'
07-May-2025 16:34:19.726 INFO [http-nio-8080-exec-17] org.apache.catalina.core.ApplicationContext.log HTMLManager: list: Listing contexts for virtual host 'localhost'
07-May-2025 16:34:20.682 INFO [http-nio-8080-exec-15] org.apache.catalina.core.ApplicationContext.log HTMLManager: undeploy: Undeploying web application at '/FinalProject'
07-May-2025 16:34:20.761 INFO [http-nio-8080-exec-15] org.apache.catalina.core.ApplicationContext.log HTMLManager: list: Listing contexts for virtual host 'localhost'
07-May-2025 16:34:36.431 INFO [http-nio-8080-exec-13] org.apache.catalina.core.ApplicationContext.log HTMLManager: list: Listing contexts for virtual host 'localhost'
07-May-2025 16:39:44.467 INFO [http-nio-8080-exec-26] org.apache.catalina.core.ApplicationContext.log HTMLManager: stop: Stopping web application '/FinalProject'
07-May-2025 16:39:44.563 INFO [http-nio-8080-exec-26] org.apache.catalina.core.ApplicationContext.log HTMLManager: list: Listing contexts for virtual host 'localhost'
07-May-2025 16:39:46.157 INFO [http-nio-8080-exec-29] org.apache.catalina.core.ApplicationContext.log HTMLManager: undeploy: Undeploying web application at '/FinalProject'
07-May-2025 16:39:46.234 INFO [http-nio-8080-exec-29] org.apache.catalina.core.ApplicationContext.log HTMLManager: list: Listing contexts for virtual host 'localhost'
07-May-2025 16:39:59.148 INFO [http-nio-8080-exec-27] org.apache.catalina.core.ApplicationContext.log HTMLManager: list: Listing contexts for virtual host 'localhost'
07-May-2025 16:43:24.845 INFO [http-nio-8080-exec-31] org.apache.catalina.core.ApplicationContext.log HTMLManager: stop: Stopping web application '/FinalProject'
07-May-2025 16:43:24.910 INFO [http-nio-8080-exec-31] org.apache.catalina.core.ApplicationContext.log HTMLManager: list: Listing contexts for virtual host 'localhost'
07-May-2025 16:43:26.682 INFO [http-nio-8080-exec-38] org.apache.catalina.core.ApplicationContext.log HTMLManager: undeploy: Undeploying web application at '/FinalProject'
07-May-2025 16:43:26.756 INFO [http-nio-8080-exec-38] org.apache.catalina.core.ApplicationContext.log HTMLManager: list: Listing contexts for virtual host 'localhost'
07-May-2025 16:43:44.767 INFO [http-nio-8080-exec-21] org.apache.catalina.core.ApplicationContext.log HTMLManager: list: Listing contexts for virtual host 'localhost'
07-May-2025 16:48:19.726 INFO [http-nio-8080-exec-42] org.apache.catalina.core.ApplicationContext.log HTMLManager: stop: Stopping web application '/FinalProject'
07-May-2025 16:48:19.819 INFO [http-nio-8080-exec-42] org.apache.catalina.core.ApplicationContext.log HTMLManager: list: Listing contexts for virtual host 'localhost'
07-May-2025 16:48:21.338 INFO [http-nio-8080-exec-47] org.apache.catalina.core.ApplicationContext.log HTMLManager: undeploy: Undeploying web application at '/FinalProject'
07-May-2025 16:48:21.392 INFO [http-nio-8080-exec-47] org.apache.catalina.core.ApplicationContext.log HTMLManager: list: Listing contexts for virtual host 'localhost'
07-May-2025 16:48:35.956 INFO [http-nio-8080-exec-49] org.apache.catalina.core.ApplicationContext.log HTMLManager: list: Listing contexts for virtual host 'localhost'
07-May-2025 16:51:38.495 INFO [http-nio-8080-exec-50] org.apache.catalina.core.ApplicationContext.log HTMLManager: stop: Stopping web application '/FinalProject'
07-May-2025 16:51:38.603 INFO [http-nio-8080-exec-50] org.apache.catalina.core.ApplicationContext.log HTMLManager: list: Listing contexts for virtual host 'localhost'
07-May-2025 16:51:40.278 INFO [http-nio-8080-exec-48] org.apache.catalina.core.ApplicationContext.log HTMLManager: undeploy: Undeploying web application at '/FinalProject'
07-May-2025 16:51:40.347 INFO [http-nio-8080-exec-48] org.apache.catalina.core.ApplicationContext.log HTMLManager: list: Listing contexts for virtual host 'localhost'
07-May-2025 16:52:09.578 INFO [http-nio-8080-exec-54] org.apache.catalina.core.ApplicationContext.log HTMLManager: list: Listing contexts for virtual host 'localhost'
