28-Apr-2025 11:46:34.247 INFO [http-nio-8080-exec-6] org.apache.catalina.core.ApplicationContext.log HTMLManager: init: Associated with Deployer 'Catalina:type=Deployer,host=localhost'
28-Apr-2025 11:46:34.247 INFO [http-nio-8080-exec-6] org.apache.catalina.core.ApplicationContext.log HTMLManager: init: Global resources are available
28-Apr-2025 11:46:34.263 INFO [http-nio-8080-exec-6] org.apache.catalina.core.ApplicationContext.log HTMLManager: list: Listing contexts for virtual host 'localhost'
28-Apr-2025 11:46:39.205 INFO [http-nio-8080-exec-2] org.apache.catalina.core.ApplicationContext.log HTMLManager: stop: Stopping web application '/FinalProject'
28-Apr-2025 11:46:39.254 INFO [http-nio-8080-exec-2] org.apache.catalina.core.ApplicationContext.log HTMLManager: list: Listing contexts for virtual host 'localhost'
28-Apr-2025 11:46:42.276 INFO [http-nio-8080-exec-7] org.apache.catalina.core.ApplicationContext.log HTMLManager: stop: Stopping web application '/ColabDemo'
28-Apr-2025 11:46:42.312 INFO [http-nio-8080-exec-7] org.apache.catalina.core.ApplicationContext.log HTMLManager: list: Listing contexts for virtual host 'localhost'
28-Apr-2025 11:46:43.350 INFO [http-nio-8080-exec-6] org.apache.catalina.core.ApplicationContext.log HTMLManager: stop: Stopping web application '/ColabFarm'
28-Apr-2025 11:46:43.380 INFO [http-nio-8080-exec-6] org.apache.catalina.core.ApplicationContext.log HTMLManager: list: Listing contexts for virtual host 'localhost'
28-Apr-2025 11:46:45.541 INFO [http-nio-8080-exec-10] org.apache.catalina.core.ApplicationContext.log HTMLManager: stop: Stopping web application '/CollabeFarm'
28-Apr-2025 11:46:45.568 INFO [http-nio-8080-exec-10] org.apache.catalina.core.ApplicationContext.log HTMLManager: list: Listing contexts for virtual host 'localhost'
28-Apr-2025 11:46:50.013 INFO [http-nio-8080-exec-13] org.apache.catalina.core.ApplicationContext.log HTMLManager: undeploy: Undeploying web application at '/FinalProject'
28-Apr-2025 11:46:50.053 INFO [http-nio-8080-exec-13] org.apache.catalina.core.ApplicationContext.log HTMLManager: list: Listing contexts for virtual host 'localhost'
28-Apr-2025 11:47:07.082 INFO [http-nio-8080-exec-5] org.apache.catalina.core.ApplicationContext.log HTMLManager: list: Listing contexts for virtual host 'localhost'
28-Apr-2025 11:59:55.183 INFO [http-nio-8080-exec-23] org.apache.catalina.core.ApplicationContext.log HTMLManager: stop: Stopping web application '/FinalProject'
28-Apr-2025 11:59:55.249 INFO [http-nio-8080-exec-23] org.apache.catalina.core.ApplicationContext.log HTMLManager: list: Listing contexts for virtual host 'localhost'
28-Apr-2025 11:59:57.770 INFO [http-nio-8080-exec-18] org.apache.catalina.core.ApplicationContext.log HTMLManager: undeploy: Undeploying web application at '/FinalProject'
28-Apr-2025 11:59:57.821 INFO [http-nio-8080-exec-18] org.apache.catalina.core.ApplicationContext.log HTMLManager: list: Listing contexts for virtual host 'localhost'
28-Apr-2025 12:00:11.907 INFO [http-nio-8080-exec-22] org.apache.catalina.core.ApplicationContext.log HTMLManager: list: Listing contexts for virtual host 'localhost'
28-Apr-2025 12:24:53.217 INFO [http-nio-8080-exec-26] org.apache.catalina.core.ApplicationContext.log HTMLManager: stop: Stopping web application '/FinalProject'
28-Apr-2025 12:24:53.477 INFO [http-nio-8080-exec-26] org.apache.catalina.core.ApplicationContext.log HTMLManager: list: Listing contexts for virtual host 'localhost'
28-Apr-2025 12:24:55.534 INFO [http-nio-8080-exec-25] org.apache.catalina.core.ApplicationContext.log HTMLManager: undeploy: Undeploying web application at '/FinalProject'
28-Apr-2025 12:24:55.568 INFO [http-nio-8080-exec-25] org.apache.catalina.core.ApplicationContext.log HTMLManager: list: Listing contexts for virtual host 'localhost'
28-Apr-2025 12:25:06.492 INFO [http-nio-8080-exec-28] org.apache.catalina.core.ApplicationContext.log HTMLManager: list: Listing contexts for virtual host 'localhost'
28-Apr-2025 12:31:55.425 INFO [http-nio-8080-exec-35] org.apache.catalina.core.ApplicationContext.log HTMLManager: stop: Stopping web application '/FinalProject'
28-Apr-2025 12:31:55.428 INFO [http-nio-8080-exec-35] org.apache.catalina.core.ApplicationContext.log HTMLManager: list: Listing contexts for virtual host 'localhost'
28-Apr-2025 12:31:56.608 INFO [http-nio-8080-exec-41] org.apache.catalina.core.ApplicationContext.log HTMLManager: undeploy: Undeploying web application at '/FinalProject'
28-Apr-2025 12:31:56.633 INFO [http-nio-8080-exec-41] org.apache.catalina.core.ApplicationContext.log HTMLManager: list: Listing contexts for virtual host 'localhost'
28-Apr-2025 12:32:17.429 INFO [http-nio-8080-exec-37] org.apache.catalina.core.ApplicationContext.log HTMLManager: list: Listing contexts for virtual host 'localhost'
28-Apr-2025 12:34:34.749 INFO [http-nio-8080-exec-44] org.apache.catalina.core.ApplicationContext.log HTMLManager: stop: Stopping web application '/FinalProject'
28-Apr-2025 12:34:34.752 INFO [http-nio-8080-exec-44] org.apache.catalina.core.ApplicationContext.log HTMLManager: list: Listing contexts for virtual host 'localhost'
28-Apr-2025 12:34:35.941 INFO [http-nio-8080-exec-47] org.apache.catalina.core.ApplicationContext.log HTMLManager: undeploy: Undeploying web application at '/FinalProject'
28-Apr-2025 12:34:35.967 INFO [http-nio-8080-exec-47] org.apache.catalina.core.ApplicationContext.log HTMLManager: list: Listing contexts for virtual host 'localhost'
28-Apr-2025 12:34:45.177 INFO [http-nio-8080-exec-46] org.apache.catalina.core.ApplicationContext.log HTMLManager: list: Listing contexts for virtual host 'localhost'
28-Apr-2025 12:35:53.399 INFO [http-nio-8080-exec-55] org.apache.catalina.core.ApplicationContext.log HTMLManager: stop: Stopping web application '/FinalProject'
28-Apr-2025 12:35:53.403 INFO [http-nio-8080-exec-55] org.apache.catalina.core.ApplicationContext.log HTMLManager: list: Listing contexts for virtual host 'localhost'
28-Apr-2025 12:35:55.854 INFO [http-nio-8080-exec-56] org.apache.catalina.core.ApplicationContext.log HTMLManager: undeploy: Undeploying web application at '/FinalProject'
28-Apr-2025 12:35:55.882 INFO [http-nio-8080-exec-56] org.apache.catalina.core.ApplicationContext.log HTMLManager: list: Listing contexts for virtual host 'localhost'
28-Apr-2025 12:36:02.309 INFO [http-nio-8080-exec-54] org.apache.catalina.core.ApplicationContext.log HTMLManager: list: Listing contexts for virtual host 'localhost'
28-Apr-2025 12:52:05.771 INFO [http-nio-8080-exec-67] org.apache.catalina.core.ApplicationContext.log HTMLManager: stop: Stopping web application '/FinalProject'
28-Apr-2025 12:52:05.933 INFO [http-nio-8080-exec-67] org.apache.catalina.core.ApplicationContext.log HTMLManager: list: Listing contexts for virtual host 'localhost'
28-Apr-2025 12:52:08.224 INFO [http-nio-8080-exec-65] org.apache.catalina.core.ApplicationContext.log HTMLManager: undeploy: Undeploying web application at '/FinalProject'
28-Apr-2025 12:52:08.256 INFO [http-nio-8080-exec-65] org.apache.catalina.core.ApplicationContext.log HTMLManager: list: Listing contexts for virtual host 'localhost'
28-Apr-2025 12:52:18.274 INFO [http-nio-8080-exec-68] org.apache.catalina.core.ApplicationContext.log HTMLManager: list: Listing contexts for virtual host 'localhost'
28-Apr-2025 12:54:16.052 INFO [http-nio-8080-exec-74] org.apache.catalina.core.ApplicationContext.log HTMLManager: stop: Stopping web application '/FinalProject'
28-Apr-2025 12:54:16.057 INFO [http-nio-8080-exec-74] org.apache.catalina.core.ApplicationContext.log HTMLManager: list: Listing contexts for virtual host 'localhost'
28-Apr-2025 12:54:16.851 INFO [http-nio-8080-exec-83] org.apache.catalina.core.ApplicationContext.log HTMLManager: undeploy: Undeploying web application at '/FinalProject'
28-Apr-2025 12:54:16.879 INFO [http-nio-8080-exec-83] org.apache.catalina.core.ApplicationContext.log HTMLManager: list: Listing contexts for virtual host 'localhost'
28-Apr-2025 12:54:38.198 INFO [http-nio-8080-exec-75] org.apache.catalina.core.ApplicationContext.log HTMLManager: list: Listing contexts for virtual host 'localhost'
28-Apr-2025 12:59:16.637 INFO [http-nio-8080-exec-85] org.apache.catalina.core.ApplicationContext.log HTMLManager: stop: Stopping web application '/FinalProject'
28-Apr-2025 12:59:16.642 INFO [http-nio-8080-exec-85] org.apache.catalina.core.ApplicationContext.log HTMLManager: list: Listing contexts for virtual host 'localhost'
28-Apr-2025 12:59:18.243 INFO [http-nio-8080-exec-87] org.apache.catalina.core.ApplicationContext.log HTMLManager: undeploy: Undeploying web application at '/FinalProject'
28-Apr-2025 12:59:18.271 INFO [http-nio-8080-exec-87] org.apache.catalina.core.ApplicationContext.log HTMLManager: list: Listing contexts for virtual host 'localhost'
28-Apr-2025 12:59:22.996 INFO [http-nio-8080-exec-90] org.apache.catalina.core.ApplicationContext.log HTMLManager: undeploy: Undeploying web application at '/ColabDemo'
28-Apr-2025 12:59:23.051 INFO [http-nio-8080-exec-90] org.apache.catalina.core.ApplicationContext.log HTMLManager: list: Listing contexts for virtual host 'localhost'
28-Apr-2025 12:59:24.243 INFO [http-nio-8080-exec-92] org.apache.catalina.core.ApplicationContext.log HTMLManager: undeploy: Undeploying web application at '/ColabFarm'
28-Apr-2025 12:59:24.287 INFO [http-nio-8080-exec-92] org.apache.catalina.core.ApplicationContext.log HTMLManager: list: Listing contexts for virtual host 'localhost'
28-Apr-2025 12:59:24.996 INFO [http-nio-8080-exec-93] org.apache.catalina.core.ApplicationContext.log HTMLManager: undeploy: Undeploying web application at '/CollabeFarm'
28-Apr-2025 12:59:25.024 INFO [http-nio-8080-exec-93] org.apache.catalina.core.ApplicationContext.log HTMLManager: list: Listing contexts for virtual host 'localhost'
28-Apr-2025 12:59:34.547 INFO [http-nio-8080-exec-91] org.apache.catalina.core.ApplicationContext.log HTMLManager: list: Listing contexts for virtual host 'localhost'
28-Apr-2025 13:00:37.198 INFO [http-nio-8080-exec-95] org.apache.catalina.core.ApplicationContext.log HTMLManager: stop: Stopping web application '/FinalProject'
28-Apr-2025 13:00:37.201 INFO [http-nio-8080-exec-95] org.apache.catalina.core.ApplicationContext.log HTMLManager: list: Listing contexts for virtual host 'localhost'
28-Apr-2025 13:01:00.199 INFO [http-nio-8080-exec-97] org.apache.catalina.core.ApplicationContext.log HTMLManager: list: Listing contexts for virtual host 'localhost'
28-Apr-2025 13:10:18.462 INFO [http-nio-8080-exec-109] org.apache.catalina.core.ApplicationContext.log HTMLManager: stop: Stopping web application '/ColabDemo'
28-Apr-2025 13:10:18.479 INFO [http-nio-8080-exec-109] org.apache.catalina.core.ApplicationContext.log HTMLManager: list: Listing contexts for virtual host 'localhost'
28-Apr-2025 13:10:21.317 INFO [http-nio-8080-exec-103] org.apache.catalina.core.ApplicationContext.log HTMLManager: undeploy: Undeploying web application at '/FinalProject'
28-Apr-2025 13:10:21.345 INFO [http-nio-8080-exec-103] org.apache.catalina.core.ApplicationContext.log HTMLManager: list: Listing contexts for virtual host 'localhost'
28-Apr-2025 13:10:53.032 INFO [http-nio-8080-exec-112] org.apache.catalina.core.ApplicationContext.log HTMLManager: list: Listing contexts for virtual host 'localhost'
28-Apr-2025 14:14:34.116 INFO [http-nio-8080-exec-113] org.apache.catalina.core.ApplicationContext.log HTMLManager: list: Listing contexts for virtual host 'localhost'
28-Apr-2025 14:14:41.924 INFO [http-nio-8080-exec-114] org.apache.catalina.core.ApplicationContext.log HTMLManager: stop: Stopping web application '/FinalProject'
28-Apr-2025 14:14:41.973 INFO [http-nio-8080-exec-114] org.apache.catalina.core.ApplicationContext.log HTMLManager: list: Listing contexts for virtual host 'localhost'
28-Apr-2025 14:14:43.148 INFO [http-nio-8080-exec-120] org.apache.catalina.core.ApplicationContext.log HTMLManager: undeploy: Undeploying web application at '/FinalProject'
28-Apr-2025 14:14:43.197 INFO [http-nio-8080-exec-120] org.apache.catalina.core.ApplicationContext.log HTMLManager: list: Listing contexts for virtual host 'localhost'
28-Apr-2025 14:14:53.283 INFO [http-nio-8080-exec-118] org.apache.catalina.core.ApplicationContext.log HTMLManager: list: Listing contexts for virtual host 'localhost'
28-Apr-2025 14:23:56.318 INFO [http-nio-8080-exec-123] org.apache.catalina.core.ApplicationContext.log HTMLManager: stop: Stopping web application '/FinalProject'
28-Apr-2025 14:23:56.333 INFO [http-nio-8080-exec-123] org.apache.catalina.core.ApplicationContext.log HTMLManager: list: Listing contexts for virtual host 'localhost'
28-Apr-2025 14:23:58.439 INFO [http-nio-8080-exec-128] org.apache.catalina.core.ApplicationContext.log HTMLManager: undeploy: Undeploying web application at '/FinalProject'
28-Apr-2025 14:23:58.491 INFO [http-nio-8080-exec-128] org.apache.catalina.core.ApplicationContext.log HTMLManager: list: Listing contexts for virtual host 'localhost'
28-Apr-2025 14:24:13.946 INFO [http-nio-8080-exec-124] org.apache.catalina.core.ApplicationContext.log HTMLManager: list: Listing contexts for virtual host 'localhost'
28-Apr-2025 14:29:30.931 INFO [http-nio-8080-exec-136] org.apache.catalina.core.ApplicationContext.log HTMLManager: stop: Stopping web application '/FinalProject'
28-Apr-2025 14:29:30.937 INFO [http-nio-8080-exec-136] org.apache.catalina.core.ApplicationContext.log HTMLManager: list: Listing contexts for virtual host 'localhost'
28-Apr-2025 14:29:32.215 INFO [http-nio-8080-exec-138] org.apache.catalina.core.ApplicationContext.log HTMLManager: undeploy: Undeploying web application at '/FinalProject'
28-Apr-2025 14:29:32.264 INFO [http-nio-8080-exec-138] org.apache.catalina.core.ApplicationContext.log HTMLManager: list: Listing contexts for virtual host 'localhost'
28-Apr-2025 14:29:45.243 INFO [http-nio-8080-exec-142] org.apache.catalina.core.ApplicationContext.log HTMLManager: list: Listing contexts for virtual host 'localhost'
28-Apr-2025 14:32:44.872 INFO [http-nio-8080-exec-143] org.apache.catalina.core.ApplicationContext.log HTMLManager: stop: Stopping web application '/FinalProject'
28-Apr-2025 14:32:44.879 INFO [http-nio-8080-exec-143] org.apache.catalina.core.ApplicationContext.log HTMLManager: list: Listing contexts for virtual host 'localhost'
28-Apr-2025 14:32:46.447 INFO [http-nio-8080-exec-145] org.apache.catalina.core.ApplicationContext.log HTMLManager: undeploy: Undeploying web application at '/FinalProject'
28-Apr-2025 14:32:46.509 INFO [http-nio-8080-exec-145] org.apache.catalina.core.ApplicationContext.log HTMLManager: list: Listing contexts for virtual host 'localhost'
28-Apr-2025 14:33:00.398 INFO [http-nio-8080-exec-151] org.apache.catalina.core.ApplicationContext.log HTMLManager: list: Listing contexts for virtual host 'localhost'
28-Apr-2025 14:49:45.999 INFO [http-nio-8080-exec-153] org.apache.catalina.core.ApplicationContext.log HTMLManager: stop: Stopping web application '/FinalProject'
28-Apr-2025 14:49:46.013 INFO [http-nio-8080-exec-153] org.apache.catalina.core.ApplicationContext.log HTMLManager: list: Listing contexts for virtual host 'localhost'
28-Apr-2025 14:49:47.405 INFO [http-nio-8080-exec-154] org.apache.catalina.core.ApplicationContext.log HTMLManager: undeploy: Undeploying web application at '/FinalProject'
28-Apr-2025 14:49:47.451 INFO [http-nio-8080-exec-154] org.apache.catalina.core.ApplicationContext.log HTMLManager: list: Listing contexts for virtual host 'localhost'
28-Apr-2025 14:49:59.791 INFO [http-nio-8080-exec-155] org.apache.catalina.core.ApplicationContext.log HTMLManager: list: Listing contexts for virtual host 'localhost'
28-Apr-2025 15:00:56.159 INFO [http-nio-8080-exec-163] org.apache.catalina.core.ApplicationContext.log HTMLManager: stop: Stopping web application '/FinalProject'
28-Apr-2025 15:00:56.166 INFO [http-nio-8080-exec-163] org.apache.catalina.core.ApplicationContext.log HTMLManager: list: Listing contexts for virtual host 'localhost'
28-Apr-2025 15:00:57.659 INFO [http-nio-8080-exec-167] org.apache.catalina.core.ApplicationContext.log HTMLManager: undeploy: Undeploying web application at '/FinalProject'
28-Apr-2025 15:00:57.708 INFO [http-nio-8080-exec-167] org.apache.catalina.core.ApplicationContext.log HTMLManager: list: Listing contexts for virtual host 'localhost'
28-Apr-2025 15:01:11.191 INFO [http-nio-8080-exec-165] org.apache.catalina.core.ApplicationContext.log HTMLManager: list: Listing contexts for virtual host 'localhost'
28-Apr-2025 15:07:46.309 INFO [http-nio-8080-exec-173] org.apache.catalina.core.ApplicationContext.log HTMLManager: stop: Stopping web application '/FinalProject'
28-Apr-2025 15:07:46.315 INFO [http-nio-8080-exec-173] org.apache.catalina.core.ApplicationContext.log HTMLManager: list: Listing contexts for virtual host 'localhost'
28-Apr-2025 15:07:48.871 INFO [http-nio-8080-exec-175] org.apache.catalina.core.ApplicationContext.log HTMLManager: undeploy: Undeploying web application at '/FinalProject'
28-Apr-2025 15:07:48.919 INFO [http-nio-8080-exec-175] org.apache.catalina.core.ApplicationContext.log HTMLManager: list: Listing contexts for virtual host 'localhost'
28-Apr-2025 15:08:01.985 INFO [http-nio-8080-exec-177] org.apache.catalina.core.ApplicationContext.log HTMLManager: list: Listing contexts for virtual host 'localhost'
28-Apr-2025 15:09:29.567 INFO [http-nio-8080-exec-183] org.apache.catalina.core.ApplicationContext.log HTMLManager: stop: Stopping web application '/FinalProject'
28-Apr-2025 15:09:29.583 INFO [http-nio-8080-exec-183] org.apache.catalina.core.ApplicationContext.log HTMLManager: list: Listing contexts for virtual host 'localhost'
28-Apr-2025 15:09:30.534 INFO [http-nio-8080-exec-180] org.apache.catalina.core.ApplicationContext.log HTMLManager: undeploy: Undeploying web application at '/FinalProject'
28-Apr-2025 15:09:30.581 INFO [http-nio-8080-exec-180] org.apache.catalina.core.ApplicationContext.log HTMLManager: list: Listing contexts for virtual host 'localhost'
28-Apr-2025 15:09:45.748 INFO [http-nio-8080-exec-188] org.apache.catalina.core.ApplicationContext.log HTMLManager: list: Listing contexts for virtual host 'localhost'
28-Apr-2025 15:12:15.531 INFO [http-nio-8080-exec-190] org.apache.catalina.core.ApplicationContext.log HTMLManager: stop: Stopping web application '/FinalProject'
28-Apr-2025 15:12:15.609 INFO [http-nio-8080-exec-190] org.apache.catalina.core.ApplicationContext.log HTMLManager: list: Listing contexts for virtual host 'localhost'
28-Apr-2025 15:12:16.456 INFO [http-nio-8080-exec-194] org.apache.catalina.core.ApplicationContext.log HTMLManager: undeploy: Undeploying web application at '/FinalProject'
28-Apr-2025 15:12:16.496 INFO [http-nio-8080-exec-194] org.apache.catalina.core.ApplicationContext.log HTMLManager: list: Listing contexts for virtual host 'localhost'
28-Apr-2025 15:12:30.195 INFO [http-nio-8080-exec-189] org.apache.catalina.core.ApplicationContext.log HTMLManager: list: Listing contexts for virtual host 'localhost'
28-Apr-2025 15:13:14.401 INFO [http-nio-8080-exec-195] org.apache.catalina.core.ApplicationContext.log HTMLManager: stop: Stopping web application '/FinalProject'
28-Apr-2025 15:13:14.440 INFO [http-nio-8080-exec-195] org.apache.catalina.core.ApplicationContext.log HTMLManager: list: Listing contexts for virtual host 'localhost'
28-Apr-2025 15:13:15.714 INFO [http-nio-8080-exec-200] org.apache.catalina.core.ApplicationContext.log HTMLManager: undeploy: Undeploying web application at '/FinalProject'
28-Apr-2025 15:13:15.757 INFO [http-nio-8080-exec-200] org.apache.catalina.core.ApplicationContext.log HTMLManager: list: Listing contexts for virtual host 'localhost'
28-Apr-2025 15:13:42.568 INFO [http-nio-8080-exec-194] org.apache.catalina.core.ApplicationContext.log HTMLManager: list: Listing contexts for virtual host 'localhost'
28-Apr-2025 15:25:24.775 INFO [http-nio-8080-exec-204] org.apache.catalina.core.ApplicationContext.log HTMLManager: stop: Stopping web application '/FinalProject'
28-Apr-2025 15:25:24.850 INFO [http-nio-8080-exec-204] org.apache.catalina.core.ApplicationContext.log HTMLManager: list: Listing contexts for virtual host 'localhost'
28-Apr-2025 15:25:27.261 INFO [http-nio-8080-exec-208] org.apache.catalina.core.ApplicationContext.log HTMLManager: undeploy: Undeploying web application at '/FinalProject'
28-Apr-2025 15:25:27.306 INFO [http-nio-8080-exec-208] org.apache.catalina.core.ApplicationContext.log HTMLManager: list: Listing contexts for virtual host 'localhost'
28-Apr-2025 15:25:53.290 INFO [http-nio-8080-exec-209] org.apache.catalina.core.ApplicationContext.log HTMLManager: list: Listing contexts for virtual host 'localhost'
28-Apr-2025 15:33:35.498 INFO [http-nio-8080-exec-216] org.apache.catalina.core.ApplicationContext.log HTMLManager: stop: Stopping web application '/GovernmentScheme'
28-Apr-2025 15:33:35.501 INFO [http-nio-8080-exec-216] org.apache.catalina.core.ApplicationContext.log HTMLManager: list: Listing contexts for virtual host 'localhost'
28-Apr-2025 15:33:36.675 INFO [http-nio-8080-exec-223] org.apache.catalina.core.ApplicationContext.log HTMLManager: undeploy: Undeploying web application at '/GovernmentScheme'
28-Apr-2025 15:33:36.730 INFO [http-nio-8080-exec-223] org.apache.catalina.core.ApplicationContext.log HTMLManager: list: Listing contexts for virtual host 'localhost'
28-Apr-2025 15:33:46.785 INFO [http-nio-8080-exec-218] org.apache.catalina.core.ApplicationContext.log HTMLManager: list: Listing contexts for virtual host 'localhost'
28-Apr-2025 15:37:04.088 INFO [http-nio-8080-exec-224] org.apache.catalina.core.ApplicationContext.log HTMLManager: stop: Stopping web application '/GovernmentScheme'
28-Apr-2025 15:37:04.091 INFO [http-nio-8080-exec-224] org.apache.catalina.core.ApplicationContext.log HTMLManager: list: Listing contexts for virtual host 'localhost'
28-Apr-2025 15:37:05.047 INFO [http-nio-8080-exec-231] org.apache.catalina.core.ApplicationContext.log HTMLManager: undeploy: Undeploying web application at '/GovernmentScheme'
28-Apr-2025 15:37:05.090 INFO [http-nio-8080-exec-231] org.apache.catalina.core.ApplicationContext.log HTMLManager: list: Listing contexts for virtual host 'localhost'
28-Apr-2025 15:37:16.941 INFO [http-nio-8080-exec-228] org.apache.catalina.core.ApplicationContext.log HTMLManager: list: Listing contexts for virtual host 'localhost'
28-Apr-2025 15:40:52.342 INFO [http-nio-8080-exec-233] org.apache.catalina.core.ApplicationContext.log HTMLManager: stop: Stopping web application '/GovernmentScheme'
28-Apr-2025 15:40:52.352 INFO [http-nio-8080-exec-233] org.apache.catalina.core.ApplicationContext.log HTMLManager: list: Listing contexts for virtual host 'localhost'
28-Apr-2025 15:40:54.037 INFO [http-nio-8080-exec-237] org.apache.catalina.core.ApplicationContext.log HTMLManager: undeploy: Undeploying web application at '/GovernmentScheme'
28-Apr-2025 15:40:54.105 INFO [http-nio-8080-exec-237] org.apache.catalina.core.ApplicationContext.log HTMLManager: list: Listing contexts for virtual host 'localhost'
28-Apr-2025 15:41:07.820 INFO [http-nio-8080-exec-235] org.apache.catalina.core.ApplicationContext.log HTMLManager: list: Listing contexts for virtual host 'localhost'
28-Apr-2025 15:52:31.965 INFO [http-nio-8080-exec-243] org.apache.catalina.core.ApplicationContext.log HTMLManager: stop: Stopping web application '/GovernmentScheme'
28-Apr-2025 15:52:31.983 INFO [http-nio-8080-exec-243] org.apache.catalina.core.ApplicationContext.log HTMLManager: list: Listing contexts for virtual host 'localhost'
28-Apr-2025 15:52:32.828 INFO [http-nio-8080-exec-247] org.apache.catalina.core.ApplicationContext.log HTMLManager: undeploy: Undeploying web application at '/GovernmentScheme'
28-Apr-2025 15:52:32.856 INFO [http-nio-8080-exec-247] org.apache.catalina.core.ApplicationContext.log HTMLManager: list: Listing contexts for virtual host 'localhost'
28-Apr-2025 15:52:39.954 INFO [http-nio-8080-exec-252] org.apache.catalina.core.ApplicationContext.log HTMLManager: list: Listing contexts for virtual host 'localhost'
28-Apr-2025 15:57:39.126 INFO [http-nio-8080-exec-253] org.apache.catalina.core.ApplicationContext.log HTMLManager: stop: Stopping web application '/GovernmentScheme'
28-Apr-2025 15:57:39.129 INFO [http-nio-8080-exec-253] org.apache.catalina.core.ApplicationContext.log HTMLManager: list: Listing contexts for virtual host 'localhost'
28-Apr-2025 15:57:40.252 INFO [http-nio-8080-exec-255] org.apache.catalina.core.ApplicationContext.log HTMLManager: undeploy: Undeploying web application at '/GovernmentScheme'
28-Apr-2025 15:57:40.289 INFO [http-nio-8080-exec-255] org.apache.catalina.core.ApplicationContext.log HTMLManager: list: Listing contexts for virtual host 'localhost'
28-Apr-2025 15:57:49.344 INFO [http-nio-8080-exec-260] org.apache.catalina.core.ApplicationContext.log HTMLManager: list: Listing contexts for virtual host 'localhost'
28-Apr-2025 16:01:06.018 INFO [http-nio-8080-exec-263] org.apache.catalina.core.ApplicationContext.log HTMLManager: stop: Stopping web application '/GovernmentScheme'
28-Apr-2025 16:01:06.021 INFO [http-nio-8080-exec-263] org.apache.catalina.core.ApplicationContext.log HTMLManager: list: Listing contexts for virtual host 'localhost'
28-Apr-2025 16:01:06.921 INFO [http-nio-8080-exec-265] org.apache.catalina.core.ApplicationContext.log HTMLManager: undeploy: Undeploying web application at '/GovernmentScheme'
28-Apr-2025 16:01:06.958 INFO [http-nio-8080-exec-265] org.apache.catalina.core.ApplicationContext.log HTMLManager: list: Listing contexts for virtual host 'localhost'
28-Apr-2025 16:01:14.821 INFO [http-nio-8080-exec-267] org.apache.catalina.core.ApplicationContext.log HTMLManager: list: Listing contexts for virtual host 'localhost'
28-Apr-2025 16:02:40.117 INFO [http-nio-8080-exec-272] org.apache.catalina.core.ApplicationContext.log HTMLManager: stop: Stopping web application '/GovernmentScheme'
28-Apr-2025 16:02:40.119 INFO [http-nio-8080-exec-272] org.apache.catalina.core.ApplicationContext.log HTMLManager: list: Listing contexts for virtual host 'localhost'
28-Apr-2025 16:02:41.116 INFO [http-nio-8080-exec-274] org.apache.catalina.core.ApplicationContext.log HTMLManager: undeploy: Undeploying web application at '/GovernmentScheme'
28-Apr-2025 16:02:41.152 INFO [http-nio-8080-exec-274] org.apache.catalina.core.ApplicationContext.log HTMLManager: list: Listing contexts for virtual host 'localhost'
28-Apr-2025 16:02:48.048 INFO [http-nio-8080-exec-278] org.apache.catalina.core.ApplicationContext.log HTMLManager: list: Listing contexts for virtual host 'localhost'
28-Apr-2025 16:05:44.738 INFO [http-nio-8080-exec-279] org.apache.catalina.core.ApplicationContext.log HTMLManager: stop: Stopping web application '/GovernmentScheme'
28-Apr-2025 16:05:44.740 INFO [http-nio-8080-exec-279] org.apache.catalina.core.ApplicationContext.log HTMLManager: list: Listing contexts for virtual host 'localhost'
28-Apr-2025 16:05:45.906 INFO [http-nio-8080-exec-283] org.apache.catalina.core.ApplicationContext.log HTMLManager: undeploy: Undeploying web application at '/GovernmentScheme'
28-Apr-2025 16:05:45.943 INFO [http-nio-8080-exec-283] org.apache.catalina.core.ApplicationContext.log HTMLManager: list: Listing contexts for virtual host 'localhost'
28-Apr-2025 16:05:55.644 INFO [http-nio-8080-exec-284] org.apache.catalina.core.ApplicationContext.log HTMLManager: list: Listing contexts for virtual host 'localhost'
28-Apr-2025 16:16:36.731 INFO [http-nio-8080-exec-295] org.apache.catalina.core.ApplicationContext.log HTMLManager: stop: Stopping web application '/GovernmentScheme'
28-Apr-2025 16:16:36.786 INFO [http-nio-8080-exec-295] org.apache.catalina.core.ApplicationContext.log HTMLManager: list: Listing contexts for virtual host 'localhost'
28-Apr-2025 16:16:38.394 INFO [http-nio-8080-exec-291] org.apache.catalina.core.ApplicationContext.log HTMLManager: undeploy: Undeploying web application at '/GovernmentScheme'
28-Apr-2025 16:16:38.429 INFO [http-nio-8080-exec-291] org.apache.catalina.core.ApplicationContext.log HTMLManager: list: Listing contexts for virtual host 'localhost'
28-Apr-2025 16:16:48.812 INFO [http-nio-8080-exec-296] org.apache.catalina.core.ApplicationContext.log HTMLManager: list: Listing contexts for virtual host 'localhost'
28-Apr-2025 16:29:15.408 INFO [http-nio-8080-exec-300] org.apache.catalina.core.ApplicationContext.log HTMLManager: stop: Stopping web application '/GovernmentScheme'
28-Apr-2025 16:29:15.461 INFO [http-nio-8080-exec-300] org.apache.catalina.core.ApplicationContext.log HTMLManager: list: Listing contexts for virtual host 'localhost'
28-Apr-2025 16:29:16.351 INFO [http-nio-8080-exec-307] org.apache.catalina.core.ApplicationContext.log HTMLManager: undeploy: Undeploying web application at '/GovernmentScheme'
28-Apr-2025 16:29:16.386 INFO [http-nio-8080-exec-307] org.apache.catalina.core.ApplicationContext.log HTMLManager: list: Listing contexts for virtual host 'localhost'
28-Apr-2025 16:29:25.423 INFO [http-nio-8080-exec-305] org.apache.catalina.core.ApplicationContext.log HTMLManager: list: Listing contexts for virtual host 'localhost'
28-Apr-2025 16:34:33.368 INFO [http-nio-8080-exec-309] org.apache.catalina.core.ApplicationContext.log HTMLManager: stop: Stopping web application '/GovernmentScheme'
28-Apr-2025 16:34:33.373 INFO [http-nio-8080-exec-309] org.apache.catalina.core.ApplicationContext.log HTMLManager: list: Listing contexts for virtual host 'localhost'
28-Apr-2025 16:34:34.151 INFO [http-nio-8080-exec-311] org.apache.catalina.core.ApplicationContext.log HTMLManager: undeploy: Undeploying web application at '/GovernmentScheme'
28-Apr-2025 16:34:34.196 INFO [http-nio-8080-exec-311] org.apache.catalina.core.ApplicationContext.log HTMLManager: list: Listing contexts for virtual host 'localhost'
28-Apr-2025 16:34:44.013 INFO [http-nio-8080-exec-314] org.apache.catalina.core.ApplicationContext.log HTMLManager: list: Listing contexts for virtual host 'localhost'
28-Apr-2025 16:41:44.836 INFO [http-nio-8080-exec-320] org.apache.catalina.core.ApplicationContext.log HTMLManager: stop: Stopping web application '/GovernmentScheme'
28-Apr-2025 16:41:44.841 INFO [http-nio-8080-exec-320] org.apache.catalina.core.ApplicationContext.log HTMLManager: list: Listing contexts for virtual host 'localhost'
28-Apr-2025 16:41:45.834 INFO [http-nio-8080-exec-324] org.apache.catalina.core.ApplicationContext.log HTMLManager: undeploy: Undeploying web application at '/GovernmentScheme'
28-Apr-2025 16:41:45.870 INFO [http-nio-8080-exec-324] org.apache.catalina.core.ApplicationContext.log HTMLManager: list: Listing contexts for virtual host 'localhost'
28-Apr-2025 16:41:54.690 INFO [http-nio-8080-exec-327] org.apache.catalina.core.ApplicationContext.log HTMLManager: list: Listing contexts for virtual host 'localhost'
28-Apr-2025 16:43:27.901 INFO [http-nio-8080-exec-329] org.apache.catalina.core.ApplicationContext.log HTMLManager: stop: Stopping web application '/GovernmentScheme'
28-Apr-2025 16:43:27.920 INFO [http-nio-8080-exec-329] org.apache.catalina.core.ApplicationContext.log HTMLManager: list: Listing contexts for virtual host 'localhost'
28-Apr-2025 16:43:28.694 INFO [http-nio-8080-exec-330] org.apache.catalina.core.ApplicationContext.log HTMLManager: undeploy: Undeploying web application at '/GovernmentScheme'
28-Apr-2025 16:43:28.730 INFO [http-nio-8080-exec-330] org.apache.catalina.core.ApplicationContext.log HTMLManager: list: Listing contexts for virtual host 'localhost'
28-Apr-2025 16:43:38.062 INFO [http-nio-8080-exec-333] org.apache.catalina.core.ApplicationContext.log HTMLManager: list: Listing contexts for virtual host 'localhost'
28-Apr-2025 17:56:14.173 INFO [http-nio-8080-exec-342] org.apache.catalina.core.ApplicationContext.log HTMLManager: list: Listing contexts for virtual host 'localhost'
28-Apr-2025 17:56:16.904 INFO [http-nio-8080-exec-343] org.apache.catalina.core.ApplicationContext.log HTMLManager: stop: Stopping web application '/GovernmentScheme'
28-Apr-2025 17:56:17.252 INFO [http-nio-8080-exec-343] org.apache.catalina.core.ApplicationContext.log HTMLManager: list: Listing contexts for virtual host 'localhost'
28-Apr-2025 17:56:18.262 INFO [http-nio-8080-exec-340] org.apache.catalina.core.ApplicationContext.log HTMLManager: undeploy: Undeploying web application at '/GovernmentScheme'
28-Apr-2025 17:56:18.360 INFO [http-nio-8080-exec-340] org.apache.catalina.core.ApplicationContext.log HTMLManager: list: Listing contexts for virtual host 'localhost'
28-Apr-2025 17:56:36.190 INFO [http-nio-8080-exec-338] org.apache.catalina.core.ApplicationContext.log HTMLManager: list: Listing contexts for virtual host 'localhost'
