13-May-2025 11:41:34.651 INFO [http-nio-8080-exec-10] org.apache.catalina.core.ApplicationContext.log HTMLManager: init: Associated with Deployer 'Catalina:type=Deployer,host=localhost'
13-May-2025 11:41:34.651 INFO [http-nio-8080-exec-10] org.apache.catalina.core.ApplicationContext.log HTMLManager: init: Global resources are available
13-May-2025 11:41:34.666 INFO [http-nio-8080-exec-10] org.apache.catalina.core.ApplicationContext.log HTMLManager: list: Listing contexts for virtual host 'localhost'
13-May-2025 11:42:19.203 INFO [http-nio-8080-exec-10] org.apache.catalina.core.ApplicationContext.log HTMLManager: stop: Stopping web application '/FinalProject'
13-May-2025 11:42:19.400 INFO [http-nio-8080-exec-10] org.apache.catalina.core.ApplicationContext.log HTMLManager: list: Listing contexts for virtual host 'localhost'
13-May-2025 11:42:24.562 INFO [http-nio-8080-exec-6] org.apache.catalina.core.ApplicationContext.log HTMLManager: undeploy: Undeploying web application at '/FinalProject'
13-May-2025 11:42:24.654 INFO [http-nio-8080-exec-6] org.apache.catalina.core.ApplicationContext.log HTMLManager: list: Listing contexts for virtual host 'localhost'
13-May-2025 11:43:00.479 INFO [http-nio-8080-exec-8] org.apache.catalina.core.ApplicationContext.log HTMLManager: list: Listing contexts for virtual host 'localhost'
13-May-2025 11:51:23.281 INFO [http-nio-8080-exec-14] org.apache.catalina.core.ApplicationContext.log HTMLManager: stop: Stopping web application '/FinalProject'
13-May-2025 11:51:23.331 INFO [http-nio-8080-exec-14] org.apache.catalina.core.ApplicationContext.log HTMLManager: list: Listing contexts for virtual host 'localhost'
13-May-2025 11:51:24.830 INFO [http-nio-8080-exec-12] org.apache.catalina.core.ApplicationContext.log HTMLManager: undeploy: Undeploying web application at '/FinalProject'
13-May-2025 11:51:24.919 INFO [http-nio-8080-exec-12] org.apache.catalina.core.ApplicationContext.log HTMLManager: list: Listing contexts for virtual host 'localhost'
13-May-2025 11:51:39.013 INFO [http-nio-8080-exec-15] org.apache.catalina.core.ApplicationContext.log HTMLManager: list: Listing contexts for virtual host 'localhost'
13-May-2025 11:52:34.844 INFO [http-nio-8080-exec-21] org.apache.catalina.core.ApplicationContext.log HTMLManager: stop: Stopping web application '/FinalProject'
13-May-2025 11:52:34.886 INFO [http-nio-8080-exec-21] org.apache.catalina.core.ApplicationContext.log HTMLManager: list: Listing contexts for virtual host 'localhost'
13-May-2025 11:52:36.743 INFO [http-nio-8080-exec-24] org.apache.catalina.core.ApplicationContext.log HTMLManager: undeploy: Undeploying web application at '/FinalProject'
13-May-2025 11:52:36.822 INFO [http-nio-8080-exec-24] org.apache.catalina.core.ApplicationContext.log HTMLManager: list: Listing contexts for virtual host 'localhost'
13-May-2025 11:52:52.369 INFO [http-nio-8080-exec-22] org.apache.catalina.core.ApplicationContext.log HTMLManager: list: Listing contexts for virtual host 'localhost'
13-May-2025 12:03:48.176 INFO [http-nio-8080-exec-29] org.apache.catalina.core.ApplicationContext.log HTMLManager: undeploy: Undeploying web application at '/FinalProject'
13-May-2025 12:03:48.285 INFO [http-nio-8080-exec-29] org.apache.catalina.core.ApplicationContext.log HTMLManager: list: Listing contexts for virtual host 'localhost'
13-May-2025 12:04:19.251 INFO [http-nio-8080-exec-32] org.apache.catalina.core.ApplicationContext.log HTMLManager: list: Listing contexts for virtual host 'localhost'
13-May-2025 12:09:48.431 INFO [http-nio-8080-exec-39] org.apache.catalina.core.ApplicationContext.log HTMLManager: stop: Stopping web application '/FinalProject'
13-May-2025 12:09:48.483 INFO [http-nio-8080-exec-39] org.apache.catalina.core.ApplicationContext.log HTMLManager: list: Listing contexts for virtual host 'localhost'
13-May-2025 12:09:50.117 INFO [http-nio-8080-exec-48] org.apache.catalina.core.ApplicationContext.log HTMLManager: undeploy: Undeploying web application at '/FinalProject'
13-May-2025 12:09:50.175 INFO [http-nio-8080-exec-48] org.apache.catalina.core.ApplicationContext.log HTMLManager: list: Listing contexts for virtual host 'localhost'
13-May-2025 12:10:04.101 INFO [http-nio-8080-exec-41] org.apache.catalina.core.ApplicationContext.log HTMLManager: list: Listing contexts for virtual host 'localhost'
